<?xml version="1.0" encoding="UTF-8"?>
<testsuite xmlns:xsi="http://www.w3.org/2001/XMLSchema-instance" xsi:noNamespaceSchemaLocation="https://maven.apache.org/surefire/maven-surefire-plugin/xsd/surefire-test-report-3.0.xsd" version="3.0" name="com.alkemy.ong.controller.OrgControllerTest" time="1.555" tests="6" errors="0" skipped="0" failures="0">
  <properties>
    <property name="java.specification.version" value="18"/>
    <property name="sun.cpu.isalist" value="amd64"/>
    <property name="sun.jnu.encoding" value="Cp1252"/>
    <property name="java.class.path" value="C:\Users\Juan Pablo\Desktop\Alkemy\Proyecto\OT249-Server\target\test-classes;C:\Users\Juan Pablo\Desktop\Alkemy\Proyecto\OT249-Server\target\classes;C:\Users\Juan Pablo\.m2\repository\org\springframework\boot\spring-boot-starter-data-jpa\2.5.1\spring-boot-starter-data-jpa-2.5.1.jar;C:\Users\Juan Pablo\.m2\repository\org\springframework\boot\spring-boot-starter-aop\2.5.1\spring-boot-starter-aop-2.5.1.jar;C:\Users\Juan Pablo\.m2\repository\org\aspectj\aspectjweaver\1.9.6\aspectjweaver-1.9.6.jar;C:\Users\Juan Pablo\.m2\repository\org\springframework\boot\spring-boot-starter-jdbc\2.5.1\spring-boot-starter-jdbc-2.5.1.jar;C:\Users\Juan Pablo\.m2\repository\com\zaxxer\HikariCP\4.0.3\HikariCP-4.0.3.jar;C:\Users\Juan Pablo\.m2\repository\org\springframework\spring-jdbc\5.3.8\spring-jdbc-5.3.8.jar;C:\Users\Juan Pablo\.m2\repository\jakarta\transaction\jakarta.transaction-api\1.3.3\jakarta.transaction-api-1.3.3.jar;C:\Users\Juan Pablo\.m2\repository\jakarta\persistence\jakarta.persistence-api\2.2.3\jakarta.persistence-api-2.2.3.jar;C:\Users\Juan Pablo\.m2\repository\org\hibernate\hibernate-core\5.4.32.Final\hibernate-core-5.4.32.Final.jar;C:\Users\Juan Pablo\.m2\repository\org\jboss\logging\jboss-logging\3.4.2.Final\jboss-logging-3.4.2.Final.jar;C:\Users\Juan Pablo\.m2\repository\org\javassist\javassist\3.27.0-GA\javassist-3.27.0-GA.jar;C:\Users\Juan Pablo\.m2\repository\net\bytebuddy\byte-buddy\1.10.22\byte-buddy-1.10.22.jar;C:\Users\Juan Pablo\.m2\repository\antlr\antlr\2.7.7\antlr-2.7.7.jar;C:\Users\Juan Pablo\.m2\repository\org\jboss\jandex\2.2.3.Final\jandex-2.2.3.Final.jar;C:\Users\Juan Pablo\.m2\repository\com\fasterxml\classmate\1.5.1\classmate-1.5.1.jar;C:\Users\Juan Pablo\.m2\repository\org\dom4j\dom4j\2.1.3\dom4j-2.1.3.jar;C:\Users\Juan Pablo\.m2\repository\org\hibernate\common\hibernate-commons-annotations\5.1.2.Final\hibernate-commons-annotations-5.1.2.Final.jar;C:\Users\Juan Pablo\.m2\repository\org\glassfish\jaxb\jaxb-runtime\2.3.4\jaxb-runtime-2.3.4.jar;C:\Users\Juan Pablo\.m2\repository\org\glassfish\jaxb\txw2\2.3.4\txw2-2.3.4.jar;C:\Users\Juan Pablo\.m2\repository\com\sun\istack\istack-commons-runtime\3.0.12\istack-commons-runtime-3.0.12.jar;C:\Users\Juan Pablo\.m2\repository\com\sun\activation\jakarta.activation\1.2.2\jakarta.activation-1.2.2.jar;C:\Users\Juan Pablo\.m2\repository\org\springframework\data\spring-data-jpa\2.5.1\spring-data-jpa-2.5.1.jar;C:\Users\Juan Pablo\.m2\repository\org\springframework\data\spring-data-commons\2.5.1\spring-data-commons-2.5.1.jar;C:\Users\Juan Pablo\.m2\repository\org\springframework\spring-orm\5.3.8\spring-orm-5.3.8.jar;C:\Users\Juan Pablo\.m2\repository\org\springframework\spring-context\5.3.8\spring-context-5.3.8.jar;C:\Users\Juan Pablo\.m2\repository\org\springframework\spring-tx\5.3.8\spring-tx-5.3.8.jar;C:\Users\Juan Pablo\.m2\repository\org\springframework\spring-beans\5.3.8\spring-beans-5.3.8.jar;C:\Users\Juan Pablo\.m2\repository\org\slf4j\slf4j-api\1.7.30\slf4j-api-1.7.30.jar;C:\Users\Juan Pablo\.m2\repository\org\springframework\spring-aspects\5.3.8\spring-aspects-5.3.8.jar;C:\Users\Juan Pablo\.m2\repository\org\springframework\boot\spring-boot-starter-security\2.5.1\spring-boot-starter-security-2.5.1.jar;C:\Users\Juan Pablo\.m2\repository\org\springframework\boot\spring-boot-starter\2.5.1\spring-boot-starter-2.5.1.jar;C:\Users\Juan Pablo\.m2\repository\org\springframework\boot\spring-boot\2.5.1\spring-boot-2.5.1.jar;C:\Users\Juan Pablo\.m2\repository\org\springframework\boot\spring-boot-autoconfigure\2.5.1\spring-boot-autoconfigure-2.5.1.jar;C:\Users\Juan Pablo\.m2\repository\org\springframework\boot\spring-boot-starter-logging\2.5.1\spring-boot-starter-logging-2.5.1.jar;C:\Users\Juan Pablo\.m2\repository\ch\qos\logback\logback-classic\1.2.3\logback-classic-1.2.3.jar;C:\Users\Juan Pablo\.m2\repository\ch\qos\logback\logback-core\1.2.3\logback-core-1.2.3.jar;C:\Users\Juan Pablo\.m2\repository\org\apache\logging\log4j\log4j-to-slf4j\2.14.1\log4j-to-slf4j-2.14.1.jar;C:\Users\Juan Pablo\.m2\repository\org\apache\logging\log4j\log4j-api\2.14.1\log4j-api-2.14.1.jar;C:\Users\Juan Pablo\.m2\repository\org\slf4j\jul-to-slf4j\1.7.30\jul-to-slf4j-1.7.30.jar;C:\Users\Juan Pablo\.m2\repository\jakarta\annotation\jakarta.annotation-api\1.3.5\jakarta.annotation-api-1.3.5.jar;C:\Users\Juan Pablo\.m2\repository\org\yaml\snakeyaml\1.28\snakeyaml-1.28.jar;C:\Users\Juan Pablo\.m2\repository\org\springframework\spring-aop\5.3.8\spring-aop-5.3.8.jar;C:\Users\Juan Pablo\.m2\repository\org\springframework\security\spring-security-config\5.5.0\spring-security-config-5.5.0.jar;C:\Users\Juan Pablo\.m2\repository\org\springframework\security\spring-security-web\5.5.0\spring-security-web-5.5.0.jar;C:\Users\Juan Pablo\.m2\repository\org\springframework\spring-expression\5.3.8\spring-expression-5.3.8.jar;C:\Users\Juan Pablo\.m2\repository\org\springframework\boot\spring-boot-starter-web\2.5.1\spring-boot-starter-web-2.5.1.jar;C:\Users\Juan Pablo\.m2\repository\org\springframework\boot\spring-boot-starter-json\2.5.1\spring-boot-starter-json-2.5.1.jar;C:\Users\Juan Pablo\.m2\repository\com\fasterxml\jackson\datatype\jackson-datatype-jdk8\2.12.3\jackson-datatype-jdk8-2.12.3.jar;C:\Users\Juan Pablo\.m2\repository\com\fasterxml\jackson\datatype\jackson-datatype-jsr310\2.12.3\jackson-datatype-jsr310-2.12.3.jar;C:\Users\Juan Pablo\.m2\repository\com\fasterxml\jackson\module\jackson-module-parameter-names\2.12.3\jackson-module-parameter-names-2.12.3.jar;C:\Users\Juan Pablo\.m2\repository\org\springframework\boot\spring-boot-starter-tomcat\2.5.1\spring-boot-starter-tomcat-2.5.1.jar;C:\Users\Juan Pablo\.m2\repository\org\apache\tomcat\embed\tomcat-embed-core\9.0.46\tomcat-embed-core-9.0.46.jar;C:\Users\Juan Pablo\.m2\repository\org\apache\tomcat\embed\tomcat-embed-websocket\9.0.46\tomcat-embed-websocket-9.0.46.jar;C:\Users\Juan Pablo\.m2\repository\org\springframework\spring-web\5.3.8\spring-web-5.3.8.jar;C:\Users\Juan Pablo\.m2\repository\org\springframework\spring-webmvc\5.3.8\spring-webmvc-5.3.8.jar;C:\Users\Juan Pablo\.m2\repository\org\springframework\session\spring-session-core\2.5.0\spring-session-core-2.5.0.jar;C:\Users\Juan Pablo\.m2\repository\org\springframework\spring-jcl\5.3.8\spring-jcl-5.3.8.jar;C:\Users\Juan Pablo\.m2\repository\mysql\mysql-connector-java\8.0.25\mysql-connector-java-8.0.25.jar;C:\Users\Juan Pablo\.m2\repository\org\projectlombok\lombok\1.18.20\lombok-1.18.20.jar;C:\Users\Juan Pablo\.m2\repository\org\springframework\boot\spring-boot-starter-test\2.5.1\spring-boot-starter-test-2.5.1.jar;C:\Users\Juan Pablo\.m2\repository\org\springframework\boot\spring-boot-test\2.5.1\spring-boot-test-2.5.1.jar;C:\Users\Juan Pablo\.m2\repository\org\springframework\boot\spring-boot-test-autoconfigure\2.5.1\spring-boot-test-autoconfigure-2.5.1.jar;C:\Users\Juan Pablo\.m2\repository\com\jayway\jsonpath\json-path\2.5.0\json-path-2.5.0.jar;C:\Users\Juan Pablo\.m2\repository\net\minidev\json-smart\2.4.7\json-smart-2.4.7.jar;C:\Users\Juan Pablo\.m2\repository\net\minidev\accessors-smart\2.4.7\accessors-smart-2.4.7.jar;C:\Users\Juan Pablo\.m2\repository\org\ow2\asm\asm\9.1\asm-9.1.jar;C:\Users\Juan Pablo\.m2\repository\jakarta\xml\bind\jakarta.xml.bind-api\2.3.3\jakarta.xml.bind-api-2.3.3.jar;C:\Users\Juan Pablo\.m2\repository\jakarta\activation\jakarta.activation-api\1.2.2\jakarta.activation-api-1.2.2.jar;C:\Users\Juan Pablo\.m2\repository\org\assertj\assertj-core\3.19.0\assertj-core-3.19.0.jar;C:\Users\Juan Pablo\.m2\repository\org\hamcrest\hamcrest\2.2\hamcrest-2.2.jar;C:\Users\Juan Pablo\.m2\repository\org\junit\jupiter\junit-jupiter\5.7.2\junit-jupiter-5.7.2.jar;C:\Users\Juan Pablo\.m2\repository\org\junit\jupiter\junit-jupiter-api\5.7.2\junit-jupiter-api-5.7.2.jar;C:\Users\Juan Pablo\.m2\repository\org\apiguardian\apiguardian-api\1.1.0\apiguardian-api-1.1.0.jar;C:\Users\Juan Pablo\.m2\repository\org\opentest4j\opentest4j\1.2.0\opentest4j-1.2.0.jar;C:\Users\Juan Pablo\.m2\repository\org\junit\platform\junit-platform-commons\1.7.2\junit-platform-commons-1.7.2.jar;C:\Users\Juan Pablo\.m2\repository\org\junit\jupiter\junit-jupiter-params\5.7.2\junit-jupiter-params-5.7.2.jar;C:\Users\Juan Pablo\.m2\repository\org\junit\jupiter\junit-jupiter-engine\5.7.2\junit-jupiter-engine-5.7.2.jar;C:\Users\Juan Pablo\.m2\repository\org\junit\platform\junit-platform-engine\1.7.2\junit-platform-engine-1.7.2.jar;C:\Users\Juan Pablo\.m2\repository\org\mockito\mockito-core\3.9.0\mockito-core-3.9.0.jar;C:\Users\Juan Pablo\.m2\repository\net\bytebuddy\byte-buddy-agent\1.10.22\byte-buddy-agent-1.10.22.jar;C:\Users\Juan Pablo\.m2\repository\org\objenesis\objenesis\3.2\objenesis-3.2.jar;C:\Users\Juan Pablo\.m2\repository\org\mockito\mockito-junit-jupiter\3.9.0\mockito-junit-jupiter-3.9.0.jar;C:\Users\Juan Pablo\.m2\repository\org\skyscreamer\jsonassert\1.5.0\jsonassert-1.5.0.jar;C:\Users\Juan Pablo\.m2\repository\com\vaadin\external\google\android-json\0.0.20131108.vaadin1\android-json-0.0.20131108.vaadin1.jar;C:\Users\Juan Pablo\.m2\repository\org\springframework\spring-core\5.3.8\spring-core-5.3.8.jar;C:\Users\Juan Pablo\.m2\repository\org\springframework\spring-test\5.3.8\spring-test-5.3.8.jar;C:\Users\Juan Pablo\.m2\repository\org\xmlunit\xmlunit-core\2.8.2\xmlunit-core-2.8.2.jar;C:\Users\Juan Pablo\.m2\repository\org\springframework\security\spring-security-test\5.5.0\spring-security-test-5.5.0.jar;C:\Users\Juan Pablo\.m2\repository\org\springframework\security\spring-security-core\5.5.0\spring-security-core-5.5.0.jar;C:\Users\Juan Pablo\.m2\repository\org\springframework\security\spring-security-crypto\5.5.0\spring-security-crypto-5.5.0.jar;C:\Users\Juan Pablo\.m2\repository\org\springframework\boot\spring-boot-starter-validation\2.5.1\spring-boot-starter-validation-2.5.1.jar;C:\Users\Juan Pablo\.m2\repository\org\apache\tomcat\embed\tomcat-embed-el\9.0.46\tomcat-embed-el-9.0.46.jar;C:\Users\Juan Pablo\.m2\repository\org\hibernate\validator\hibernate-validator\6.2.0.Final\hibernate-validator-6.2.0.Final.jar;C:\Users\Juan Pablo\.m2\repository\jakarta\validation\jakarta.validation-api\2.0.2\jakarta.validation-api-2.0.2.jar;C:\Users\Juan Pablo\.m2\repository\com\sendgrid\sendgrid-java\4.9.3\sendgrid-java-4.9.3.jar;C:\Users\Juan Pablo\.m2\repository\com\sendgrid\java-http-client\4.5.0\java-http-client-4.5.0.jar;C:\Users\Juan Pablo\.m2\repository\org\apache\httpcomponents\httpcore\4.4.14\httpcore-4.4.14.jar;C:\Users\Juan Pablo\.m2\repository\org\apache\httpcomponents\httpclient\4.5.13\httpclient-4.5.13.jar;C:\Users\Juan Pablo\.m2\repository\com\fasterxml\jackson\core\jackson-core\2.12.3\jackson-core-2.12.3.jar;C:\Users\Juan Pablo\.m2\repository\com\fasterxml\jackson\core\jackson-annotations\2.12.3\jackson-annotations-2.12.3.jar;C:\Users\Juan Pablo\.m2\repository\com\fasterxml\jackson\core\jackson-databind\2.12.3\jackson-databind-2.12.3.jar;C:\Users\Juan Pablo\.m2\repository\org\bouncycastle\bcprov-jdk15on\1.70\bcprov-jdk15on-1.70.jar;C:\Users\Juan Pablo\.m2\repository\org\modelmapper\modelmapper\3.1.0\modelmapper-3.1.0.jar;C:\Users\Juan Pablo\.m2\repository\org\modelmapper\extensions\modelmapper-spring\3.1.0\modelmapper-spring-3.1.0.jar;C:\Users\Juan Pablo\.m2\repository\com\h2database\h2\2.1.214\h2-2.1.214.jar;C:\Users\Juan Pablo\.m2\repository\com\amazonaws\aws-java-sdk-s3\1.12.1\aws-java-sdk-s3-1.12.1.jar;C:\Users\Juan Pablo\.m2\repository\com\amazonaws\aws-java-sdk-kms\1.12.1\aws-java-sdk-kms-1.12.1.jar;C:\Users\Juan Pablo\.m2\repository\com\amazonaws\aws-java-sdk-core\1.12.1\aws-java-sdk-core-1.12.1.jar;C:\Users\Juan Pablo\.m2\repository\commons-logging\commons-logging\1.1.3\commons-logging-1.1.3.jar;C:\Users\Juan Pablo\.m2\repository\commons-codec\commons-codec\1.15\commons-codec-1.15.jar;C:\Users\Juan Pablo\.m2\repository\software\amazon\ion\ion-java\1.0.2\ion-java-1.0.2.jar;C:\Users\Juan Pablo\.m2\repository\com\fasterxml\jackson\dataformat\jackson-dataformat-cbor\2.12.3\jackson-dataformat-cbor-2.12.3.jar;C:\Users\Juan Pablo\.m2\repository\joda-time\joda-time\2.8.1\joda-time-2.8.1.jar;C:\Users\Juan Pablo\.m2\repository\com\amazonaws\jmespath-java\1.12.1\jmespath-java-1.12.1.jar;C:\Users\Juan Pablo\.m2\repository\io\jsonwebtoken\jjwt\0.9.1\jjwt-0.9.1.jar;C:\Users\Juan Pablo\.m2\repository\org\springdoc\springdoc-openapi-ui\1.6.9\springdoc-openapi-ui-1.6.9.jar;C:\Users\Juan Pablo\.m2\repository\org\springdoc\springdoc-openapi-webmvc-core\1.6.9\springdoc-openapi-webmvc-core-1.6.9.jar;C:\Users\Juan Pablo\.m2\repository\org\springdoc\springdoc-openapi-common\1.6.9\springdoc-openapi-common-1.6.9.jar;C:\Users\Juan Pablo\.m2\repository\io\swagger\core\v3\swagger-core\2.2.0\swagger-core-2.2.0.jar;C:\Users\Juan Pablo\.m2\repository\org\apache\commons\commons-lang3\3.12.0\commons-lang3-3.12.0.jar;C:\Users\Juan Pablo\.m2\repository\com\fasterxml\jackson\dataformat\jackson-dataformat-yaml\2.12.3\jackson-dataformat-yaml-2.12.3.jar;C:\Users\Juan Pablo\.m2\repository\io\swagger\core\v3\swagger-annotations\2.2.0\swagger-annotations-2.2.0.jar;C:\Users\Juan Pablo\.m2\repository\io\swagger\core\v3\swagger-models\2.2.0\swagger-models-2.2.0.jar;C:\Users\Juan Pablo\.m2\repository\org\webjars\swagger-ui\4.11.1\swagger-ui-4.11.1.jar;C:\Users\Juan Pablo\.m2\repository\org\webjars\webjars-locator-core\0.46\webjars-locator-core-0.46.jar;C:\Users\Juan Pablo\.m2\repository\io\github\classgraph\classgraph\4.8.147\classgraph-4.8.147.jar;C:\Users\Juan Pablo\.m2\repository\org\springdoc\springdoc-openapi-data-rest\1.6.9\springdoc-openapi-data-rest-1.6.9.jar;C:\Users\Juan Pablo\.m2\repository\org\springdoc\springdoc-openapi-hateoas\1.6.9\springdoc-openapi-hateoas-1.6.9.jar;C:\Users\Juan Pablo\.m2\repository\org\springframework\hateoas\spring-hateoas\1.3.1\spring-hateoas-1.3.1.jar;C:\Users\Juan Pablo\.m2\repository\org\springframework\data\spring-data-rest-core\3.5.1\spring-data-rest-core-3.5.1.jar;C:\Users\Juan Pablo\.m2\repository\org\springframework\plugin\spring-plugin-core\2.0.0.RELEASE\spring-plugin-core-2.0.0.RELEASE.jar;C:\Users\Juan Pablo\.m2\repository\org\atteo\evo-inflector\1.2.2\evo-inflector-1.2.2.jar;C:\Users\Juan Pablo\.m2\repository\io\netty\netty-codec-http\4.1.79.Final\netty-codec-http-4.1.79.Final.jar;C:\Users\Juan Pablo\.m2\repository\io\netty\netty-common\4.1.65.Final\netty-common-4.1.65.Final.jar;C:\Users\Juan Pablo\.m2\repository\io\netty\netty-buffer\4.1.65.Final\netty-buffer-4.1.65.Final.jar;C:\Users\Juan Pablo\.m2\repository\io\netty\netty-transport\4.1.65.Final\netty-transport-4.1.65.Final.jar;C:\Users\Juan Pablo\.m2\repository\io\netty\netty-resolver\4.1.65.Final\netty-resolver-4.1.65.Final.jar;C:\Users\Juan Pablo\.m2\repository\io\netty\netty-codec\4.1.65.Final\netty-codec-4.1.65.Final.jar;C:\Users\Juan Pablo\.m2\repository\io\netty\netty-handler\4.1.65.Final\netty-handler-4.1.65.Final.jar;"/>
    <property name="java.vm.vendor" value="Oracle Corporation"/>
    <property name="sun.arch.data.model" value="64"/>
    <property name="user.variant" value=""/>
    <property name="java.vendor.url" value="https://java.oracle.com/"/>
    <property name="user.timezone" value="America/Buenos_Aires"/>
    <property name="os.name" value="Windows 10"/>
    <property name="java.vm.specification.version" value="18"/>
    <property name="sun.java.launcher" value="SUN_STANDARD"/>
    <property name="user.country" value="AR"/>
    <property name="sun.boot.library.path" value="C:\Users\Juan Pablo\.jdks\openjdk-18.0.1.1\bin"/>
    <property name="sun.java.command" value="C:\Users\Juan Pablo\AppData\Local\Temp\surefire15365324931328964692\surefirebooter-20220823151655814_3.jar C:\Users\Juan Pablo\AppData\Local\Temp\surefire15365324931328964692 2022-08-23T15-16-54_612-jvmRun1 surefire-20220823151655814_1tmp surefire_0-20220823151655814_2tmp"/>
    <property name="jdk.debug" value="release"/>
    <property name="surefire.test.class.path" value="C:\Users\Juan Pablo\Desktop\Alkemy\Proyecto\OT249-Server\target\test-classes;C:\Users\Juan Pablo\Desktop\Alkemy\Proyecto\OT249-Server\target\classes;C:\Users\Juan Pablo\.m2\repository\org\springframework\boot\spring-boot-starter-data-jpa\2.5.1\spring-boot-starter-data-jpa-2.5.1.jar;C:\Users\Juan Pablo\.m2\repository\org\springframework\boot\spring-boot-starter-aop\2.5.1\spring-boot-starter-aop-2.5.1.jar;C:\Users\Juan Pablo\.m2\repository\org\aspectj\aspectjweaver\1.9.6\aspectjweaver-1.9.6.jar;C:\Users\Juan Pablo\.m2\repository\org\springframework\boot\spring-boot-starter-jdbc\2.5.1\spring-boot-starter-jdbc-2.5.1.jar;C:\Users\Juan Pablo\.m2\repository\com\zaxxer\HikariCP\4.0.3\HikariCP-4.0.3.jar;C:\Users\Juan Pablo\.m2\repository\org\springframework\spring-jdbc\5.3.8\spring-jdbc-5.3.8.jar;C:\Users\Juan Pablo\.m2\repository\jakarta\transaction\jakarta.transaction-api\1.3.3\jakarta.transaction-api-1.3.3.jar;C:\Users\Juan Pablo\.m2\repository\jakarta\persistence\jakarta.persistence-api\2.2.3\jakarta.persistence-api-2.2.3.jar;C:\Users\Juan Pablo\.m2\repository\org\hibernate\hibernate-core\5.4.32.Final\hibernate-core-5.4.32.Final.jar;C:\Users\Juan Pablo\.m2\repository\org\jboss\logging\jboss-logging\3.4.2.Final\jboss-logging-3.4.2.Final.jar;C:\Users\Juan Pablo\.m2\repository\org\javassist\javassist\3.27.0-GA\javassist-3.27.0-GA.jar;C:\Users\Juan Pablo\.m2\repository\net\bytebuddy\byte-buddy\1.10.22\byte-buddy-1.10.22.jar;C:\Users\Juan Pablo\.m2\repository\antlr\antlr\2.7.7\antlr-2.7.7.jar;C:\Users\Juan Pablo\.m2\repository\org\jboss\jandex\2.2.3.Final\jandex-2.2.3.Final.jar;C:\Users\Juan Pablo\.m2\repository\com\fasterxml\classmate\1.5.1\classmate-1.5.1.jar;C:\Users\Juan Pablo\.m2\repository\org\dom4j\dom4j\2.1.3\dom4j-2.1.3.jar;C:\Users\Juan Pablo\.m2\repository\org\hibernate\common\hibernate-commons-annotations\5.1.2.Final\hibernate-commons-annotations-5.1.2.Final.jar;C:\Users\Juan Pablo\.m2\repository\org\glassfish\jaxb\jaxb-runtime\2.3.4\jaxb-runtime-2.3.4.jar;C:\Users\Juan Pablo\.m2\repository\org\glassfish\jaxb\txw2\2.3.4\txw2-2.3.4.jar;C:\Users\Juan Pablo\.m2\repository\com\sun\istack\istack-commons-runtime\3.0.12\istack-commons-runtime-3.0.12.jar;C:\Users\Juan Pablo\.m2\repository\com\sun\activation\jakarta.activation\1.2.2\jakarta.activation-1.2.2.jar;C:\Users\Juan Pablo\.m2\repository\org\springframework\data\spring-data-jpa\2.5.1\spring-data-jpa-2.5.1.jar;C:\Users\Juan Pablo\.m2\repository\org\springframework\data\spring-data-commons\2.5.1\spring-data-commons-2.5.1.jar;C:\Users\Juan Pablo\.m2\repository\org\springframework\spring-orm\5.3.8\spring-orm-5.3.8.jar;C:\Users\Juan Pablo\.m2\repository\org\springframework\spring-context\5.3.8\spring-context-5.3.8.jar;C:\Users\Juan Pablo\.m2\repository\org\springframework\spring-tx\5.3.8\spring-tx-5.3.8.jar;C:\Users\Juan Pablo\.m2\repository\org\springframework\spring-beans\5.3.8\spring-beans-5.3.8.jar;C:\Users\Juan Pablo\.m2\repository\org\slf4j\slf4j-api\1.7.30\slf4j-api-1.7.30.jar;C:\Users\Juan Pablo\.m2\repository\org\springframework\spring-aspects\5.3.8\spring-aspects-5.3.8.jar;C:\Users\Juan Pablo\.m2\repository\org\springframework\boot\spring-boot-starter-security\2.5.1\spring-boot-starter-security-2.5.1.jar;C:\Users\Juan Pablo\.m2\repository\org\springframework\boot\spring-boot-starter\2.5.1\spring-boot-starter-2.5.1.jar;C:\Users\Juan Pablo\.m2\repository\org\springframework\boot\spring-boot\2.5.1\spring-boot-2.5.1.jar;C:\Users\Juan Pablo\.m2\repository\org\springframework\boot\spring-boot-autoconfigure\2.5.1\spring-boot-autoconfigure-2.5.1.jar;C:\Users\Juan Pablo\.m2\repository\org\springframework\boot\spring-boot-starter-logging\2.5.1\spring-boot-starter-logging-2.5.1.jar;C:\Users\Juan Pablo\.m2\repository\ch\qos\logback\logback-classic\1.2.3\logback-classic-1.2.3.jar;C:\Users\Juan Pablo\.m2\repository\ch\qos\logback\logback-core\1.2.3\logback-core-1.2.3.jar;C:\Users\Juan Pablo\.m2\repository\org\apache\logging\log4j\log4j-to-slf4j\2.14.1\log4j-to-slf4j-2.14.1.jar;C:\Users\Juan Pablo\.m2\repository\org\apache\logging\log4j\log4j-api\2.14.1\log4j-api-2.14.1.jar;C:\Users\Juan Pablo\.m2\repository\org\slf4j\jul-to-slf4j\1.7.30\jul-to-slf4j-1.7.30.jar;C:\Users\Juan Pablo\.m2\repository\jakarta\annotation\jakarta.annotation-api\1.3.5\jakarta.annotation-api-1.3.5.jar;C:\Users\Juan Pablo\.m2\repository\org\yaml\snakeyaml\1.28\snakeyaml-1.28.jar;C:\Users\Juan Pablo\.m2\repository\org\springframework\spring-aop\5.3.8\spring-aop-5.3.8.jar;C:\Users\Juan Pablo\.m2\repository\org\springframework\security\spring-security-config\5.5.0\spring-security-config-5.5.0.jar;C:\Users\Juan Pablo\.m2\repository\org\springframework\security\spring-security-web\5.5.0\spring-security-web-5.5.0.jar;C:\Users\Juan Pablo\.m2\repository\org\springframework\spring-expression\5.3.8\spring-expression-5.3.8.jar;C:\Users\Juan Pablo\.m2\repository\org\springframework\boot\spring-boot-starter-web\2.5.1\spring-boot-starter-web-2.5.1.jar;C:\Users\Juan Pablo\.m2\repository\org\springframework\boot\spring-boot-starter-json\2.5.1\spring-boot-starter-json-2.5.1.jar;C:\Users\Juan Pablo\.m2\repository\com\fasterxml\jackson\datatype\jackson-datatype-jdk8\2.12.3\jackson-datatype-jdk8-2.12.3.jar;C:\Users\Juan Pablo\.m2\repository\com\fasterxml\jackson\datatype\jackson-datatype-jsr310\2.12.3\jackson-datatype-jsr310-2.12.3.jar;C:\Users\Juan Pablo\.m2\repository\com\fasterxml\jackson\module\jackson-module-parameter-names\2.12.3\jackson-module-parameter-names-2.12.3.jar;C:\Users\Juan Pablo\.m2\repository\org\springframework\boot\spring-boot-starter-tomcat\2.5.1\spring-boot-starter-tomcat-2.5.1.jar;C:\Users\Juan Pablo\.m2\repository\org\apache\tomcat\embed\tomcat-embed-core\9.0.46\tomcat-embed-core-9.0.46.jar;C:\Users\Juan Pablo\.m2\repository\org\apache\tomcat\embed\tomcat-embed-websocket\9.0.46\tomcat-embed-websocket-9.0.46.jar;C:\Users\Juan Pablo\.m2\repository\org\springframework\spring-web\5.3.8\spring-web-5.3.8.jar;C:\Users\Juan Pablo\.m2\repository\org\springframework\spring-webmvc\5.3.8\spring-webmvc-5.3.8.jar;C:\Users\Juan Pablo\.m2\repository\org\springframework\session\spring-session-core\2.5.0\spring-session-core-2.5.0.jar;C:\Users\Juan Pablo\.m2\repository\org\springframework\spring-jcl\5.3.8\spring-jcl-5.3.8.jar;C:\Users\Juan Pablo\.m2\repository\mysql\mysql-connector-java\8.0.25\mysql-connector-java-8.0.25.jar;C:\Users\Juan Pablo\.m2\repository\org\projectlombok\lombok\1.18.20\lombok-1.18.20.jar;C:\Users\Juan Pablo\.m2\repository\org\springframework\boot\spring-boot-starter-test\2.5.1\spring-boot-starter-test-2.5.1.jar;C:\Users\Juan Pablo\.m2\repository\org\springframework\boot\spring-boot-test\2.5.1\spring-boot-test-2.5.1.jar;C:\Users\Juan Pablo\.m2\repository\org\springframework\boot\spring-boot-test-autoconfigure\2.5.1\spring-boot-test-autoconfigure-2.5.1.jar;C:\Users\Juan Pablo\.m2\repository\com\jayway\jsonpath\json-path\2.5.0\json-path-2.5.0.jar;C:\Users\Juan Pablo\.m2\repository\net\minidev\json-smart\2.4.7\json-smart-2.4.7.jar;C:\Users\Juan Pablo\.m2\repository\net\minidev\accessors-smart\2.4.7\accessors-smart-2.4.7.jar;C:\Users\Juan Pablo\.m2\repository\org\ow2\asm\asm\9.1\asm-9.1.jar;C:\Users\Juan Pablo\.m2\repository\jakarta\xml\bind\jakarta.xml.bind-api\2.3.3\jakarta.xml.bind-api-2.3.3.jar;C:\Users\Juan Pablo\.m2\repository\jakarta\activation\jakarta.activation-api\1.2.2\jakarta.activation-api-1.2.2.jar;C:\Users\Juan Pablo\.m2\repository\org\assertj\assertj-core\3.19.0\assertj-core-3.19.0.jar;C:\Users\Juan Pablo\.m2\repository\org\hamcrest\hamcrest\2.2\hamcrest-2.2.jar;C:\Users\Juan Pablo\.m2\repository\org\junit\jupiter\junit-jupiter\5.7.2\junit-jupiter-5.7.2.jar;C:\Users\Juan Pablo\.m2\repository\org\junit\jupiter\junit-jupiter-api\5.7.2\junit-jupiter-api-5.7.2.jar;C:\Users\Juan Pablo\.m2\repository\org\apiguardian\apiguardian-api\1.1.0\apiguardian-api-1.1.0.jar;C:\Users\Juan Pablo\.m2\repository\org\opentest4j\opentest4j\1.2.0\opentest4j-1.2.0.jar;C:\Users\Juan Pablo\.m2\repository\org\junit\platform\junit-platform-commons\1.7.2\junit-platform-commons-1.7.2.jar;C:\Users\Juan Pablo\.m2\repository\org\junit\jupiter\junit-jupiter-params\5.7.2\junit-jupiter-params-5.7.2.jar;C:\Users\Juan Pablo\.m2\repository\org\junit\jupiter\junit-jupiter-engine\5.7.2\junit-jupiter-engine-5.7.2.jar;C:\Users\Juan Pablo\.m2\repository\org\junit\platform\junit-platform-engine\1.7.2\junit-platform-engine-1.7.2.jar;C:\Users\Juan Pablo\.m2\repository\org\mockito\mockito-core\3.9.0\mockito-core-3.9.0.jar;C:\Users\Juan Pablo\.m2\repository\net\bytebuddy\byte-buddy-agent\1.10.22\byte-buddy-agent-1.10.22.jar;C:\Users\Juan Pablo\.m2\repository\org\objenesis\objenesis\3.2\objenesis-3.2.jar;C:\Users\Juan Pablo\.m2\repository\org\mockito\mockito-junit-jupiter\3.9.0\mockito-junit-jupiter-3.9.0.jar;C:\Users\Juan Pablo\.m2\repository\org\skyscreamer\jsonassert\1.5.0\jsonassert-1.5.0.jar;C:\Users\Juan Pablo\.m2\repository\com\vaadin\external\google\android-json\0.0.20131108.vaadin1\android-json-0.0.20131108.vaadin1.jar;C:\Users\Juan Pablo\.m2\repository\org\springframework\spring-core\5.3.8\spring-core-5.3.8.jar;C:\Users\Juan Pablo\.m2\repository\org\springframework\spring-test\5.3.8\spring-test-5.3.8.jar;C:\Users\Juan Pablo\.m2\repository\org\xmlunit\xmlunit-core\2.8.2\xmlunit-core-2.8.2.jar;C:\Users\Juan Pablo\.m2\repository\org\springframework\security\spring-security-test\5.5.0\spring-security-test-5.5.0.jar;C:\Users\Juan Pablo\.m2\repository\org\springframework\security\spring-security-core\5.5.0\spring-security-core-5.5.0.jar;C:\Users\Juan Pablo\.m2\repository\org\springframework\security\spring-security-crypto\5.5.0\spring-security-crypto-5.5.0.jar;C:\Users\Juan Pablo\.m2\repository\org\springframework\boot\spring-boot-starter-validation\2.5.1\spring-boot-starter-validation-2.5.1.jar;C:\Users\Juan Pablo\.m2\repository\org\apache\tomcat\embed\tomcat-embed-el\9.0.46\tomcat-embed-el-9.0.46.jar;C:\Users\Juan Pablo\.m2\repository\org\hibernate\validator\hibernate-validator\6.2.0.Final\hibernate-validator-6.2.0.Final.jar;C:\Users\Juan Pablo\.m2\repository\jakarta\validation\jakarta.validation-api\2.0.2\jakarta.validation-api-2.0.2.jar;C:\Users\Juan Pablo\.m2\repository\com\sendgrid\sendgrid-java\4.9.3\sendgrid-java-4.9.3.jar;C:\Users\Juan Pablo\.m2\repository\com\sendgrid\java-http-client\4.5.0\java-http-client-4.5.0.jar;C:\Users\Juan Pablo\.m2\repository\org\apache\httpcomponents\httpcore\4.4.14\httpcore-4.4.14.jar;C:\Users\Juan Pablo\.m2\repository\org\apache\httpcomponents\httpclient\4.5.13\httpclient-4.5.13.jar;C:\Users\Juan Pablo\.m2\repository\com\fasterxml\jackson\core\jackson-core\2.12.3\jackson-core-2.12.3.jar;C:\Users\Juan Pablo\.m2\repository\com\fasterxml\jackson\core\jackson-annotations\2.12.3\jackson-annotations-2.12.3.jar;C:\Users\Juan Pablo\.m2\repository\com\fasterxml\jackson\core\jackson-databind\2.12.3\jackson-databind-2.12.3.jar;C:\Users\Juan Pablo\.m2\repository\org\bouncycastle\bcprov-jdk15on\1.70\bcprov-jdk15on-1.70.jar;C:\Users\Juan Pablo\.m2\repository\org\modelmapper\modelmapper\3.1.0\modelmapper-3.1.0.jar;C:\Users\Juan Pablo\.m2\repository\org\modelmapper\extensions\modelmapper-spring\3.1.0\modelmapper-spring-3.1.0.jar;C:\Users\Juan Pablo\.m2\repository\com\h2database\h2\2.1.214\h2-2.1.214.jar;C:\Users\Juan Pablo\.m2\repository\com\amazonaws\aws-java-sdk-s3\1.12.1\aws-java-sdk-s3-1.12.1.jar;C:\Users\Juan Pablo\.m2\repository\com\amazonaws\aws-java-sdk-kms\1.12.1\aws-java-sdk-kms-1.12.1.jar;C:\Users\Juan Pablo\.m2\repository\com\amazonaws\aws-java-sdk-core\1.12.1\aws-java-sdk-core-1.12.1.jar;C:\Users\Juan Pablo\.m2\repository\commons-logging\commons-logging\1.1.3\commons-logging-1.1.3.jar;C:\Users\Juan Pablo\.m2\repository\commons-codec\commons-codec\1.15\commons-codec-1.15.jar;C:\Users\Juan Pablo\.m2\repository\software\amazon\ion\ion-java\1.0.2\ion-java-1.0.2.jar;C:\Users\Juan Pablo\.m2\repository\com\fasterxml\jackson\dataformat\jackson-dataformat-cbor\2.12.3\jackson-dataformat-cbor-2.12.3.jar;C:\Users\Juan Pablo\.m2\repository\joda-time\joda-time\2.8.1\joda-time-2.8.1.jar;C:\Users\Juan Pablo\.m2\repository\com\amazonaws\jmespath-java\1.12.1\jmespath-java-1.12.1.jar;C:\Users\Juan Pablo\.m2\repository\io\jsonwebtoken\jjwt\0.9.1\jjwt-0.9.1.jar;C:\Users\Juan Pablo\.m2\repository\org\springdoc\springdoc-openapi-ui\1.6.9\springdoc-openapi-ui-1.6.9.jar;C:\Users\Juan Pablo\.m2\repository\org\springdoc\springdoc-openapi-webmvc-core\1.6.9\springdoc-openapi-webmvc-core-1.6.9.jar;C:\Users\Juan Pablo\.m2\repository\org\springdoc\springdoc-openapi-common\1.6.9\springdoc-openapi-common-1.6.9.jar;C:\Users\Juan Pablo\.m2\repository\io\swagger\core\v3\swagger-core\2.2.0\swagger-core-2.2.0.jar;C:\Users\Juan Pablo\.m2\repository\org\apache\commons\commons-lang3\3.12.0\commons-lang3-3.12.0.jar;C:\Users\Juan Pablo\.m2\repository\com\fasterxml\jackson\dataformat\jackson-dataformat-yaml\2.12.3\jackson-dataformat-yaml-2.12.3.jar;C:\Users\Juan Pablo\.m2\repository\io\swagger\core\v3\swagger-annotations\2.2.0\swagger-annotations-2.2.0.jar;C:\Users\Juan Pablo\.m2\repository\io\swagger\core\v3\swagger-models\2.2.0\swagger-models-2.2.0.jar;C:\Users\Juan Pablo\.m2\repository\org\webjars\swagger-ui\4.11.1\swagger-ui-4.11.1.jar;C:\Users\Juan Pablo\.m2\repository\org\webjars\webjars-locator-core\0.46\webjars-locator-core-0.46.jar;C:\Users\Juan Pablo\.m2\repository\io\github\classgraph\classgraph\4.8.147\classgraph-4.8.147.jar;C:\Users\Juan Pablo\.m2\repository\org\springdoc\springdoc-openapi-data-rest\1.6.9\springdoc-openapi-data-rest-1.6.9.jar;C:\Users\Juan Pablo\.m2\repository\org\springdoc\springdoc-openapi-hateoas\1.6.9\springdoc-openapi-hateoas-1.6.9.jar;C:\Users\Juan Pablo\.m2\repository\org\springframework\hateoas\spring-hateoas\1.3.1\spring-hateoas-1.3.1.jar;C:\Users\Juan Pablo\.m2\repository\org\springframework\data\spring-data-rest-core\3.5.1\spring-data-rest-core-3.5.1.jar;C:\Users\Juan Pablo\.m2\repository\org\springframework\plugin\spring-plugin-core\2.0.0.RELEASE\spring-plugin-core-2.0.0.RELEASE.jar;C:\Users\Juan Pablo\.m2\repository\org\atteo\evo-inflector\1.2.2\evo-inflector-1.2.2.jar;C:\Users\Juan Pablo\.m2\repository\io\netty\netty-codec-http\4.1.79.Final\netty-codec-http-4.1.79.Final.jar;C:\Users\Juan Pablo\.m2\repository\io\netty\netty-common\4.1.65.Final\netty-common-4.1.65.Final.jar;C:\Users\Juan Pablo\.m2\repository\io\netty\netty-buffer\4.1.65.Final\netty-buffer-4.1.65.Final.jar;C:\Users\Juan Pablo\.m2\repository\io\netty\netty-transport\4.1.65.Final\netty-transport-4.1.65.Final.jar;C:\Users\Juan Pablo\.m2\repository\io\netty\netty-resolver\4.1.65.Final\netty-resolver-4.1.65.Final.jar;C:\Users\Juan Pablo\.m2\repository\io\netty\netty-codec\4.1.65.Final\netty-codec-4.1.65.Final.jar;C:\Users\Juan Pablo\.m2\repository\io\netty\netty-handler\4.1.65.Final\netty-handler-4.1.65.Final.jar;"/>
    <property name="sun.cpu.endian" value="little"/>
    <property name="user.home" value="C:\Users\Juan Pablo"/>
    <property name="user.language" value="es"/>
    <property name="java.specification.vendor" value="Oracle Corporation"/>
    <property name="java.version.date" value="2022-04-22"/>
    <property name="java.home" value="C:\Users\Juan Pablo\.jdks\openjdk-18.0.1.1"/>
    <property name="file.separator" value="\"/>
    <property name="basedir" value="C:\Users\Juan Pablo\Desktop\Alkemy\Proyecto\OT249-Server"/>
    <property name="java.vm.compressedOopsMode" value="32-bit"/>
    <property name="line.separator" value="&#10;"/>
    <property name="java.vm.specification.vendor" value="Oracle Corporation"/>
    <property name="java.specification.name" value="Java Platform API Specification"/>
    <property name="surefire.real.class.path" value="C:\Users\Juan Pablo\AppData\Local\Temp\surefire15365324931328964692\surefirebooter-20220823151655814_3.jar"/>
    <property name="user.script" value=""/>
    <property name="sun.management.compiler" value="HotSpot 64-Bit Tiered Compilers"/>
    <property name="java.runtime.version" value="18.0.1.1+2-6"/>
    <property name="user.name" value="Juan Pablo"/>
    <property name="path.separator" value=";"/>
    <property name="os.version" value="10.0"/>
    <property name="java.runtime.name" value="OpenJDK Runtime Environment"/>
    <property name="file.encoding" value="UTF-8"/>
    <property name="java.vm.name" value="OpenJDK 64-Bit Server VM"/>
    <property name="localRepository" value="C:\Users\Juan Pablo\.m2\repository"/>
    <property name="java.vendor.url.bug" value="https://bugreport.java.com/bugreport/"/>
    <property name="java.io.tmpdir" value="C:\Users\JUANPA~1\AppData\Local\Temp\"/>
    <property name="idea.version" value="2022.1"/>
    <property name="java.version" value="18.0.1.1"/>
    <property name="user.dir" value="C:\Users\Juan Pablo\Desktop\Alkemy\Proyecto\OT249-Server"/>
    <property name="os.arch" value="amd64"/>
    <property name="java.vm.specification.name" value="Java Virtual Machine Specification"/>
    <property name="sun.os.patch.level" value=""/>
    <property name="native.encoding" value="Cp1252"/>
    <property name="java.library.path" value="C:\Users\Juan Pablo\.jdks\openjdk-18.0.1.1\bin;C:\Windows\Sun\Java\bin;C:\Windows\system32;C:\Windows;C:\Windows\system32;C:\Windows;C:\Windows\System32\Wbem;C:\Windows\System32\WindowsPowerShell\v1.0\;C:\Windows\System32\OpenSSH\;C:\Program Files\Git\cmd;C:\Users\Juan Pablo\AppData\Local\Microsoft\WindowsApps;;C:\Program Files\JetBrains\IntelliJ IDEA Community Edition 2022.1\bin;;C:\Users\Juan Pablo\AppData\Local\Programs\Microsoft VS Code\bin;."/>
    <property name="java.vm.info" value="mixed mode, sharing"/>
    <property name="java.vendor" value="Oracle Corporation"/>
    <property name="java.vm.version" value="18.0.1.1+2-6"/>
    <property name="sun.io.unicode.encoding" value="UnicodeLittle"/>
    <property name="java.class.version" value="62.0"/>
  </properties>
  <testcase name="getPublicDataConfig_whenListIsEmpty_thenReturnNotFound" classname="com.alkemy.ong.controller.OrgControllerTest" time="0.178">
    <system-out><![CDATA[15:17:27.685 [main] DEBUG org.springframework.test.context.BootstrapUtils - Instantiating CacheAwareContextLoaderDelegate from class [org.springframework.test.context.cache.DefaultCacheAwareContextLoaderDelegate]
15:17:27.685 [main] DEBUG org.springframework.test.context.BootstrapUtils - Instantiating BootstrapContext using constructor [public org.springframework.test.context.support.DefaultBootstrapContext(java.lang.Class,org.springframework.test.context.CacheAwareContextLoaderDelegate)]
15:17:27.686 [main] DEBUG org.springframework.test.context.BootstrapUtils - Instantiating TestContextBootstrapper for test class [com.alkemy.ong.controller.OrgControllerTest] from class [org.springframework.test.context.support.DefaultTestContextBootstrapper]
15:17:27.688 [main] DEBUG org.springframework.test.context.support.AbstractDelegatingSmartContextLoader - Delegating to AnnotationConfigContextLoader to process context configuration [ContextConfigurationAttributes@1de618b3 declaringClass = 'com.alkemy.ong.controller.OrgControllerTest', classes = '{class com.alkemy.ong.controller.OrgController}', locations = '{}', inheritLocations = true, initializers = '{}', inheritInitializers = true, name = [null], contextLoaderClass = 'org.springframework.test.context.ContextLoader'].
15:17:27.694 [main] DEBUG org.springframework.test.context.support.ActiveProfilesUtils - Could not find an 'annotation declaring class' for annotation type [org.springframework.test.context.ActiveProfiles] and class [com.alkemy.ong.controller.OrgControllerTest]
15:17:27.694 [main] DEBUG org.springframework.test.context.support.DefaultTestContextBootstrapper - @TestExecutionListeners is not present for class [com.alkemy.ong.controller.OrgControllerTest]: using defaults.
15:17:27.694 [main] INFO org.springframework.test.context.support.DefaultTestContextBootstrapper - Loaded default TestExecutionListener class names from location [META-INF/spring.factories]: [org.springframework.boot.test.mock.mockito.MockitoTestExecutionListener, org.springframework.boot.test.mock.mockito.ResetMocksTestExecutionListener, org.springframework.boot.test.autoconfigure.restdocs.RestDocsTestExecutionListener, org.springframework.boot.test.autoconfigure.web.client.MockRestServiceServerResetTestExecutionListener, org.springframework.boot.test.autoconfigure.web.servlet.MockMvcPrintOnlyOnFailureTestExecutionListener, org.springframework.boot.test.autoconfigure.web.servlet.WebDriverTestExecutionListener, org.springframework.boot.test.autoconfigure.webservices.client.MockWebServiceServerTestExecutionListener, org.springframework.test.context.web.ServletTestExecutionListener, org.springframework.test.context.support.DirtiesContextBeforeModesTestExecutionListener, org.springframework.test.context.event.ApplicationEventsTestExecutionListener, org.springframework.test.context.support.DependencyInjectionTestExecutionListener, org.springframework.test.context.support.DirtiesContextTestExecutionListener, org.springframework.test.context.transaction.TransactionalTestExecutionListener, org.springframework.test.context.jdbc.SqlScriptsTestExecutionListener, org.springframework.test.context.event.EventPublishingTestExecutionListener, org.springframework.security.test.context.support.WithSecurityContextTestExecutionListener, org.springframework.security.test.context.support.ReactorContextTestExecutionListener]
15:17:27.695 [main] INFO org.springframework.test.context.support.DefaultTestContextBootstrapper - Using TestExecutionListeners: [org.springframework.test.context.web.ServletTestExecutionListener@1396ee3b, org.springframework.test.context.support.DirtiesContextBeforeModesTestExecutionListener@301af154, org.springframework.test.context.event.ApplicationEventsTestExecutionListener@4b8cf10f, org.springframework.boot.test.mock.mockito.MockitoTestExecutionListener@310ad792, org.springframework.test.context.support.DependencyInjectionTestExecutionListener@15c900be, org.springframework.test.context.support.DirtiesContextTestExecutionListener@72bec302, org.springframework.test.context.transaction.TransactionalTestExecutionListener@5e9650d3, org.springframework.test.context.jdbc.SqlScriptsTestExecutionListener@3947bad4, org.springframework.test.context.event.EventPublishingTestExecutionListener@64d691b2, org.springframework.security.test.context.support.WithSecurityContextTestExecutionListener@6074f8f9, org.springframework.security.test.context.support.ReactorContextTestExecutionListener@c083cec, org.springframework.boot.test.mock.mockito.ResetMocksTestExecutionListener@81da6a3, org.springframework.boot.test.autoconfigure.restdocs.RestDocsTestExecutionListener@5816fd13, org.springframework.boot.test.autoconfigure.web.client.MockRestServiceServerResetTestExecutionListener@1fe275d8, org.springframework.boot.test.autoconfigure.web.servlet.MockMvcPrintOnlyOnFailureTestExecutionListener@52c0c594, org.springframework.boot.test.autoconfigure.web.servlet.WebDriverTestExecutionListener@370d49d1, org.springframework.boot.test.autoconfigure.webservices.client.MockWebServiceServerTestExecutionListener@581cd446]
15:17:27.696 [main] DEBUG org.springframework.test.context.support.AbstractDirtiesContextTestExecutionListener - Before test class: context [DefaultTestContext@545c3628 testClass = OrgControllerTest, testInstance = [null], testMethod = [null], testException = [null], mergedContextConfiguration = [MergedContextConfiguration@64a552 testClass = OrgControllerTest, locations = '{}', classes = '{class com.alkemy.ong.controller.OrgController}', contextInitializerClasses = '[]', activeProfiles = '{}', propertySourceLocations = '{}', propertySourceProperties = '{}', contextCustomizers = set[org.springframework.boot.test.context.filter.ExcludeFilterContextCustomizer@2a389173, org.springframework.boot.test.json.DuplicateJsonObjectContextCustomizerFactory$DuplicateJsonObjectContextCustomizer@795fd838, org.springframework.boot.test.mock.mockito.MockitoContextCustomizer@d0e79068, org.springframework.boot.test.autoconfigure.actuate.metrics.MetricsExportContextCustomizerFactory$DisableMetricExportContextCustomizer@476a736d, org.springframework.boot.test.autoconfigure.properties.PropertyMappingContextCustomizer@0, org.springframework.boot.test.autoconfigure.web.servlet.WebDriverContextCustomizerFactory$Customizer@8ed9cf], contextLoader = 'org.springframework.test.context.support.DelegatingSmartContextLoader', parent = [null]], attributes = map[[empty]]], class annotated with @DirtiesContext [false] with mode [null].
15:17:27.701 [main] DEBUG org.springframework.test.context.support.AbstractDelegatingSmartContextLoader - Delegating to AnnotationConfigContextLoader to load context from [MergedContextConfiguration@64a552 testClass = OrgControllerTest, locations = '{}', classes = '{class com.alkemy.ong.controller.OrgController}', contextInitializerClasses = '[]', activeProfiles = '{}', propertySourceLocations = '{}', propertySourceProperties = '{}', contextCustomizers = set[org.springframework.boot.test.context.filter.ExcludeFilterContextCustomizer@2a389173, org.springframework.boot.test.json.DuplicateJsonObjectContextCustomizerFactory$DuplicateJsonObjectContextCustomizer@795fd838, org.springframework.boot.test.mock.mockito.MockitoContextCustomizer@d0e79068, org.springframework.boot.test.autoconfigure.actuate.metrics.MetricsExportContextCustomizerFactory$DisableMetricExportContextCustomizer@476a736d, org.springframework.boot.test.autoconfigure.properties.PropertyMappingContextCustomizer@0, org.springframework.boot.test.autoconfigure.web.servlet.WebDriverContextCustomizerFactory$Customizer@8ed9cf], contextLoader = 'org.springframework.test.context.support.DelegatingSmartContextLoader', parent = [null]].
15:17:27.701 [main] DEBUG org.springframework.test.context.support.AbstractGenericContextLoader - Loading ApplicationContext for merged context configuration [[MergedContextConfiguration@64a552 testClass = OrgControllerTest, locations = '{}', classes = '{class com.alkemy.ong.controller.OrgController}', contextInitializerClasses = '[]', activeProfiles = '{}', propertySourceLocations = '{}', propertySourceProperties = '{}', contextCustomizers = set[org.springframework.boot.test.context.filter.ExcludeFilterContextCustomizer@2a389173, org.springframework.boot.test.json.DuplicateJsonObjectContextCustomizerFactory$DuplicateJsonObjectContextCustomizer@795fd838, org.springframework.boot.test.mock.mockito.MockitoContextCustomizer@d0e79068, org.springframework.boot.test.autoconfigure.actuate.metrics.MetricsExportContextCustomizerFactory$DisableMetricExportContextCustomizer@476a736d, org.springframework.boot.test.autoconfigure.properties.PropertyMappingContextCustomizer@0, org.springframework.boot.test.autoconfigure.web.servlet.WebDriverContextCustomizerFactory$Customizer@8ed9cf], contextLoader = 'org.springframework.test.context.support.DelegatingSmartContextLoader', parent = [null]]].
15:17:27.701 [main] DEBUG org.springframework.core.env.StandardEnvironment - Activating profiles []
15:17:27.701 [main] DEBUG org.springframework.test.context.support.AnnotationConfigContextLoader - Registering component classes: {class com.alkemy.ong.controller.OrgController}
15:17:27.708 [main] DEBUG org.springframework.context.support.GenericApplicationContext - Refreshing org.springframework.context.support.GenericApplicationContext@5d7a274e
15:17:27.711 [main] DEBUG org.springframework.beans.factory.support.DefaultListableBeanFactory - Creating shared instance of singleton bean 'org.springframework.context.annotation.internalConfigurationAnnotationProcessor'
15:17:27.713 [main] DEBUG org.springframework.beans.factory.support.DefaultListableBeanFactory - Creating shared instance of singleton bean 'org.springframework.boot.test.mock.mockito.MockitoPostProcessor'
15:17:28.041 [main] DEBUG org.springframework.beans.factory.support.DefaultListableBeanFactory - Creating shared instance of singleton bean 'org.springframework.context.event.internalEventListenerProcessor'
15:17:28.042 [main] DEBUG org.springframework.beans.factory.support.DefaultListableBeanFactory - Creating shared instance of singleton bean 'org.springframework.context.event.internalEventListenerFactory'
15:17:28.043 [main] DEBUG org.springframework.beans.factory.support.DefaultListableBeanFactory - Creating shared instance of singleton bean 'org.springframework.context.annotation.internalAutowiredAnnotationProcessor'
15:17:28.045 [main] DEBUG org.springframework.beans.factory.support.DefaultListableBeanFactory - Creating shared instance of singleton bean 'org.springframework.context.annotation.internalCommonAnnotationProcessor'
15:17:28.046 [main] DEBUG org.springframework.beans.factory.support.DefaultListableBeanFactory - Creating shared instance of singleton bean 'org.springframework.context.annotation.internalPersistenceAnnotationProcessor'
15:17:28.046 [main] DEBUG org.springframework.beans.factory.support.DefaultListableBeanFactory - Creating shared instance of singleton bean 'org.springframework.boot.test.mock.mockito.MockitoPostProcessor$SpyPostProcessor'
15:17:28.048 [main] DEBUG org.springframework.beans.factory.support.DefaultListableBeanFactory - Creating shared instance of singleton bean 'orgController'
15:17:28.050 [main] DEBUG org.springframework.beans.factory.support.DefaultListableBeanFactory - Autowiring by type from bean name 'orgController' via constructor to bean named 'com.alkemy.ong.service.OrganizationService#0'
15:17:28.050 [main] DEBUG org.springframework.beans.factory.support.DefaultListableBeanFactory - Autowiring by type from bean name 'orgController' via constructor to bean named 'com.alkemy.ong.service.SlideService#0'
15:17:28.062 [main] DEBUG org.springframework.beans.factory.support.DefaultListableBeanFactory - Creating shared instance of singleton bean 'org.modelmapper.ModelMapper#0'
15:17:28.075 [main] DEBUG org.springframework.test.context.cache.DefaultCacheAwareContextLoaderDelegate - Storing ApplicationContext [1568286542] in cache under key [[MergedContextConfiguration@64a552 testClass = OrgControllerTest, locations = '{}', classes = '{class com.alkemy.ong.controller.OrgController}', contextInitializerClasses = '[]', activeProfiles = '{}', propertySourceLocations = '{}', propertySourceProperties = '{}', contextCustomizers = set[org.springframework.boot.test.context.filter.ExcludeFilterContextCustomizer@2a389173, org.springframework.boot.test.json.DuplicateJsonObjectContextCustomizerFactory$DuplicateJsonObjectContextCustomizer@795fd838, org.springframework.boot.test.mock.mockito.MockitoContextCustomizer@d0e79068, org.springframework.boot.test.autoconfigure.actuate.metrics.MetricsExportContextCustomizerFactory$DisableMetricExportContextCustomizer@476a736d, org.springframework.boot.test.autoconfigure.properties.PropertyMappingContextCustomizer@0, org.springframework.boot.test.autoconfigure.web.servlet.WebDriverContextCustomizerFactory$Customizer@8ed9cf], contextLoader = 'org.springframework.test.context.support.DelegatingSmartContextLoader', parent = [null]]]
15:17:28.075 [main] DEBUG org.springframework.test.context.cache - Spring test ApplicationContext cache statistics: [DefaultContextCache@278de2b2 size = 8, maxSize = 32, parentContextCount = 0, hitCount = 516, missCount = 8]
15:17:28.077 [main] DEBUG org.springframework.test.context.support.DependencyInjectionTestExecutionListener - Performing dependency injection for test context [[DefaultTestContext@545c3628 testClass = OrgControllerTest, testInstance = com.alkemy.ong.controller.OrgControllerTest@59f0f273, testMethod = [null], testException = [null], mergedContextConfiguration = [MergedContextConfiguration@64a552 testClass = OrgControllerTest, locations = '{}', classes = '{class com.alkemy.ong.controller.OrgController}', contextInitializerClasses = '[]', activeProfiles = '{}', propertySourceLocations = '{}', propertySourceProperties = '{}', contextCustomizers = set[org.springframework.boot.test.context.filter.ExcludeFilterContextCustomizer@2a389173, org.springframework.boot.test.json.DuplicateJsonObjectContextCustomizerFactory$DuplicateJsonObjectContextCustomizer@795fd838, org.springframework.boot.test.mock.mockito.MockitoContextCustomizer@d0e79068, org.springframework.boot.test.autoconfigure.actuate.metrics.MetricsExportContextCustomizerFactory$DisableMetricExportContextCustomizer@476a736d, org.springframework.boot.test.autoconfigure.properties.PropertyMappingContextCustomizer@0, org.springframework.boot.test.autoconfigure.web.servlet.WebDriverContextCustomizerFactory$Customizer@8ed9cf], contextLoader = 'org.springframework.test.context.support.DelegatingSmartContextLoader', parent = [null]], attributes = map['org.springframework.test.context.event.ApplicationEventsTestExecutionListener.recordApplicationEvents' -> false]]].
15:17:28.077 [main] DEBUG org.springframework.test.context.cache.DefaultCacheAwareContextLoaderDelegate - Retrieved ApplicationContext [1568286542] from cache with key [[MergedContextConfiguration@64a552 testClass = OrgControllerTest, locations = '{}', classes = '{class com.alkemy.ong.controller.OrgController}', contextInitializerClasses = '[]', activeProfiles = '{}', propertySourceLocations = '{}', propertySourceProperties = '{}', contextCustomizers = set[org.springframework.boot.test.context.filter.ExcludeFilterContextCustomizer@2a389173, org.springframework.boot.test.json.DuplicateJsonObjectContextCustomizerFactory$DuplicateJsonObjectContextCustomizer@795fd838, org.springframework.boot.test.mock.mockito.MockitoContextCustomizer@d0e79068, org.springframework.boot.test.autoconfigure.actuate.metrics.MetricsExportContextCustomizerFactory$DisableMetricExportContextCustomizer@476a736d, org.springframework.boot.test.autoconfigure.properties.PropertyMappingContextCustomizer@0, org.springframework.boot.test.autoconfigure.web.servlet.WebDriverContextCustomizerFactory$Customizer@8ed9cf], contextLoader = 'org.springframework.test.context.support.DelegatingSmartContextLoader', parent = [null]]]
15:17:28.077 [main] DEBUG org.springframework.test.context.cache - Spring test ApplicationContext cache statistics: [DefaultContextCache@278de2b2 size = 8, maxSize = 32, parentContextCount = 0, hitCount = 517, missCount = 8]
15:17:28.082 [main] DEBUG org.springframework.test.context.cache.DefaultCacheAwareContextLoaderDelegate - Retrieved ApplicationContext [1568286542] from cache with key [[MergedContextConfiguration@64a552 testClass = OrgControllerTest, locations = '{}', classes = '{class com.alkemy.ong.controller.OrgController}', contextInitializerClasses = '[]', activeProfiles = '{}', propertySourceLocations = '{}', propertySourceProperties = '{}', contextCustomizers = set[org.springframework.boot.test.context.filter.ExcludeFilterContextCustomizer@2a389173, org.springframework.boot.test.json.DuplicateJsonObjectContextCustomizerFactory$DuplicateJsonObjectContextCustomizer@795fd838, org.springframework.boot.test.mock.mockito.MockitoContextCustomizer@d0e79068, org.springframework.boot.test.autoconfigure.actuate.metrics.MetricsExportContextCustomizerFactory$DisableMetricExportContextCustomizer@476a736d, org.springframework.boot.test.autoconfigure.properties.PropertyMappingContextCustomizer@0, org.springframework.boot.test.autoconfigure.web.servlet.WebDriverContextCustomizerFactory$Customizer@8ed9cf], contextLoader = 'org.springframework.test.context.support.DelegatingSmartContextLoader', parent = [null]]]
15:17:28.082 [main] DEBUG org.springframework.test.context.cache - Spring test ApplicationContext cache statistics: [DefaultContextCache@278de2b2 size = 8, maxSize = 32, parentContextCount = 0, hitCount = 518, missCount = 8]
15:17:28.084 [main] DEBUG org.springframework.test.context.support.AbstractDirtiesContextTestExecutionListener - Before test method: context [DefaultTestContext@545c3628 testClass = OrgControllerTest, testInstance = com.alkemy.ong.controller.OrgControllerTest@59f0f273, testMethod = getPublicDataConfig_whenListIsEmpty_thenReturnNotFound@OrgControllerTest, testException = [null], mergedContextConfiguration = [MergedContextConfiguration@64a552 testClass = OrgControllerTest, locations = '{}', classes = '{class com.alkemy.ong.controller.OrgController}', contextInitializerClasses = '[]', activeProfiles = '{}', propertySourceLocations = '{}', propertySourceProperties = '{}', contextCustomizers = set[org.springframework.boot.test.context.filter.ExcludeFilterContextCustomizer@2a389173, org.springframework.boot.test.json.DuplicateJsonObjectContextCustomizerFactory$DuplicateJsonObjectContextCustomizer@795fd838, org.springframework.boot.test.mock.mockito.MockitoContextCustomizer@d0e79068, org.springframework.boot.test.autoconfigure.actuate.metrics.MetricsExportContextCustomizerFactory$DisableMetricExportContextCustomizer@476a736d, org.springframework.boot.test.autoconfigure.properties.PropertyMappingContextCustomizer@0, org.springframework.boot.test.autoconfigure.web.servlet.WebDriverContextCustomizerFactory$Customizer@8ed9cf], contextLoader = 'org.springframework.test.context.support.DelegatingSmartContextLoader', parent = [null]], attributes = map['org.springframework.test.context.event.ApplicationEventsTestExecutionListener.recordApplicationEvents' -> false]], class annotated with @DirtiesContext [false] with mode [null], method annotated with @DirtiesContext [false] with mode [null].
15:17:28.085 [main] DEBUG org.springframework.test.context.cache.DefaultCacheAwareContextLoaderDelegate - Retrieved ApplicationContext [1568286542] from cache with key [[MergedContextConfiguration@64a552 testClass = OrgControllerTest, locations = '{}', classes = '{class com.alkemy.ong.controller.OrgController}', contextInitializerClasses = '[]', activeProfiles = '{}', propertySourceLocations = '{}', propertySourceProperties = '{}', contextCustomizers = set[org.springframework.boot.test.context.filter.ExcludeFilterContextCustomizer@2a389173, org.springframework.boot.test.json.DuplicateJsonObjectContextCustomizerFactory$DuplicateJsonObjectContextCustomizer@795fd838, org.springframework.boot.test.mock.mockito.MockitoContextCustomizer@d0e79068, org.springframework.boot.test.autoconfigure.actuate.metrics.MetricsExportContextCustomizerFactory$DisableMetricExportContextCustomizer@476a736d, org.springframework.boot.test.autoconfigure.properties.PropertyMappingContextCustomizer@0, org.springframework.boot.test.autoconfigure.web.servlet.WebDriverContextCustomizerFactory$Customizer@8ed9cf], contextLoader = 'org.springframework.test.context.support.DelegatingSmartContextLoader', parent = [null]]]
15:17:28.085 [main] DEBUG org.springframework.test.context.cache - Spring test ApplicationContext cache statistics: [DefaultContextCache@278de2b2 size = 8, maxSize = 32, parentContextCount = 0, hitCount = 519, missCount = 8]
15:17:28.086 [main] DEBUG org.springframework.test.context.cache.DefaultCacheAwareContextLoaderDelegate - Retrieved ApplicationContext [1568286542] from cache with key [[MergedContextConfiguration@64a552 testClass = OrgControllerTest, locations = '{}', classes = '{class com.alkemy.ong.controller.OrgController}', contextInitializerClasses = '[]', activeProfiles = '{}', propertySourceLocations = '{}', propertySourceProperties = '{}', contextCustomizers = set[org.springframework.boot.test.context.filter.ExcludeFilterContextCustomizer@2a389173, org.springframework.boot.test.json.DuplicateJsonObjectContextCustomizerFactory$DuplicateJsonObjectContextCustomizer@795fd838, org.springframework.boot.test.mock.mockito.MockitoContextCustomizer@d0e79068, org.springframework.boot.test.autoconfigure.actuate.metrics.MetricsExportContextCustomizerFactory$DisableMetricExportContextCustomizer@476a736d, org.springframework.boot.test.autoconfigure.properties.PropertyMappingContextCustomizer@0, org.springframework.boot.test.autoconfigure.web.servlet.WebDriverContextCustomizerFactory$Customizer@8ed9cf], contextLoader = 'org.springframework.test.context.support.DelegatingSmartContextLoader', parent = [null]]]
15:17:28.086 [main] DEBUG org.springframework.test.context.cache - Spring test ApplicationContext cache statistics: [DefaultContextCache@278de2b2 size = 8, maxSize = 32, parentContextCount = 0, hitCount = 520, missCount = 8]
15:17:28.089 [main] DEBUG org.springframework.test.context.cache.DefaultCacheAwareContextLoaderDelegate - Retrieved ApplicationContext [1568286542] from cache with key [[MergedContextConfiguration@64a552 testClass = OrgControllerTest, locations = '{}', classes = '{class com.alkemy.ong.controller.OrgController}', contextInitializerClasses = '[]', activeProfiles = '{}', propertySourceLocations = '{}', propertySourceProperties = '{}', contextCustomizers = set[org.springframework.boot.test.context.filter.ExcludeFilterContextCustomizer@2a389173, org.springframework.boot.test.json.DuplicateJsonObjectContextCustomizerFactory$DuplicateJsonObjectContextCustomizer@795fd838, org.springframework.boot.test.mock.mockito.MockitoContextCustomizer@d0e79068, org.springframework.boot.test.autoconfigure.actuate.metrics.MetricsExportContextCustomizerFactory$DisableMetricExportContextCustomizer@476a736d, org.springframework.boot.test.autoconfigure.properties.PropertyMappingContextCustomizer@0, org.springframework.boot.test.autoconfigure.web.servlet.WebDriverContextCustomizerFactory$Customizer@8ed9cf], contextLoader = 'org.springframework.test.context.support.DelegatingSmartContextLoader', parent = [null]]]
15:17:28.089 [main] DEBUG org.springframework.test.context.cache - Spring test ApplicationContext cache statistics: [DefaultContextCache@278de2b2 size = 8, maxSize = 32, parentContextCount = 0, hitCount = 521, missCount = 8]
15:17:28.108 [main] DEBUG org.hibernate.validator.messageinterpolation.ResourceBundleMessageInterpolator - Loaded expression factory via original TCCL
15:17:28.108 [main] DEBUG org.hibernate.validator.internal.engine.AbstractConfigurationImpl - Setting custom MessageInterpolator of type org.springframework.validation.beanvalidation.LocaleContextMessageInterpolator
15:17:28.108 [main] DEBUG org.hibernate.validator.internal.engine.AbstractConfigurationImpl - Setting custom ParameterNameProvider of type org.springframework.validation.beanvalidation.LocalValidatorFactoryBean$1
15:17:28.109 [main] DEBUG org.hibernate.validator.internal.xml.config.ValidationXmlParser - Trying to load META-INF/validation.xml for XML based Validator configuration.
15:17:28.109 [main] DEBUG org.hibernate.validator.internal.xml.config.ResourceLoaderHelper - Trying to load META-INF/validation.xml via TCCL
15:17:28.110 [main] DEBUG org.hibernate.validator.internal.xml.config.ResourceLoaderHelper - Trying to load META-INF/validation.xml via Hibernate Validator's class loader
15:17:28.111 [main] DEBUG org.hibernate.validator.internal.xml.config.ValidationXmlParser - No META-INF/validation.xml found. Using annotation based configuration only.
15:17:28.113 [main] DEBUG org.hibernate.validator.internal.engine.resolver.TraversableResolvers - Found javax.persistence.Persistence on classpath containing 'getPersistenceUtil'. Assuming JPA 2 environment. Trying to instantiate JPA aware TraversableResolver
15:17:28.113 [main] DEBUG org.hibernate.validator.internal.engine.resolver.TraversableResolvers - Instantiated JPA aware TraversableResolver of type org.hibernate.validator.internal.engine.resolver.JPATraversableResolver.
15:17:28.123 [main] DEBUG org.hibernate.validator.internal.engine.ValidatorFactoryConfigurationHelper - HV000252: Using org.hibernate.validator.internal.engine.DefaultPropertyNodeNameProvider as property node name provider.
15:17:28.124 [main] DEBUG org.hibernate.validator.internal.engine.ValidatorFactoryConfigurationHelper - HV000234: Using org.springframework.validation.beanvalidation.LocaleContextMessageInterpolator as ValidatorFactory-scoped message interpolator.
15:17:28.124 [main] DEBUG org.hibernate.validator.internal.engine.ValidatorFactoryConfigurationHelper - HV000234: Using org.hibernate.validator.internal.engine.resolver.JPATraversableResolver as ValidatorFactory-scoped traversable resolver.
15:17:28.125 [main] DEBUG org.hibernate.validator.internal.engine.ValidatorFactoryConfigurationHelper - HV000234: Using org.hibernate.validator.internal.util.ExecutableParameterNameProvider as ValidatorFactory-scoped parameter name provider.
15:17:28.125 [main] DEBUG org.hibernate.validator.internal.engine.ValidatorFactoryConfigurationHelper - HV000234: Using org.hibernate.validator.internal.engine.DefaultClockProvider as ValidatorFactory-scoped clock provider.
15:17:28.125 [main] DEBUG org.hibernate.validator.internal.engine.ValidatorFactoryConfigurationHelper - HV000234: Using org.hibernate.validator.internal.engine.scripting.DefaultScriptEvaluatorFactory as ValidatorFactory-scoped script evaluator factory.
15:17:28.133 [main] DEBUG _org.springframework.web.servlet.HandlerMapping.Mappings - 
	c.a.o.c.OrgController:
	{PUT [/organization/public/{id}]}: updatePublicOrganization(String,PublicOrganizationDto)
	{GET [/organization/public]}: getPublicDataConfig()
	{GET [/organization/public/slides/{id}]}: slidesList(String)
15:17:28.134 [main] DEBUG org.springframework.web.servlet.mvc.method.annotation.RequestMappingHandlerMapping - 3 mappings in org.springframework.web.servlet.mvc.method.annotation.RequestMappingHandlerMapping
15:17:28.213 [main] DEBUG org.springframework.web.servlet.mvc.method.annotation.RequestMappingHandlerAdapter - ControllerAdvice beans: 0 @ModelAttribute, 0 @InitBinder, 1 RequestBodyAdvice, 1 ResponseBodyAdvice
15:17:28.218 [main] DEBUG org.springframework.web.servlet.mvc.method.annotation.ExceptionHandlerExceptionResolver - ControllerAdvice beans: 0 @ExceptionHandler, 1 ResponseBodyAdvice
15:17:28.218 [main] INFO org.springframework.mock.web.MockServletContext - Initializing Spring TestDispatcherServlet ''
15:17:28.218 [main] INFO org.springframework.test.web.servlet.TestDispatcherServlet - Initializing Servlet ''
15:17:28.219 [main] DEBUG org.springframework.test.web.servlet.TestDispatcherServlet - Detected AcceptHeaderLocaleResolver
15:17:28.219 [main] DEBUG org.springframework.test.web.servlet.TestDispatcherServlet - Detected FixedThemeResolver
15:17:28.219 [main] DEBUG org.springframework.test.web.servlet.TestDispatcherServlet - Detected org.springframework.web.servlet.view.DefaultRequestToViewNameTranslator@23551fa1
15:17:28.219 [main] DEBUG org.springframework.test.web.servlet.TestDispatcherServlet - Detected org.springframework.web.servlet.support.SessionFlashMapManager@152a41ab
15:17:28.219 [main] DEBUG org.springframework.test.web.servlet.TestDispatcherServlet - enableLoggingRequestDetails='false': request parameters and headers will be masked to prevent unsafe logging of potentially sensitive data
15:17:28.221 [main] INFO org.springframework.test.web.servlet.TestDispatcherServlet - Completed initialization in 3 ms
15:17:28.221 [main] DEBUG org.springframework.test.web.servlet.TestDispatcherServlet - GET "/organization/public", parameters={}
15:17:28.221 [main] DEBUG org.springframework.web.servlet.mvc.method.annotation.RequestMappingHandlerMapping - Mapped to com.alkemy.ong.controller.OrgController#getPublicDataConfig()
15:17:28.242 [main] DEBUG org.springframework.web.servlet.mvc.method.annotation.HttpEntityMethodProcessor - Using 'application/json', given [*/*] and supported [application/json, application/*+json, application/cbor]
15:17:28.250 [main] DEBUG org.springframework.web.servlet.mvc.method.annotation.HttpEntityMethodProcessor - Nothing to write: null body
15:17:28.251 [main] DEBUG org.springframework.test.web.servlet.TestDispatcherServlet - Completed 404 NOT_FOUND
15:17:28.251 [main] DEBUG org.springframework.test.context.cache.DefaultCacheAwareContextLoaderDelegate - Retrieved ApplicationContext [1568286542] from cache with key [[MergedContextConfiguration@64a552 testClass = OrgControllerTest, locations = '{}', classes = '{class com.alkemy.ong.controller.OrgController}', contextInitializerClasses = '[]', activeProfiles = '{}', propertySourceLocations = '{}', propertySourceProperties = '{}', contextCustomizers = set[org.springframework.boot.test.context.filter.ExcludeFilterContextCustomizer@2a389173, org.springframework.boot.test.json.DuplicateJsonObjectContextCustomizerFactory$DuplicateJsonObjectContextCustomizer@795fd838, org.springframework.boot.test.mock.mockito.MockitoContextCustomizer@d0e79068, org.springframework.boot.test.autoconfigure.actuate.metrics.MetricsExportContextCustomizerFactory$DisableMetricExportContextCustomizer@476a736d, org.springframework.boot.test.autoconfigure.properties.PropertyMappingContextCustomizer@0, org.springframework.boot.test.autoconfigure.web.servlet.WebDriverContextCustomizerFactory$Customizer@8ed9cf], contextLoader = 'org.springframework.test.context.support.DelegatingSmartContextLoader', parent = [null]]]
15:17:28.252 [main] DEBUG org.springframework.test.context.cache - Spring test ApplicationContext cache statistics: [DefaultContextCache@278de2b2 size = 8, maxSize = 32, parentContextCount = 0, hitCount = 522, missCount = 8]
15:17:28.253 [main] DEBUG org.springframework.test.context.cache.DefaultCacheAwareContextLoaderDelegate - Retrieved ApplicationContext [1568286542] from cache with key [[MergedContextConfiguration@64a552 testClass = OrgControllerTest, locations = '{}', classes = '{class com.alkemy.ong.controller.OrgController}', contextInitializerClasses = '[]', activeProfiles = '{}', propertySourceLocations = '{}', propertySourceProperties = '{}', contextCustomizers = set[org.springframework.boot.test.context.filter.ExcludeFilterContextCustomizer@2a389173, org.springframework.boot.test.json.DuplicateJsonObjectContextCustomizerFactory$DuplicateJsonObjectContextCustomizer@795fd838, org.springframework.boot.test.mock.mockito.MockitoContextCustomizer@d0e79068, org.springframework.boot.test.autoconfigure.actuate.metrics.MetricsExportContextCustomizerFactory$DisableMetricExportContextCustomizer@476a736d, org.springframework.boot.test.autoconfigure.properties.PropertyMappingContextCustomizer@0, org.springframework.boot.test.autoconfigure.web.servlet.WebDriverContextCustomizerFactory$Customizer@8ed9cf], contextLoader = 'org.springframework.test.context.support.DelegatingSmartContextLoader', parent = [null]]]
15:17:28.253 [main] DEBUG org.springframework.test.context.cache - Spring test ApplicationContext cache statistics: [DefaultContextCache@278de2b2 size = 8, maxSize = 32, parentContextCount = 0, hitCount = 523, missCount = 8]
15:17:28.253 [main] DEBUG org.springframework.test.context.cache.DefaultCacheAwareContextLoaderDelegate - Retrieved ApplicationContext [1568286542] from cache with key [[MergedContextConfiguration@64a552 testClass = OrgControllerTest, locations = '{}', classes = '{class com.alkemy.ong.controller.OrgController}', contextInitializerClasses = '[]', activeProfiles = '{}', propertySourceLocations = '{}', propertySourceProperties = '{}', contextCustomizers = set[org.springframework.boot.test.context.filter.ExcludeFilterContextCustomizer@2a389173, org.springframework.boot.test.json.DuplicateJsonObjectContextCustomizerFactory$DuplicateJsonObjectContextCustomizer@795fd838, org.springframework.boot.test.mock.mockito.MockitoContextCustomizer@d0e79068, org.springframework.boot.test.autoconfigure.actuate.metrics.MetricsExportContextCustomizerFactory$DisableMetricExportContextCustomizer@476a736d, org.springframework.boot.test.autoconfigure.properties.PropertyMappingContextCustomizer@0, org.springframework.boot.test.autoconfigure.web.servlet.WebDriverContextCustomizerFactory$Customizer@8ed9cf], contextLoader = 'org.springframework.test.context.support.DelegatingSmartContextLoader', parent = [null]]]
15:17:28.255 [main] DEBUG org.springframework.test.context.cache - Spring test ApplicationContext cache statistics: [DefaultContextCache@278de2b2 size = 8, maxSize = 32, parentContextCount = 0, hitCount = 524, missCount = 8]
15:17:28.255 [main] DEBUG org.springframework.test.context.cache.DefaultCacheAwareContextLoaderDelegate - Retrieved ApplicationContext [1568286542] from cache with key [[MergedContextConfiguration@64a552 testClass = OrgControllerTest, locations = '{}', classes = '{class com.alkemy.ong.controller.OrgController}', contextInitializerClasses = '[]', activeProfiles = '{}', propertySourceLocations = '{}', propertySourceProperties = '{}', contextCustomizers = set[org.springframework.boot.test.context.filter.ExcludeFilterContextCustomizer@2a389173, org.springframework.boot.test.json.DuplicateJsonObjectContextCustomizerFactory$DuplicateJsonObjectContextCustomizer@795fd838, org.springframework.boot.test.mock.mockito.MockitoContextCustomizer@d0e79068, org.springframework.boot.test.autoconfigure.actuate.metrics.MetricsExportContextCustomizerFactory$DisableMetricExportContextCustomizer@476a736d, org.springframework.boot.test.autoconfigure.properties.PropertyMappingContextCustomizer@0, org.springframework.boot.test.autoconfigure.web.servlet.WebDriverContextCustomizerFactory$Customizer@8ed9cf], contextLoader = 'org.springframework.test.context.support.DelegatingSmartContextLoader', parent = [null]]]
15:17:28.255 [main] DEBUG org.springframework.test.context.cache - Spring test ApplicationContext cache statistics: [DefaultContextCache@278de2b2 size = 8, maxSize = 32, parentContextCount = 0, hitCount = 525, missCount = 8]
15:17:28.258 [main] DEBUG org.springframework.test.context.cache.DefaultCacheAwareContextLoaderDelegate - Retrieved ApplicationContext [1568286542] from cache with key [[MergedContextConfiguration@64a552 testClass = OrgControllerTest, locations = '{}', classes = '{class com.alkemy.ong.controller.OrgController}', contextInitializerClasses = '[]', activeProfiles = '{}', propertySourceLocations = '{}', propertySourceProperties = '{}', contextCustomizers = set[org.springframework.boot.test.context.filter.ExcludeFilterContextCustomizer@2a389173, org.springframework.boot.test.json.DuplicateJsonObjectContextCustomizerFactory$DuplicateJsonObjectContextCustomizer@795fd838, org.springframework.boot.test.mock.mockito.MockitoContextCustomizer@d0e79068, org.springframework.boot.test.autoconfigure.actuate.metrics.MetricsExportContextCustomizerFactory$DisableMetricExportContextCustomizer@476a736d, org.springframework.boot.test.autoconfigure.properties.PropertyMappingContextCustomizer@0, org.springframework.boot.test.autoconfigure.web.servlet.WebDriverContextCustomizerFactory$Customizer@8ed9cf], contextLoader = 'org.springframework.test.context.support.DelegatingSmartContextLoader', parent = [null]]]
15:17:28.259 [main] DEBUG org.springframework.test.context.cache - Spring test ApplicationContext cache statistics: [DefaultContextCache@278de2b2 size = 8, maxSize = 32, parentContextCount = 0, hitCount = 526, missCount = 8]
15:17:28.259 [main] DEBUG org.springframework.test.context.cache.DefaultCacheAwareContextLoaderDelegate - Retrieved ApplicationContext [1568286542] from cache with key [[MergedContextConfiguration@64a552 testClass = OrgControllerTest, locations = '{}', classes = '{class com.alkemy.ong.controller.OrgController}', contextInitializerClasses = '[]', activeProfiles = '{}', propertySourceLocations = '{}', propertySourceProperties = '{}', contextCustomizers = set[org.springframework.boot.test.context.filter.ExcludeFilterContextCustomizer@2a389173, org.springframework.boot.test.json.DuplicateJsonObjectContextCustomizerFactory$DuplicateJsonObjectContextCustomizer@795fd838, org.springframework.boot.test.mock.mockito.MockitoContextCustomizer@d0e79068, org.springframework.boot.test.autoconfigure.actuate.metrics.MetricsExportContextCustomizerFactory$DisableMetricExportContextCustomizer@476a736d, org.springframework.boot.test.autoconfigure.properties.PropertyMappingContextCustomizer@0, org.springframework.boot.test.autoconfigure.web.servlet.WebDriverContextCustomizerFactory$Customizer@8ed9cf], contextLoader = 'org.springframework.test.context.support.DelegatingSmartContextLoader', parent = [null]]]
15:17:28.259 [main] DEBUG org.springframework.test.context.cache - Spring test ApplicationContext cache statistics: [DefaultContextCache@278de2b2 size = 8, maxSize = 32, parentContextCount = 0, hitCount = 527, missCount = 8]
15:17:28.260 [main] DEBUG org.springframework.test.context.support.AbstractDirtiesContextTestExecutionListener - After test method: context [DefaultTestContext@545c3628 testClass = OrgControllerTest, testInstance = com.alkemy.ong.controller.OrgControllerTest@59f0f273, testMethod = getPublicDataConfig_whenListIsEmpty_thenReturnNotFound@OrgControllerTest, testException = [null], mergedContextConfiguration = [MergedContextConfiguration@64a552 testClass = OrgControllerTest, locations = '{}', classes = '{class com.alkemy.ong.controller.OrgController}', contextInitializerClasses = '[]', activeProfiles = '{}', propertySourceLocations = '{}', propertySourceProperties = '{}', contextCustomizers = set[org.springframework.boot.test.context.filter.ExcludeFilterContextCustomizer@2a389173, org.springframework.boot.test.json.DuplicateJsonObjectContextCustomizerFactory$DuplicateJsonObjectContextCustomizer@795fd838, org.springframework.boot.test.mock.mockito.MockitoContextCustomizer@d0e79068, org.springframework.boot.test.autoconfigure.actuate.metrics.MetricsExportContextCustomizerFactory$DisableMetricExportContextCustomizer@476a736d, org.springframework.boot.test.autoconfigure.properties.PropertyMappingContextCustomizer@0, org.springframework.boot.test.autoconfigure.web.servlet.WebDriverContextCustomizerFactory$Customizer@8ed9cf], contextLoader = 'org.springframework.test.context.support.DelegatingSmartContextLoader', parent = [null]], attributes = map['org.springframework.test.context.event.ApplicationEventsTestExecutionListener.recordApplicationEvents' -> false]], class annotated with @DirtiesContext [false] with mode [null], method annotated with @DirtiesContext [false] with mode [null].
]]></system-out>
  </testcase>
  <testcase name="getPublicDataConfig_whenListIsNotEmpty_thenReturnOkStatus" classname="com.alkemy.ong.controller.OrgControllerTest" time="0.086">
    <system-out><![CDATA[15:17:28.268 [main] DEBUG org.springframework.test.context.cache.DefaultCacheAwareContextLoaderDelegate - Retrieved ApplicationContext [1568286542] from cache with key [[MergedContextConfiguration@64a552 testClass = OrgControllerTest, locations = '{}', classes = '{class com.alkemy.ong.controller.OrgController}', contextInitializerClasses = '[]', activeProfiles = '{}', propertySourceLocations = '{}', propertySourceProperties = '{}', contextCustomizers = set[org.springframework.boot.test.context.filter.ExcludeFilterContextCustomizer@2a389173, org.springframework.boot.test.json.DuplicateJsonObjectContextCustomizerFactory$DuplicateJsonObjectContextCustomizer@795fd838, org.springframework.boot.test.mock.mockito.MockitoContextCustomizer@d0e79068, org.springframework.boot.test.autoconfigure.actuate.metrics.MetricsExportContextCustomizerFactory$DisableMetricExportContextCustomizer@476a736d, org.springframework.boot.test.autoconfigure.properties.PropertyMappingContextCustomizer@0, org.springframework.boot.test.autoconfigure.web.servlet.WebDriverContextCustomizerFactory$Customizer@8ed9cf], contextLoader = 'org.springframework.test.context.support.DelegatingSmartContextLoader', parent = [null]]]
15:17:28.268 [main] DEBUG org.springframework.test.context.cache - Spring test ApplicationContext cache statistics: [DefaultContextCache@278de2b2 size = 8, maxSize = 32, parentContextCount = 0, hitCount = 528, missCount = 8]
15:17:28.269 [main] DEBUG org.springframework.test.context.support.DependencyInjectionTestExecutionListener - Performing dependency injection for test context [[DefaultTestContext@545c3628 testClass = OrgControllerTest, testInstance = com.alkemy.ong.controller.OrgControllerTest@16bc97b9, testMethod = [null], testException = [null], mergedContextConfiguration = [MergedContextConfiguration@64a552 testClass = OrgControllerTest, locations = '{}', classes = '{class com.alkemy.ong.controller.OrgController}', contextInitializerClasses = '[]', activeProfiles = '{}', propertySourceLocations = '{}', propertySourceProperties = '{}', contextCustomizers = set[org.springframework.boot.test.context.filter.ExcludeFilterContextCustomizer@2a389173, org.springframework.boot.test.json.DuplicateJsonObjectContextCustomizerFactory$DuplicateJsonObjectContextCustomizer@795fd838, org.springframework.boot.test.mock.mockito.MockitoContextCustomizer@d0e79068, org.springframework.boot.test.autoconfigure.actuate.metrics.MetricsExportContextCustomizerFactory$DisableMetricExportContextCustomizer@476a736d, org.springframework.boot.test.autoconfigure.properties.PropertyMappingContextCustomizer@0, org.springframework.boot.test.autoconfigure.web.servlet.WebDriverContextCustomizerFactory$Customizer@8ed9cf], contextLoader = 'org.springframework.test.context.support.DelegatingSmartContextLoader', parent = [null]], attributes = map['org.springframework.test.context.event.ApplicationEventsTestExecutionListener.recordApplicationEvents' -> false]]].
15:17:28.269 [main] DEBUG org.springframework.test.context.cache.DefaultCacheAwareContextLoaderDelegate - Retrieved ApplicationContext [1568286542] from cache with key [[MergedContextConfiguration@64a552 testClass = OrgControllerTest, locations = '{}', classes = '{class com.alkemy.ong.controller.OrgController}', contextInitializerClasses = '[]', activeProfiles = '{}', propertySourceLocations = '{}', propertySourceProperties = '{}', contextCustomizers = set[org.springframework.boot.test.context.filter.ExcludeFilterContextCustomizer@2a389173, org.springframework.boot.test.json.DuplicateJsonObjectContextCustomizerFactory$DuplicateJsonObjectContextCustomizer@795fd838, org.springframework.boot.test.mock.mockito.MockitoContextCustomizer@d0e79068, org.springframework.boot.test.autoconfigure.actuate.metrics.MetricsExportContextCustomizerFactory$DisableMetricExportContextCustomizer@476a736d, org.springframework.boot.test.autoconfigure.properties.PropertyMappingContextCustomizer@0, org.springframework.boot.test.autoconfigure.web.servlet.WebDriverContextCustomizerFactory$Customizer@8ed9cf], contextLoader = 'org.springframework.test.context.support.DelegatingSmartContextLoader', parent = [null]]]
15:17:28.269 [main] DEBUG org.springframework.test.context.cache - Spring test ApplicationContext cache statistics: [DefaultContextCache@278de2b2 size = 8, maxSize = 32, parentContextCount = 0, hitCount = 529, missCount = 8]
15:17:28.270 [main] DEBUG org.springframework.test.context.cache.DefaultCacheAwareContextLoaderDelegate - Retrieved ApplicationContext [1568286542] from cache with key [[MergedContextConfiguration@64a552 testClass = OrgControllerTest, locations = '{}', classes = '{class com.alkemy.ong.controller.OrgController}', contextInitializerClasses = '[]', activeProfiles = '{}', propertySourceLocations = '{}', propertySourceProperties = '{}', contextCustomizers = set[org.springframework.boot.test.context.filter.ExcludeFilterContextCustomizer@2a389173, org.springframework.boot.test.json.DuplicateJsonObjectContextCustomizerFactory$DuplicateJsonObjectContextCustomizer@795fd838, org.springframework.boot.test.mock.mockito.MockitoContextCustomizer@d0e79068, org.springframework.boot.test.autoconfigure.actuate.metrics.MetricsExportContextCustomizerFactory$DisableMetricExportContextCustomizer@476a736d, org.springframework.boot.test.autoconfigure.properties.PropertyMappingContextCustomizer@0, org.springframework.boot.test.autoconfigure.web.servlet.WebDriverContextCustomizerFactory$Customizer@8ed9cf], contextLoader = 'org.springframework.test.context.support.DelegatingSmartContextLoader', parent = [null]]]
15:17:28.270 [main] DEBUG org.springframework.test.context.cache - Spring test ApplicationContext cache statistics: [DefaultContextCache@278de2b2 size = 8, maxSize = 32, parentContextCount = 0, hitCount = 530, missCount = 8]
15:17:28.272 [main] DEBUG org.springframework.test.context.support.AbstractDirtiesContextTestExecutionListener - Before test method: context [DefaultTestContext@545c3628 testClass = OrgControllerTest, testInstance = com.alkemy.ong.controller.OrgControllerTest@16bc97b9, testMethod = getPublicDataConfig_whenListIsNotEmpty_thenReturnOkStatus@OrgControllerTest, testException = [null], mergedContextConfiguration = [MergedContextConfiguration@64a552 testClass = OrgControllerTest, locations = '{}', classes = '{class com.alkemy.ong.controller.OrgController}', contextInitializerClasses = '[]', activeProfiles = '{}', propertySourceLocations = '{}', propertySourceProperties = '{}', contextCustomizers = set[org.springframework.boot.test.context.filter.ExcludeFilterContextCustomizer@2a389173, org.springframework.boot.test.json.DuplicateJsonObjectContextCustomizerFactory$DuplicateJsonObjectContextCustomizer@795fd838, org.springframework.boot.test.mock.mockito.MockitoContextCustomizer@d0e79068, org.springframework.boot.test.autoconfigure.actuate.metrics.MetricsExportContextCustomizerFactory$DisableMetricExportContextCustomizer@476a736d, org.springframework.boot.test.autoconfigure.properties.PropertyMappingContextCustomizer@0, org.springframework.boot.test.autoconfigure.web.servlet.WebDriverContextCustomizerFactory$Customizer@8ed9cf], contextLoader = 'org.springframework.test.context.support.DelegatingSmartContextLoader', parent = [null]], attributes = map['org.springframework.test.context.event.ApplicationEventsTestExecutionListener.recordApplicationEvents' -> false]], class annotated with @DirtiesContext [false] with mode [null], method annotated with @DirtiesContext [false] with mode [null].
15:17:28.272 [main] DEBUG org.springframework.test.context.cache.DefaultCacheAwareContextLoaderDelegate - Retrieved ApplicationContext [1568286542] from cache with key [[MergedContextConfiguration@64a552 testClass = OrgControllerTest, locations = '{}', classes = '{class com.alkemy.ong.controller.OrgController}', contextInitializerClasses = '[]', activeProfiles = '{}', propertySourceLocations = '{}', propertySourceProperties = '{}', contextCustomizers = set[org.springframework.boot.test.context.filter.ExcludeFilterContextCustomizer@2a389173, org.springframework.boot.test.json.DuplicateJsonObjectContextCustomizerFactory$DuplicateJsonObjectContextCustomizer@795fd838, org.springframework.boot.test.mock.mockito.MockitoContextCustomizer@d0e79068, org.springframework.boot.test.autoconfigure.actuate.metrics.MetricsExportContextCustomizerFactory$DisableMetricExportContextCustomizer@476a736d, org.springframework.boot.test.autoconfigure.properties.PropertyMappingContextCustomizer@0, org.springframework.boot.test.autoconfigure.web.servlet.WebDriverContextCustomizerFactory$Customizer@8ed9cf], contextLoader = 'org.springframework.test.context.support.DelegatingSmartContextLoader', parent = [null]]]
15:17:28.272 [main] DEBUG org.springframework.test.context.cache - Spring test ApplicationContext cache statistics: [DefaultContextCache@278de2b2 size = 8, maxSize = 32, parentContextCount = 0, hitCount = 531, missCount = 8]
15:17:28.273 [main] DEBUG org.springframework.test.context.cache.DefaultCacheAwareContextLoaderDelegate - Retrieved ApplicationContext [1568286542] from cache with key [[MergedContextConfiguration@64a552 testClass = OrgControllerTest, locations = '{}', classes = '{class com.alkemy.ong.controller.OrgController}', contextInitializerClasses = '[]', activeProfiles = '{}', propertySourceLocations = '{}', propertySourceProperties = '{}', contextCustomizers = set[org.springframework.boot.test.context.filter.ExcludeFilterContextCustomizer@2a389173, org.springframework.boot.test.json.DuplicateJsonObjectContextCustomizerFactory$DuplicateJsonObjectContextCustomizer@795fd838, org.springframework.boot.test.mock.mockito.MockitoContextCustomizer@d0e79068, org.springframework.boot.test.autoconfigure.actuate.metrics.MetricsExportContextCustomizerFactory$DisableMetricExportContextCustomizer@476a736d, org.springframework.boot.test.autoconfigure.properties.PropertyMappingContextCustomizer@0, org.springframework.boot.test.autoconfigure.web.servlet.WebDriverContextCustomizerFactory$Customizer@8ed9cf], contextLoader = 'org.springframework.test.context.support.DelegatingSmartContextLoader', parent = [null]]]
15:17:28.273 [main] DEBUG org.springframework.test.context.cache - Spring test ApplicationContext cache statistics: [DefaultContextCache@278de2b2 size = 8, maxSize = 32, parentContextCount = 0, hitCount = 532, missCount = 8]
15:17:28.275 [main] DEBUG org.springframework.test.context.cache.DefaultCacheAwareContextLoaderDelegate - Retrieved ApplicationContext [1568286542] from cache with key [[MergedContextConfiguration@64a552 testClass = OrgControllerTest, locations = '{}', classes = '{class com.alkemy.ong.controller.OrgController}', contextInitializerClasses = '[]', activeProfiles = '{}', propertySourceLocations = '{}', propertySourceProperties = '{}', contextCustomizers = set[org.springframework.boot.test.context.filter.ExcludeFilterContextCustomizer@2a389173, org.springframework.boot.test.json.DuplicateJsonObjectContextCustomizerFactory$DuplicateJsonObjectContextCustomizer@795fd838, org.springframework.boot.test.mock.mockito.MockitoContextCustomizer@d0e79068, org.springframework.boot.test.autoconfigure.actuate.metrics.MetricsExportContextCustomizerFactory$DisableMetricExportContextCustomizer@476a736d, org.springframework.boot.test.autoconfigure.properties.PropertyMappingContextCustomizer@0, org.springframework.boot.test.autoconfigure.web.servlet.WebDriverContextCustomizerFactory$Customizer@8ed9cf], contextLoader = 'org.springframework.test.context.support.DelegatingSmartContextLoader', parent = [null]]]
15:17:28.275 [main] DEBUG org.springframework.test.context.cache - Spring test ApplicationContext cache statistics: [DefaultContextCache@278de2b2 size = 8, maxSize = 32, parentContextCount = 0, hitCount = 533, missCount = 8]
15:17:28.281 [main] DEBUG org.hibernate.validator.messageinterpolation.ResourceBundleMessageInterpolator - Loaded expression factory via original TCCL
15:17:28.281 [main] DEBUG org.hibernate.validator.internal.engine.AbstractConfigurationImpl - Setting custom MessageInterpolator of type org.springframework.validation.beanvalidation.LocaleContextMessageInterpolator
15:17:28.281 [main] DEBUG org.hibernate.validator.internal.engine.AbstractConfigurationImpl - Setting custom ParameterNameProvider of type org.springframework.validation.beanvalidation.LocalValidatorFactoryBean$1
15:17:28.282 [main] DEBUG org.hibernate.validator.internal.xml.config.ValidationXmlParser - Trying to load META-INF/validation.xml for XML based Validator configuration.
15:17:28.282 [main] DEBUG org.hibernate.validator.internal.xml.config.ResourceLoaderHelper - Trying to load META-INF/validation.xml via TCCL
15:17:28.282 [main] DEBUG org.hibernate.validator.internal.xml.config.ResourceLoaderHelper - Trying to load META-INF/validation.xml via Hibernate Validator's class loader
15:17:28.282 [main] DEBUG org.hibernate.validator.internal.xml.config.ValidationXmlParser - No META-INF/validation.xml found. Using annotation based configuration only.
15:17:28.282 [main] DEBUG org.hibernate.validator.internal.engine.resolver.TraversableResolvers - Found javax.persistence.Persistence on classpath containing 'getPersistenceUtil'. Assuming JPA 2 environment. Trying to instantiate JPA aware TraversableResolver
15:17:28.282 [main] DEBUG org.hibernate.validator.internal.engine.resolver.TraversableResolvers - Instantiated JPA aware TraversableResolver of type org.hibernate.validator.internal.engine.resolver.JPATraversableResolver.
15:17:28.284 [main] DEBUG org.hibernate.validator.internal.engine.ValidatorFactoryConfigurationHelper - HV000252: Using org.hibernate.validator.internal.engine.DefaultPropertyNodeNameProvider as property node name provider.
15:17:28.284 [main] DEBUG org.hibernate.validator.internal.engine.ValidatorFactoryConfigurationHelper - HV000234: Using org.springframework.validation.beanvalidation.LocaleContextMessageInterpolator as ValidatorFactory-scoped message interpolator.
15:17:28.284 [main] DEBUG org.hibernate.validator.internal.engine.ValidatorFactoryConfigurationHelper - HV000234: Using org.hibernate.validator.internal.engine.resolver.JPATraversableResolver as ValidatorFactory-scoped traversable resolver.
15:17:28.284 [main] DEBUG org.hibernate.validator.internal.engine.ValidatorFactoryConfigurationHelper - HV000234: Using org.hibernate.validator.internal.util.ExecutableParameterNameProvider as ValidatorFactory-scoped parameter name provider.
15:17:28.284 [main] DEBUG org.hibernate.validator.internal.engine.ValidatorFactoryConfigurationHelper - HV000234: Using org.hibernate.validator.internal.engine.DefaultClockProvider as ValidatorFactory-scoped clock provider.
15:17:28.284 [main] DEBUG org.hibernate.validator.internal.engine.ValidatorFactoryConfigurationHelper - HV000234: Using org.hibernate.validator.internal.engine.scripting.DefaultScriptEvaluatorFactory as ValidatorFactory-scoped script evaluator factory.
15:17:28.287 [main] DEBUG _org.springframework.web.servlet.HandlerMapping.Mappings - 
	c.a.o.c.OrgController:
	{PUT [/organization/public/{id}]}: updatePublicOrganization(String,PublicOrganizationDto)
	{GET [/organization/public]}: getPublicDataConfig()
	{GET [/organization/public/slides/{id}]}: slidesList(String)
15:17:28.289 [main] DEBUG org.springframework.web.servlet.mvc.method.annotation.RequestMappingHandlerMapping - 3 mappings in org.springframework.web.servlet.mvc.method.annotation.RequestMappingHandlerMapping
15:17:28.300 [main] DEBUG org.springframework.web.servlet.mvc.method.annotation.RequestMappingHandlerAdapter - ControllerAdvice beans: 0 @ModelAttribute, 0 @InitBinder, 1 RequestBodyAdvice, 1 ResponseBodyAdvice
15:17:28.303 [main] DEBUG org.springframework.web.servlet.mvc.method.annotation.ExceptionHandlerExceptionResolver - ControllerAdvice beans: 0 @ExceptionHandler, 1 ResponseBodyAdvice
15:17:28.305 [main] INFO org.springframework.mock.web.MockServletContext - Initializing Spring TestDispatcherServlet ''
15:17:28.305 [main] INFO org.springframework.test.web.servlet.TestDispatcherServlet - Initializing Servlet ''
15:17:28.305 [main] DEBUG org.springframework.test.web.servlet.TestDispatcherServlet - Detected AcceptHeaderLocaleResolver
15:17:28.305 [main] DEBUG org.springframework.test.web.servlet.TestDispatcherServlet - Detected FixedThemeResolver
15:17:28.305 [main] DEBUG org.springframework.test.web.servlet.TestDispatcherServlet - Detected org.springframework.web.servlet.view.DefaultRequestToViewNameTranslator@2fe26f79
15:17:28.305 [main] DEBUG org.springframework.test.web.servlet.TestDispatcherServlet - Detected org.springframework.web.servlet.support.SessionFlashMapManager@11069bdd
15:17:28.305 [main] DEBUG org.springframework.test.web.servlet.TestDispatcherServlet - enableLoggingRequestDetails='false': request parameters and headers will be masked to prevent unsafe logging of potentially sensitive data
15:17:28.305 [main] INFO org.springframework.test.web.servlet.TestDispatcherServlet - Completed initialization in 0 ms
15:17:28.305 [main] DEBUG org.springframework.test.web.servlet.TestDispatcherServlet - GET "/organization/public", parameters={}
15:17:28.306 [main] DEBUG org.springframework.web.servlet.mvc.method.annotation.RequestMappingHandlerMapping - Mapped to com.alkemy.ong.controller.OrgController#getPublicDataConfig()
15:17:28.312 [main] DEBUG org.springframework.web.servlet.mvc.method.annotation.HttpEntityMethodProcessor - Using 'application/json', given [*/*] and supported [application/json, application/*+json, application/cbor]
15:17:28.334 [main] DEBUG org.springframework.web.servlet.mvc.method.annotation.HttpEntityMethodProcessor - Writing [PublicOrganizationDto(id=null, name=null, image=null, phone=null, address=null, facebookUrl=null, li (truncated)...]
15:17:28.336 [main] DEBUG org.springframework.test.web.servlet.TestDispatcherServlet - Completed 200 OK
15:17:28.338 [main] DEBUG com.jayway.jsonpath.internal.path.CompiledPath - Evaluating path: $['name']
15:17:28.339 [main] DEBUG com.jayway.jsonpath.internal.path.CompiledPath - Evaluating path: $['image']
15:17:28.339 [main] DEBUG com.jayway.jsonpath.internal.path.CompiledPath - Evaluating path: $['address']
15:17:28.344 [main] DEBUG com.jayway.jsonpath.internal.path.CompiledPath - Evaluating path: $['phone']
15:17:28.347 [main] DEBUG com.jayway.jsonpath.internal.path.CompiledPath - Evaluating path: $['facebookUrl']
15:17:28.348 [main] DEBUG com.jayway.jsonpath.internal.path.CompiledPath - Evaluating path: $['linkedinUrl']
15:17:28.348 [main] DEBUG com.jayway.jsonpath.internal.path.CompiledPath - Evaluating path: $['instagramUrl']
15:17:28.350 [main] DEBUG org.springframework.test.context.cache.DefaultCacheAwareContextLoaderDelegate - Retrieved ApplicationContext [1568286542] from cache with key [[MergedContextConfiguration@64a552 testClass = OrgControllerTest, locations = '{}', classes = '{class com.alkemy.ong.controller.OrgController}', contextInitializerClasses = '[]', activeProfiles = '{}', propertySourceLocations = '{}', propertySourceProperties = '{}', contextCustomizers = set[org.springframework.boot.test.context.filter.ExcludeFilterContextCustomizer@2a389173, org.springframework.boot.test.json.DuplicateJsonObjectContextCustomizerFactory$DuplicateJsonObjectContextCustomizer@795fd838, org.springframework.boot.test.mock.mockito.MockitoContextCustomizer@d0e79068, org.springframework.boot.test.autoconfigure.actuate.metrics.MetricsExportContextCustomizerFactory$DisableMetricExportContextCustomizer@476a736d, org.springframework.boot.test.autoconfigure.properties.PropertyMappingContextCustomizer@0, org.springframework.boot.test.autoconfigure.web.servlet.WebDriverContextCustomizerFactory$Customizer@8ed9cf], contextLoader = 'org.springframework.test.context.support.DelegatingSmartContextLoader', parent = [null]]]
15:17:28.350 [main] DEBUG org.springframework.test.context.cache - Spring test ApplicationContext cache statistics: [DefaultContextCache@278de2b2 size = 8, maxSize = 32, parentContextCount = 0, hitCount = 534, missCount = 8]
15:17:28.351 [main] DEBUG org.springframework.test.context.cache.DefaultCacheAwareContextLoaderDelegate - Retrieved ApplicationContext [1568286542] from cache with key [[MergedContextConfiguration@64a552 testClass = OrgControllerTest, locations = '{}', classes = '{class com.alkemy.ong.controller.OrgController}', contextInitializerClasses = '[]', activeProfiles = '{}', propertySourceLocations = '{}', propertySourceProperties = '{}', contextCustomizers = set[org.springframework.boot.test.context.filter.ExcludeFilterContextCustomizer@2a389173, org.springframework.boot.test.json.DuplicateJsonObjectContextCustomizerFactory$DuplicateJsonObjectContextCustomizer@795fd838, org.springframework.boot.test.mock.mockito.MockitoContextCustomizer@d0e79068, org.springframework.boot.test.autoconfigure.actuate.metrics.MetricsExportContextCustomizerFactory$DisableMetricExportContextCustomizer@476a736d, org.springframework.boot.test.autoconfigure.properties.PropertyMappingContextCustomizer@0, org.springframework.boot.test.autoconfigure.web.servlet.WebDriverContextCustomizerFactory$Customizer@8ed9cf], contextLoader = 'org.springframework.test.context.support.DelegatingSmartContextLoader', parent = [null]]]
15:17:28.352 [main] DEBUG org.springframework.test.context.cache - Spring test ApplicationContext cache statistics: [DefaultContextCache@278de2b2 size = 8, maxSize = 32, parentContextCount = 0, hitCount = 535, missCount = 8]
15:17:28.352 [main] DEBUG org.springframework.test.context.cache.DefaultCacheAwareContextLoaderDelegate - Retrieved ApplicationContext [1568286542] from cache with key [[MergedContextConfiguration@64a552 testClass = OrgControllerTest, locations = '{}', classes = '{class com.alkemy.ong.controller.OrgController}', contextInitializerClasses = '[]', activeProfiles = '{}', propertySourceLocations = '{}', propertySourceProperties = '{}', contextCustomizers = set[org.springframework.boot.test.context.filter.ExcludeFilterContextCustomizer@2a389173, org.springframework.boot.test.json.DuplicateJsonObjectContextCustomizerFactory$DuplicateJsonObjectContextCustomizer@795fd838, org.springframework.boot.test.mock.mockito.MockitoContextCustomizer@d0e79068, org.springframework.boot.test.autoconfigure.actuate.metrics.MetricsExportContextCustomizerFactory$DisableMetricExportContextCustomizer@476a736d, org.springframework.boot.test.autoconfigure.properties.PropertyMappingContextCustomizer@0, org.springframework.boot.test.autoconfigure.web.servlet.WebDriverContextCustomizerFactory$Customizer@8ed9cf], contextLoader = 'org.springframework.test.context.support.DelegatingSmartContextLoader', parent = [null]]]
15:17:28.352 [main] DEBUG org.springframework.test.context.cache - Spring test ApplicationContext cache statistics: [DefaultContextCache@278de2b2 size = 8, maxSize = 32, parentContextCount = 0, hitCount = 536, missCount = 8]
15:17:28.352 [main] DEBUG org.springframework.test.context.cache.DefaultCacheAwareContextLoaderDelegate - Retrieved ApplicationContext [1568286542] from cache with key [[MergedContextConfiguration@64a552 testClass = OrgControllerTest, locations = '{}', classes = '{class com.alkemy.ong.controller.OrgController}', contextInitializerClasses = '[]', activeProfiles = '{}', propertySourceLocations = '{}', propertySourceProperties = '{}', contextCustomizers = set[org.springframework.boot.test.context.filter.ExcludeFilterContextCustomizer@2a389173, org.springframework.boot.test.json.DuplicateJsonObjectContextCustomizerFactory$DuplicateJsonObjectContextCustomizer@795fd838, org.springframework.boot.test.mock.mockito.MockitoContextCustomizer@d0e79068, org.springframework.boot.test.autoconfigure.actuate.metrics.MetricsExportContextCustomizerFactory$DisableMetricExportContextCustomizer@476a736d, org.springframework.boot.test.autoconfigure.properties.PropertyMappingContextCustomizer@0, org.springframework.boot.test.autoconfigure.web.servlet.WebDriverContextCustomizerFactory$Customizer@8ed9cf], contextLoader = 'org.springframework.test.context.support.DelegatingSmartContextLoader', parent = [null]]]
15:17:28.352 [main] DEBUG org.springframework.test.context.cache - Spring test ApplicationContext cache statistics: [DefaultContextCache@278de2b2 size = 8, maxSize = 32, parentContextCount = 0, hitCount = 537, missCount = 8]
15:17:28.353 [main] DEBUG org.springframework.test.context.cache.DefaultCacheAwareContextLoaderDelegate - Retrieved ApplicationContext [1568286542] from cache with key [[MergedContextConfiguration@64a552 testClass = OrgControllerTest, locations = '{}', classes = '{class com.alkemy.ong.controller.OrgController}', contextInitializerClasses = '[]', activeProfiles = '{}', propertySourceLocations = '{}', propertySourceProperties = '{}', contextCustomizers = set[org.springframework.boot.test.context.filter.ExcludeFilterContextCustomizer@2a389173, org.springframework.boot.test.json.DuplicateJsonObjectContextCustomizerFactory$DuplicateJsonObjectContextCustomizer@795fd838, org.springframework.boot.test.mock.mockito.MockitoContextCustomizer@d0e79068, org.springframework.boot.test.autoconfigure.actuate.metrics.MetricsExportContextCustomizerFactory$DisableMetricExportContextCustomizer@476a736d, org.springframework.boot.test.autoconfigure.properties.PropertyMappingContextCustomizer@0, org.springframework.boot.test.autoconfigure.web.servlet.WebDriverContextCustomizerFactory$Customizer@8ed9cf], contextLoader = 'org.springframework.test.context.support.DelegatingSmartContextLoader', parent = [null]]]
15:17:28.353 [main] DEBUG org.springframework.test.context.cache - Spring test ApplicationContext cache statistics: [DefaultContextCache@278de2b2 size = 8, maxSize = 32, parentContextCount = 0, hitCount = 538, missCount = 8]
15:17:28.354 [main] DEBUG org.springframework.test.context.cache.DefaultCacheAwareContextLoaderDelegate - Retrieved ApplicationContext [1568286542] from cache with key [[MergedContextConfiguration@64a552 testClass = OrgControllerTest, locations = '{}', classes = '{class com.alkemy.ong.controller.OrgController}', contextInitializerClasses = '[]', activeProfiles = '{}', propertySourceLocations = '{}', propertySourceProperties = '{}', contextCustomizers = set[org.springframework.boot.test.context.filter.ExcludeFilterContextCustomizer@2a389173, org.springframework.boot.test.json.DuplicateJsonObjectContextCustomizerFactory$DuplicateJsonObjectContextCustomizer@795fd838, org.springframework.boot.test.mock.mockito.MockitoContextCustomizer@d0e79068, org.springframework.boot.test.autoconfigure.actuate.metrics.MetricsExportContextCustomizerFactory$DisableMetricExportContextCustomizer@476a736d, org.springframework.boot.test.autoconfigure.properties.PropertyMappingContextCustomizer@0, org.springframework.boot.test.autoconfigure.web.servlet.WebDriverContextCustomizerFactory$Customizer@8ed9cf], contextLoader = 'org.springframework.test.context.support.DelegatingSmartContextLoader', parent = [null]]]
15:17:28.354 [main] DEBUG org.springframework.test.context.cache - Spring test ApplicationContext cache statistics: [DefaultContextCache@278de2b2 size = 8, maxSize = 32, parentContextCount = 0, hitCount = 539, missCount = 8]
15:17:28.356 [main] DEBUG org.springframework.test.context.support.AbstractDirtiesContextTestExecutionListener - After test method: context [DefaultTestContext@545c3628 testClass = OrgControllerTest, testInstance = com.alkemy.ong.controller.OrgControllerTest@16bc97b9, testMethod = getPublicDataConfig_whenListIsNotEmpty_thenReturnOkStatus@OrgControllerTest, testException = [null], mergedContextConfiguration = [MergedContextConfiguration@64a552 testClass = OrgControllerTest, locations = '{}', classes = '{class com.alkemy.ong.controller.OrgController}', contextInitializerClasses = '[]', activeProfiles = '{}', propertySourceLocations = '{}', propertySourceProperties = '{}', contextCustomizers = set[org.springframework.boot.test.context.filter.ExcludeFilterContextCustomizer@2a389173, org.springframework.boot.test.json.DuplicateJsonObjectContextCustomizerFactory$DuplicateJsonObjectContextCustomizer@795fd838, org.springframework.boot.test.mock.mockito.MockitoContextCustomizer@d0e79068, org.springframework.boot.test.autoconfigure.actuate.metrics.MetricsExportContextCustomizerFactory$DisableMetricExportContextCustomizer@476a736d, org.springframework.boot.test.autoconfigure.properties.PropertyMappingContextCustomizer@0, org.springframework.boot.test.autoconfigure.web.servlet.WebDriverContextCustomizerFactory$Customizer@8ed9cf], contextLoader = 'org.springframework.test.context.support.DelegatingSmartContextLoader', parent = [null]], attributes = map['org.springframework.test.context.event.ApplicationEventsTestExecutionListener.recordApplicationEvents' -> false]], class annotated with @DirtiesContext [false] with mode [null], method annotated with @DirtiesContext [false] with mode [null].
]]></system-out>
  </testcase>
  <testcase name="updatePublicOrganization_whenOngFound_returnOng" classname="com.alkemy.ong.controller.OrgControllerTest" time="0.661">
    <system-out><![CDATA[15:17:28.360 [main] DEBUG org.springframework.test.context.cache.DefaultCacheAwareContextLoaderDelegate - Retrieved ApplicationContext [1568286542] from cache with key [[MergedContextConfiguration@64a552 testClass = OrgControllerTest, locations = '{}', classes = '{class com.alkemy.ong.controller.OrgController}', contextInitializerClasses = '[]', activeProfiles = '{}', propertySourceLocations = '{}', propertySourceProperties = '{}', contextCustomizers = set[org.springframework.boot.test.context.filter.ExcludeFilterContextCustomizer@2a389173, org.springframework.boot.test.json.DuplicateJsonObjectContextCustomizerFactory$DuplicateJsonObjectContextCustomizer@795fd838, org.springframework.boot.test.mock.mockito.MockitoContextCustomizer@d0e79068, org.springframework.boot.test.autoconfigure.actuate.metrics.MetricsExportContextCustomizerFactory$DisableMetricExportContextCustomizer@476a736d, org.springframework.boot.test.autoconfigure.properties.PropertyMappingContextCustomizer@0, org.springframework.boot.test.autoconfigure.web.servlet.WebDriverContextCustomizerFactory$Customizer@8ed9cf], contextLoader = 'org.springframework.test.context.support.DelegatingSmartContextLoader', parent = [null]]]
15:17:28.360 [main] DEBUG org.springframework.test.context.cache - Spring test ApplicationContext cache statistics: [DefaultContextCache@278de2b2 size = 8, maxSize = 32, parentContextCount = 0, hitCount = 540, missCount = 8]
15:17:28.361 [main] DEBUG org.springframework.test.context.support.DependencyInjectionTestExecutionListener - Performing dependency injection for test context [[DefaultTestContext@545c3628 testClass = OrgControllerTest, testInstance = com.alkemy.ong.controller.OrgControllerTest@105fa381, testMethod = [null], testException = [null], mergedContextConfiguration = [MergedContextConfiguration@64a552 testClass = OrgControllerTest, locations = '{}', classes = '{class com.alkemy.ong.controller.OrgController}', contextInitializerClasses = '[]', activeProfiles = '{}', propertySourceLocations = '{}', propertySourceProperties = '{}', contextCustomizers = set[org.springframework.boot.test.context.filter.ExcludeFilterContextCustomizer@2a389173, org.springframework.boot.test.json.DuplicateJsonObjectContextCustomizerFactory$DuplicateJsonObjectContextCustomizer@795fd838, org.springframework.boot.test.mock.mockito.MockitoContextCustomizer@d0e79068, org.springframework.boot.test.autoconfigure.actuate.metrics.MetricsExportContextCustomizerFactory$DisableMetricExportContextCustomizer@476a736d, org.springframework.boot.test.autoconfigure.properties.PropertyMappingContextCustomizer@0, org.springframework.boot.test.autoconfigure.web.servlet.WebDriverContextCustomizerFactory$Customizer@8ed9cf], contextLoader = 'org.springframework.test.context.support.DelegatingSmartContextLoader', parent = [null]], attributes = map['org.springframework.test.context.event.ApplicationEventsTestExecutionListener.recordApplicationEvents' -> false]]].
15:17:28.361 [main] DEBUG org.springframework.test.context.cache.DefaultCacheAwareContextLoaderDelegate - Retrieved ApplicationContext [1568286542] from cache with key [[MergedContextConfiguration@64a552 testClass = OrgControllerTest, locations = '{}', classes = '{class com.alkemy.ong.controller.OrgController}', contextInitializerClasses = '[]', activeProfiles = '{}', propertySourceLocations = '{}', propertySourceProperties = '{}', contextCustomizers = set[org.springframework.boot.test.context.filter.ExcludeFilterContextCustomizer@2a389173, org.springframework.boot.test.json.DuplicateJsonObjectContextCustomizerFactory$DuplicateJsonObjectContextCustomizer@795fd838, org.springframework.boot.test.mock.mockito.MockitoContextCustomizer@d0e79068, org.springframework.boot.test.autoconfigure.actuate.metrics.MetricsExportContextCustomizerFactory$DisableMetricExportContextCustomizer@476a736d, org.springframework.boot.test.autoconfigure.properties.PropertyMappingContextCustomizer@0, org.springframework.boot.test.autoconfigure.web.servlet.WebDriverContextCustomizerFactory$Customizer@8ed9cf], contextLoader = 'org.springframework.test.context.support.DelegatingSmartContextLoader', parent = [null]]]
15:17:28.361 [main] DEBUG org.springframework.test.context.cache - Spring test ApplicationContext cache statistics: [DefaultContextCache@278de2b2 size = 8, maxSize = 32, parentContextCount = 0, hitCount = 541, missCount = 8]
15:17:28.362 [main] DEBUG org.springframework.test.context.cache.DefaultCacheAwareContextLoaderDelegate - Retrieved ApplicationContext [1568286542] from cache with key [[MergedContextConfiguration@64a552 testClass = OrgControllerTest, locations = '{}', classes = '{class com.alkemy.ong.controller.OrgController}', contextInitializerClasses = '[]', activeProfiles = '{}', propertySourceLocations = '{}', propertySourceProperties = '{}', contextCustomizers = set[org.springframework.boot.test.context.filter.ExcludeFilterContextCustomizer@2a389173, org.springframework.boot.test.json.DuplicateJsonObjectContextCustomizerFactory$DuplicateJsonObjectContextCustomizer@795fd838, org.springframework.boot.test.mock.mockito.MockitoContextCustomizer@d0e79068, org.springframework.boot.test.autoconfigure.actuate.metrics.MetricsExportContextCustomizerFactory$DisableMetricExportContextCustomizer@476a736d, org.springframework.boot.test.autoconfigure.properties.PropertyMappingContextCustomizer@0, org.springframework.boot.test.autoconfigure.web.servlet.WebDriverContextCustomizerFactory$Customizer@8ed9cf], contextLoader = 'org.springframework.test.context.support.DelegatingSmartContextLoader', parent = [null]]]
15:17:28.362 [main] DEBUG org.springframework.test.context.cache - Spring test ApplicationContext cache statistics: [DefaultContextCache@278de2b2 size = 8, maxSize = 32, parentContextCount = 0, hitCount = 542, missCount = 8]
15:17:28.363 [main] DEBUG org.springframework.test.context.support.AbstractDirtiesContextTestExecutionListener - Before test method: context [DefaultTestContext@545c3628 testClass = OrgControllerTest, testInstance = com.alkemy.ong.controller.OrgControllerTest@105fa381, testMethod = updatePublicOrganization_whenOngFound_returnOng@OrgControllerTest, testException = [null], mergedContextConfiguration = [MergedContextConfiguration@64a552 testClass = OrgControllerTest, locations = '{}', classes = '{class com.alkemy.ong.controller.OrgController}', contextInitializerClasses = '[]', activeProfiles = '{}', propertySourceLocations = '{}', propertySourceProperties = '{}', contextCustomizers = set[org.springframework.boot.test.context.filter.ExcludeFilterContextCustomizer@2a389173, org.springframework.boot.test.json.DuplicateJsonObjectContextCustomizerFactory$DuplicateJsonObjectContextCustomizer@795fd838, org.springframework.boot.test.mock.mockito.MockitoContextCustomizer@d0e79068, org.springframework.boot.test.autoconfigure.actuate.metrics.MetricsExportContextCustomizerFactory$DisableMetricExportContextCustomizer@476a736d, org.springframework.boot.test.autoconfigure.properties.PropertyMappingContextCustomizer@0, org.springframework.boot.test.autoconfigure.web.servlet.WebDriverContextCustomizerFactory$Customizer@8ed9cf], contextLoader = 'org.springframework.test.context.support.DelegatingSmartContextLoader', parent = [null]], attributes = map['org.springframework.test.context.event.ApplicationEventsTestExecutionListener.recordApplicationEvents' -> false]], class annotated with @DirtiesContext [false] with mode [null], method annotated with @DirtiesContext [false] with mode [null].
15:17:28.364 [main] DEBUG org.springframework.test.context.cache.DefaultCacheAwareContextLoaderDelegate - Retrieved ApplicationContext [1568286542] from cache with key [[MergedContextConfiguration@64a552 testClass = OrgControllerTest, locations = '{}', classes = '{class com.alkemy.ong.controller.OrgController}', contextInitializerClasses = '[]', activeProfiles = '{}', propertySourceLocations = '{}', propertySourceProperties = '{}', contextCustomizers = set[org.springframework.boot.test.context.filter.ExcludeFilterContextCustomizer@2a389173, org.springframework.boot.test.json.DuplicateJsonObjectContextCustomizerFactory$DuplicateJsonObjectContextCustomizer@795fd838, org.springframework.boot.test.mock.mockito.MockitoContextCustomizer@d0e79068, org.springframework.boot.test.autoconfigure.actuate.metrics.MetricsExportContextCustomizerFactory$DisableMetricExportContextCustomizer@476a736d, org.springframework.boot.test.autoconfigure.properties.PropertyMappingContextCustomizer@0, org.springframework.boot.test.autoconfigure.web.servlet.WebDriverContextCustomizerFactory$Customizer@8ed9cf], contextLoader = 'org.springframework.test.context.support.DelegatingSmartContextLoader', parent = [null]]]
15:17:28.364 [main] DEBUG org.springframework.test.context.cache - Spring test ApplicationContext cache statistics: [DefaultContextCache@278de2b2 size = 8, maxSize = 32, parentContextCount = 0, hitCount = 543, missCount = 8]
15:17:28.364 [main] DEBUG org.springframework.test.context.cache.DefaultCacheAwareContextLoaderDelegate - Retrieved ApplicationContext [1568286542] from cache with key [[MergedContextConfiguration@64a552 testClass = OrgControllerTest, locations = '{}', classes = '{class com.alkemy.ong.controller.OrgController}', contextInitializerClasses = '[]', activeProfiles = '{}', propertySourceLocations = '{}', propertySourceProperties = '{}', contextCustomizers = set[org.springframework.boot.test.context.filter.ExcludeFilterContextCustomizer@2a389173, org.springframework.boot.test.json.DuplicateJsonObjectContextCustomizerFactory$DuplicateJsonObjectContextCustomizer@795fd838, org.springframework.boot.test.mock.mockito.MockitoContextCustomizer@d0e79068, org.springframework.boot.test.autoconfigure.actuate.metrics.MetricsExportContextCustomizerFactory$DisableMetricExportContextCustomizer@476a736d, org.springframework.boot.test.autoconfigure.properties.PropertyMappingContextCustomizer@0, org.springframework.boot.test.autoconfigure.web.servlet.WebDriverContextCustomizerFactory$Customizer@8ed9cf], contextLoader = 'org.springframework.test.context.support.DelegatingSmartContextLoader', parent = [null]]]
15:17:28.365 [main] DEBUG org.springframework.test.context.cache - Spring test ApplicationContext cache statistics: [DefaultContextCache@278de2b2 size = 8, maxSize = 32, parentContextCount = 0, hitCount = 544, missCount = 8]
15:17:28.368 [main] DEBUG org.springframework.test.context.cache.DefaultCacheAwareContextLoaderDelegate - Retrieved ApplicationContext [1568286542] from cache with key [[MergedContextConfiguration@64a552 testClass = OrgControllerTest, locations = '{}', classes = '{class com.alkemy.ong.controller.OrgController}', contextInitializerClasses = '[]', activeProfiles = '{}', propertySourceLocations = '{}', propertySourceProperties = '{}', contextCustomizers = set[org.springframework.boot.test.context.filter.ExcludeFilterContextCustomizer@2a389173, org.springframework.boot.test.json.DuplicateJsonObjectContextCustomizerFactory$DuplicateJsonObjectContextCustomizer@795fd838, org.springframework.boot.test.mock.mockito.MockitoContextCustomizer@d0e79068, org.springframework.boot.test.autoconfigure.actuate.metrics.MetricsExportContextCustomizerFactory$DisableMetricExportContextCustomizer@476a736d, org.springframework.boot.test.autoconfigure.properties.PropertyMappingContextCustomizer@0, org.springframework.boot.test.autoconfigure.web.servlet.WebDriverContextCustomizerFactory$Customizer@8ed9cf], contextLoader = 'org.springframework.test.context.support.DelegatingSmartContextLoader', parent = [null]]]
15:17:28.368 [main] DEBUG org.springframework.test.context.cache - Spring test ApplicationContext cache statistics: [DefaultContextCache@278de2b2 size = 8, maxSize = 32, parentContextCount = 0, hitCount = 545, missCount = 8]
15:17:28.381 [main] DEBUG org.hibernate.validator.messageinterpolation.ResourceBundleMessageInterpolator - Loaded expression factory via original TCCL
15:17:28.381 [main] DEBUG org.hibernate.validator.internal.engine.AbstractConfigurationImpl - Setting custom MessageInterpolator of type org.springframework.validation.beanvalidation.LocaleContextMessageInterpolator
15:17:28.381 [main] DEBUG org.hibernate.validator.internal.engine.AbstractConfigurationImpl - Setting custom ParameterNameProvider of type org.springframework.validation.beanvalidation.LocalValidatorFactoryBean$1
15:17:28.382 [main] DEBUG org.hibernate.validator.internal.xml.config.ValidationXmlParser - Trying to load META-INF/validation.xml for XML based Validator configuration.
15:17:28.382 [main] DEBUG org.hibernate.validator.internal.xml.config.ResourceLoaderHelper - Trying to load META-INF/validation.xml via TCCL
15:17:28.382 [main] DEBUG org.hibernate.validator.internal.xml.config.ResourceLoaderHelper - Trying to load META-INF/validation.xml via Hibernate Validator's class loader
15:17:28.383 [main] DEBUG org.hibernate.validator.internal.xml.config.ValidationXmlParser - No META-INF/validation.xml found. Using annotation based configuration only.
15:17:28.383 [main] DEBUG org.hibernate.validator.internal.engine.resolver.TraversableResolvers - Found javax.persistence.Persistence on classpath containing 'getPersistenceUtil'. Assuming JPA 2 environment. Trying to instantiate JPA aware TraversableResolver
15:17:28.383 [main] DEBUG org.hibernate.validator.internal.engine.resolver.TraversableResolvers - Instantiated JPA aware TraversableResolver of type org.hibernate.validator.internal.engine.resolver.JPATraversableResolver.
15:17:28.385 [main] DEBUG org.hibernate.validator.internal.engine.ValidatorFactoryConfigurationHelper - HV000252: Using org.hibernate.validator.internal.engine.DefaultPropertyNodeNameProvider as property node name provider.
15:17:28.385 [main] DEBUG org.hibernate.validator.internal.engine.ValidatorFactoryConfigurationHelper - HV000234: Using org.springframework.validation.beanvalidation.LocaleContextMessageInterpolator as ValidatorFactory-scoped message interpolator.
15:17:28.385 [main] DEBUG org.hibernate.validator.internal.engine.ValidatorFactoryConfigurationHelper - HV000234: Using org.hibernate.validator.internal.engine.resolver.JPATraversableResolver as ValidatorFactory-scoped traversable resolver.
15:17:28.386 [main] DEBUG org.hibernate.validator.internal.engine.ValidatorFactoryConfigurationHelper - HV000234: Using org.hibernate.validator.internal.util.ExecutableParameterNameProvider as ValidatorFactory-scoped parameter name provider.
15:17:28.387 [main] DEBUG org.hibernate.validator.internal.engine.ValidatorFactoryConfigurationHelper - HV000234: Using org.hibernate.validator.internal.engine.DefaultClockProvider as ValidatorFactory-scoped clock provider.
15:17:28.387 [main] DEBUG org.hibernate.validator.internal.engine.ValidatorFactoryConfigurationHelper - HV000234: Using org.hibernate.validator.internal.engine.scripting.DefaultScriptEvaluatorFactory as ValidatorFactory-scoped script evaluator factory.
15:17:28.392 [main] DEBUG _org.springframework.web.servlet.HandlerMapping.Mappings - 
	c.a.o.c.OrgController:
	{PUT [/organization/public/{id}]}: updatePublicOrganization(String,PublicOrganizationDto)
	{GET [/organization/public]}: getPublicDataConfig()
	{GET [/organization/public/slides/{id}]}: slidesList(String)
15:17:28.392 [main] DEBUG org.springframework.web.servlet.mvc.method.annotation.RequestMappingHandlerMapping - 3 mappings in org.springframework.web.servlet.mvc.method.annotation.RequestMappingHandlerMapping
15:17:28.402 [main] DEBUG org.springframework.web.servlet.mvc.method.annotation.RequestMappingHandlerAdapter - ControllerAdvice beans: 0 @ModelAttribute, 0 @InitBinder, 1 RequestBodyAdvice, 1 ResponseBodyAdvice
15:17:28.409 [main] DEBUG org.springframework.web.servlet.mvc.method.annotation.ExceptionHandlerExceptionResolver - ControllerAdvice beans: 0 @ExceptionHandler, 1 ResponseBodyAdvice
15:17:28.410 [main] INFO org.springframework.mock.web.MockServletContext - Initializing Spring TestDispatcherServlet ''
15:17:28.410 [main] INFO org.springframework.test.web.servlet.TestDispatcherServlet - Initializing Servlet ''
15:17:28.411 [main] DEBUG org.springframework.test.web.servlet.TestDispatcherServlet - Detected AcceptHeaderLocaleResolver
15:17:28.411 [main] DEBUG org.springframework.test.web.servlet.TestDispatcherServlet - Detected FixedThemeResolver
15:17:28.411 [main] DEBUG org.springframework.test.web.servlet.TestDispatcherServlet - Detected org.springframework.web.servlet.view.DefaultRequestToViewNameTranslator@2f65c341
15:17:28.411 [main] DEBUG org.springframework.test.web.servlet.TestDispatcherServlet - Detected org.springframework.web.servlet.support.SessionFlashMapManager@1e1908ab
15:17:28.411 [main] DEBUG org.springframework.test.web.servlet.TestDispatcherServlet - enableLoggingRequestDetails='false': request parameters and headers will be masked to prevent unsafe logging of potentially sensitive data
15:17:28.411 [main] INFO org.springframework.test.web.servlet.TestDispatcherServlet - Completed initialization in 1 ms
15:17:28.411 [main] DEBUG org.springframework.test.web.servlet.TestDispatcherServlet - PUT "/organization/public/12", parameters={}
15:17:28.412 [main] DEBUG org.springframework.web.servlet.mvc.method.annotation.RequestMappingHandlerMapping - Mapped to com.alkemy.ong.controller.OrgController#updatePublicOrganization(String, PublicOrganizationDto)
15:17:28.420 [main] DEBUG org.springframework.web.servlet.mvc.method.annotation.RequestResponseBodyMethodProcessor - Read "application/json" to [PublicOrganizationDto(id=12, name=new ong name, image=image, phone=123, address=address1, facebookUr (truncated)...]
15:17:28.556 [main] DEBUG org.springframework.core.LocalVariableTableParameterNameDiscoverer - ASM ClassReader failed to parse class file [class java.lang.Object], probably due to a new Java class file version that isn't supported yet - unable to determine constructor/method parameter names
java.lang.IllegalArgumentException: Unsupported class file major version 62
	at org.springframework.asm.ClassReader.<init>(ClassReader.java:199)
	at org.springframework.asm.ClassReader.<init>(ClassReader.java:180)
	at org.springframework.asm.ClassReader.<init>(ClassReader.java:166)
	at org.springframework.asm.ClassReader.<init>(ClassReader.java:287)
	at org.springframework.core.LocalVariableTableParameterNameDiscoverer.inspectClass(LocalVariableTableParameterNameDiscoverer.java:105)
	at java.base/java.util.concurrent.ConcurrentHashMap.computeIfAbsent(ConcurrentHashMap.java:1708)
	at org.springframework.core.LocalVariableTableParameterNameDiscoverer.doGetParameterNames(LocalVariableTableParameterNameDiscoverer.java:84)
	at org.springframework.core.LocalVariableTableParameterNameDiscoverer.getParameterNames(LocalVariableTableParameterNameDiscoverer.java:72)
	at org.springframework.core.PrioritizedParameterNameDiscoverer.getParameterNames(PrioritizedParameterNameDiscoverer.java:55)
	at org.springframework.validation.beanvalidation.LocalValidatorFactoryBean$1.getParameterNames(LocalValidatorFactoryBean.java:337)
	at org.hibernate.validator.internal.util.ExecutableParameterNameProvider.getParameterNames(ExecutableParameterNameProvider.java:37)
	at org.hibernate.validator.internal.properties.javabean.JavaBeanExecutable.getParameterName(JavaBeanExecutable.java:86)
	at org.hibernate.validator.internal.metadata.aggregated.ParameterMetaData$Builder.build(ParameterMetaData.java:165)
	at org.hibernate.validator.internal.metadata.aggregated.ExecutableMetaData$Builder.findParameterMetaData(ExecutableMetaData.java:436)
	at org.hibernate.validator.internal.metadata.aggregated.ExecutableMetaData$Builder.build(ExecutableMetaData.java:391)
	at org.hibernate.validator.internal.metadata.aggregated.BeanMetaDataBuilder$BuilderDelegate.build(BeanMetaDataBuilder.java:260)
	at org.hibernate.validator.internal.metadata.aggregated.BeanMetaDataBuilder.build(BeanMetaDataBuilder.java:133)
	at org.hibernate.validator.internal.metadata.BeanMetaDataManagerImpl.createBeanMetaData(BeanMetaDataManagerImpl.java:206)
	at org.hibernate.validator.internal.metadata.BeanMetaDataManagerImpl.getBeanMetaData(BeanMetaDataManagerImpl.java:165)
	at org.hibernate.validator.internal.engine.ValidatorImpl.validate(ValidatorImpl.java:156)
	at org.springframework.validation.beanvalidation.SpringValidatorAdapter.validate(SpringValidatorAdapter.java:109)
	at org.springframework.validation.DataBinder.validate(DataBinder.java:895)
	at org.springframework.web.servlet.mvc.method.annotation.AbstractMessageConverterMethodArgumentResolver.validateIfApplicable(AbstractMessageConverterMethodArgumentResolver.java:245)
	at org.springframework.web.servlet.mvc.method.annotation.RequestResponseBodyMethodProcessor.resolveArgument(RequestResponseBodyMethodProcessor.java:137)
	at org.springframework.web.method.support.HandlerMethodArgumentResolverComposite.resolveArgument(HandlerMethodArgumentResolverComposite.java:121)
	at org.springframework.web.method.support.InvocableHandlerMethod.getMethodArgumentValues(InvocableHandlerMethod.java:170)
	at org.springframework.web.method.support.InvocableHandlerMethod.invokeForRequest(InvocableHandlerMethod.java:137)
	at org.springframework.web.servlet.mvc.method.annotation.ServletInvocableHandlerMethod.invokeAndHandle(ServletInvocableHandlerMethod.java:106)
	at org.springframework.web.servlet.mvc.method.annotation.RequestMappingHandlerAdapter.invokeHandlerMethod(RequestMappingHandlerAdapter.java:894)
	at org.springframework.web.servlet.mvc.method.annotation.RequestMappingHandlerAdapter.handleInternal(RequestMappingHandlerAdapter.java:808)
	at org.springframework.web.servlet.mvc.method.AbstractHandlerMethodAdapter.handle(AbstractHandlerMethodAdapter.java:87)
	at org.springframework.web.servlet.DispatcherServlet.doDispatch(DispatcherServlet.java:1063)
	at org.springframework.web.servlet.DispatcherServlet.doService(DispatcherServlet.java:963)
	at org.springframework.web.servlet.FrameworkServlet.processRequest(FrameworkServlet.java:1006)
	at org.springframework.web.servlet.FrameworkServlet.doPut(FrameworkServlet.java:920)
	at javax.servlet.http.HttpServlet.service(HttpServlet.java:655)
	at org.springframework.web.servlet.FrameworkServlet.service(FrameworkServlet.java:883)
	at org.springframework.test.web.servlet.TestDispatcherServlet.service(TestDispatcherServlet.java:72)
	at javax.servlet.http.HttpServlet.service(HttpServlet.java:733)
	at org.springframework.mock.web.MockFilterChain$ServletFilterProxy.doFilter(MockFilterChain.java:167)
	at org.springframework.mock.web.MockFilterChain.doFilter(MockFilterChain.java:134)
	at org.springframework.test.web.servlet.MockMvc.perform(MockMvc.java:183)
	at com.alkemy.ong.controller.OrgControllerTest.updatePublicOrganization_whenOngFound_returnOng(OrgControllerTest.java:198)
	at java.base/jdk.internal.reflect.DirectMethodHandleAccessor.invoke(DirectMethodHandleAccessor.java:104)
	at java.base/java.lang.reflect.Method.invoke(Method.java:577)
	at org.junit.platform.commons.util.ReflectionUtils.invokeMethod(ReflectionUtils.java:688)
	at org.junit.jupiter.engine.execution.MethodInvocation.proceed(MethodInvocation.java:60)
	at org.junit.jupiter.engine.execution.InvocationInterceptorChain$ValidatingInvocation.proceed(InvocationInterceptorChain.java:131)
	at org.junit.jupiter.engine.extension.TimeoutExtension.intercept(TimeoutExtension.java:149)
	at org.junit.jupiter.engine.extension.TimeoutExtension.interceptTestableMethod(TimeoutExtension.java:140)
	at org.junit.jupiter.engine.extension.TimeoutExtension.interceptTestMethod(TimeoutExtension.java:84)
	at org.junit.jupiter.engine.execution.ExecutableInvoker$ReflectiveInterceptorCall.lambda$ofVoidMethod$0(ExecutableInvoker.java:115)
	at org.junit.jupiter.engine.execution.ExecutableInvoker.lambda$invoke$0(ExecutableInvoker.java:105)
	at org.junit.jupiter.engine.execution.InvocationInterceptorChain$InterceptedInvocation.proceed(InvocationInterceptorChain.java:106)
	at org.junit.jupiter.engine.execution.InvocationInterceptorChain.proceed(InvocationInterceptorChain.java:64)
	at org.junit.jupiter.engine.execution.InvocationInterceptorChain.chainAndInvoke(InvocationInterceptorChain.java:45)
	at org.junit.jupiter.engine.execution.InvocationInterceptorChain.invoke(InvocationInterceptorChain.java:37)
	at org.junit.jupiter.engine.execution.ExecutableInvoker.invoke(ExecutableInvoker.java:104)
	at org.junit.jupiter.engine.execution.ExecutableInvoker.invoke(ExecutableInvoker.java:98)
	at org.junit.jupiter.engine.descriptor.TestMethodTestDescriptor.lambda$invokeTestMethod$6(TestMethodTestDescriptor.java:210)
	at org.junit.platform.engine.support.hierarchical.ThrowableCollector.execute(ThrowableCollector.java:73)
	at org.junit.jupiter.engine.descriptor.TestMethodTestDescriptor.invokeTestMethod(TestMethodTestDescriptor.java:206)
	at org.junit.jupiter.engine.descriptor.TestMethodTestDescriptor.execute(TestMethodTestDescriptor.java:131)
	at org.junit.jupiter.engine.descriptor.TestMethodTestDescriptor.execute(TestMethodTestDescriptor.java:65)
	at org.junit.platform.engine.support.hierarchical.NodeTestTask.lambda$executeRecursively$5(NodeTestTask.java:139)
	at org.junit.platform.engine.support.hierarchical.ThrowableCollector.execute(ThrowableCollector.java:73)
	at org.junit.platform.engine.support.hierarchical.NodeTestTask.lambda$executeRecursively$7(NodeTestTask.java:129)
	at org.junit.platform.engine.support.hierarchical.Node.around(Node.java:137)
	at org.junit.platform.engine.support.hierarchical.NodeTestTask.lambda$executeRecursively$8(NodeTestTask.java:127)
	at org.junit.platform.engine.support.hierarchical.ThrowableCollector.execute(ThrowableCollector.java:73)
	at org.junit.platform.engine.support.hierarchical.NodeTestTask.executeRecursively(NodeTestTask.java:126)
	at org.junit.platform.engine.support.hierarchical.NodeTestTask.execute(NodeTestTask.java:84)
	at java.base/java.util.ArrayList.forEach(ArrayList.java:1511)
	at org.junit.platform.engine.support.hierarchical.SameThreadHierarchicalTestExecutorService.invokeAll(SameThreadHierarchicalTestExecutorService.java:38)
	at org.junit.platform.engine.support.hierarchical.NodeTestTask.lambda$executeRecursively$5(NodeTestTask.java:143)
	at org.junit.platform.engine.support.hierarchical.ThrowableCollector.execute(ThrowableCollector.java:73)
	at org.junit.platform.engine.support.hierarchical.NodeTestTask.lambda$executeRecursively$7(NodeTestTask.java:129)
	at org.junit.platform.engine.support.hierarchical.Node.around(Node.java:137)
	at org.junit.platform.engine.support.hierarchical.NodeTestTask.lambda$executeRecursively$8(NodeTestTask.java:127)
	at org.junit.platform.engine.support.hierarchical.ThrowableCollector.execute(ThrowableCollector.java:73)
	at org.junit.platform.engine.support.hierarchical.NodeTestTask.executeRecursively(NodeTestTask.java:126)
	at org.junit.platform.engine.support.hierarchical.NodeTestTask.execute(NodeTestTask.java:84)
	at java.base/java.util.ArrayList.forEach(ArrayList.java:1511)
	at org.junit.platform.engine.support.hierarchical.SameThreadHierarchicalTestExecutorService.invokeAll(SameThreadHierarchicalTestExecutorService.java:38)
	at org.junit.platform.engine.support.hierarchical.NodeTestTask.lambda$executeRecursively$5(NodeTestTask.java:143)
	at org.junit.platform.engine.support.hierarchical.ThrowableCollector.execute(ThrowableCollector.java:73)
	at org.junit.platform.engine.support.hierarchical.NodeTestTask.lambda$executeRecursively$7(NodeTestTask.java:129)
	at org.junit.platform.engine.support.hierarchical.Node.around(Node.java:137)
	at org.junit.platform.engine.support.hierarchical.NodeTestTask.lambda$executeRecursively$8(NodeTestTask.java:127)
	at org.junit.platform.engine.support.hierarchical.ThrowableCollector.execute(ThrowableCollector.java:73)
	at org.junit.platform.engine.support.hierarchical.NodeTestTask.executeRecursively(NodeTestTask.java:126)
	at org.junit.platform.engine.support.hierarchical.NodeTestTask.execute(NodeTestTask.java:84)
	at org.junit.platform.engine.support.hierarchical.SameThreadHierarchicalTestExecutorService.submit(SameThreadHierarchicalTestExecutorService.java:32)
	at org.junit.platform.engine.support.hierarchical.HierarchicalTestExecutor.execute(HierarchicalTestExecutor.java:57)
	at org.junit.platform.engine.support.hierarchical.HierarchicalTestEngine.execute(HierarchicalTestEngine.java:51)
	at org.junit.platform.launcher.core.EngineExecutionOrchestrator.execute(EngineExecutionOrchestrator.java:108)
	at org.junit.platform.launcher.core.EngineExecutionOrchestrator.execute(EngineExecutionOrchestrator.java:88)
	at org.junit.platform.launcher.core.EngineExecutionOrchestrator.lambda$execute$0(EngineExecutionOrchestrator.java:54)
	at org.junit.platform.launcher.core.EngineExecutionOrchestrator.withInterceptedStreams(EngineExecutionOrchestrator.java:67)
	at org.junit.platform.launcher.core.EngineExecutionOrchestrator.execute(EngineExecutionOrchestrator.java:52)
	at org.junit.platform.launcher.core.DefaultLauncher.execute(DefaultLauncher.java:96)
	at org.junit.platform.launcher.core.DefaultLauncher.execute(DefaultLauncher.java:75)
	at org.apache.maven.surefire.junitplatform.LazyLauncher.execute(LazyLauncher.java:55)
	at org.apache.maven.surefire.junitplatform.JUnitPlatformProvider.execute(JUnitPlatformProvider.java:223)
	at org.apache.maven.surefire.junitplatform.JUnitPlatformProvider.invokeAllTests(JUnitPlatformProvider.java:175)
	at org.apache.maven.surefire.junitplatform.JUnitPlatformProvider.invoke(JUnitPlatformProvider.java:139)
	at org.apache.maven.surefire.booter.ForkedBooter.runSuitesInProcess(ForkedBooter.java:456)
	at org.apache.maven.surefire.booter.ForkedBooter.execute(ForkedBooter.java:169)
	at org.apache.maven.surefire.booter.ForkedBooter.run(ForkedBooter.java:595)
	at org.apache.maven.surefire.booter.ForkedBooter.main(ForkedBooter.java:581)
15:17:28.567 [main] DEBUG org.springframework.web.servlet.mvc.method.annotation.HttpEntityMethodProcessor - Using 'application/json', given [*/*] and supported [application/json, application/*+json, application/cbor]
15:17:28.567 [main] DEBUG org.springframework.web.servlet.mvc.method.annotation.HttpEntityMethodProcessor - Writing [PublicOrganizationDto(id=null, name=null, image=null, phone=null, address=null, facebookUrl=null, li (truncated)...]
15:17:28.568 [main] DEBUG org.springframework.test.web.servlet.TestDispatcherServlet - Completed 202 ACCEPTED
15:17:28.942 [main] DEBUG io.netty.util.internal.logging.InternalLoggerFactory - Using SLF4J as the default logging framework
15:17:28.955 [main] DEBUG io.netty.util.internal.PlatformDependent0 - -Dio.netty.noUnsafe: false
15:17:28.955 [main] DEBUG io.netty.util.internal.PlatformDependent0 - Java version: 18
15:17:28.962 [main] DEBUG io.netty.util.internal.PlatformDependent0 - sun.misc.Unsafe.theUnsafe: available
15:17:28.965 [main] DEBUG io.netty.util.internal.PlatformDependent0 - sun.misc.Unsafe.copyMemory: available
15:17:28.969 [main] DEBUG io.netty.util.internal.PlatformDependent0 - java.nio.Buffer.address: available
15:17:28.972 [main] DEBUG io.netty.util.internal.PlatformDependent0 - direct buffer constructor: unavailable: Reflective setAccessible(true) disabled
15:17:28.976 [main] DEBUG io.netty.util.internal.PlatformDependent0 - java.nio.Bits.unaligned: available, true
15:17:28.982 [main] DEBUG io.netty.util.internal.PlatformDependent0 - jdk.internal.misc.Unsafe.allocateUninitializedArray(int): unavailable: class io.netty.util.internal.PlatformDependent0$6 cannot access class jdk.internal.misc.Unsafe (in module java.base) because module java.base does not export jdk.internal.misc to unnamed module @4fccd51b
15:17:28.986 [main] DEBUG io.netty.util.internal.PlatformDependent0 - java.nio.DirectByteBuffer.<init>(long, int): unavailable
15:17:28.986 [main] DEBUG io.netty.util.internal.PlatformDependent - sun.misc.Unsafe: available
15:17:28.990 [main] DEBUG io.netty.util.internal.PlatformDependent - maxDirectMemory: 2111832064 bytes (maybe)
15:17:28.990 [main] DEBUG io.netty.util.internal.PlatformDependent - -Dio.netty.tmpdir: C:\Users\JUANPA~1\AppData\Local\Temp (java.io.tmpdir)
15:17:28.990 [main] DEBUG io.netty.util.internal.PlatformDependent - -Dio.netty.bitMode: 64 (sun.arch.data.model)
15:17:28.991 [main] DEBUG io.netty.util.internal.PlatformDependent - Platform: Windows
15:17:28.997 [main] DEBUG io.netty.util.internal.PlatformDependent - -Dio.netty.maxDirectMemory: -1 bytes
15:17:28.997 [main] DEBUG io.netty.util.internal.PlatformDependent - -Dio.netty.uninitializedArrayAllocationThreshold: -1
15:17:29.002 [main] DEBUG io.netty.util.internal.CleanerJava9 - java.nio.ByteBuffer.cleaner(): available
15:17:29.003 [main] DEBUG io.netty.util.internal.PlatformDependent - -Dio.netty.noPreferDirect: false
15:17:29.016 [main] DEBUG org.springframework.test.context.cache.DefaultCacheAwareContextLoaderDelegate - Retrieved ApplicationContext [1568286542] from cache with key [[MergedContextConfiguration@64a552 testClass = OrgControllerTest, locations = '{}', classes = '{class com.alkemy.ong.controller.OrgController}', contextInitializerClasses = '[]', activeProfiles = '{}', propertySourceLocations = '{}', propertySourceProperties = '{}', contextCustomizers = set[org.springframework.boot.test.context.filter.ExcludeFilterContextCustomizer@2a389173, org.springframework.boot.test.json.DuplicateJsonObjectContextCustomizerFactory$DuplicateJsonObjectContextCustomizer@795fd838, org.springframework.boot.test.mock.mockito.MockitoContextCustomizer@d0e79068, org.springframework.boot.test.autoconfigure.actuate.metrics.MetricsExportContextCustomizerFactory$DisableMetricExportContextCustomizer@476a736d, org.springframework.boot.test.autoconfigure.properties.PropertyMappingContextCustomizer@0, org.springframework.boot.test.autoconfigure.web.servlet.WebDriverContextCustomizerFactory$Customizer@8ed9cf], contextLoader = 'org.springframework.test.context.support.DelegatingSmartContextLoader', parent = [null]]]
15:17:29.016 [main] DEBUG org.springframework.test.context.cache - Spring test ApplicationContext cache statistics: [DefaultContextCache@278de2b2 size = 8, maxSize = 32, parentContextCount = 0, hitCount = 546, missCount = 8]
15:17:29.018 [main] DEBUG org.springframework.test.context.cache.DefaultCacheAwareContextLoaderDelegate - Retrieved ApplicationContext [1568286542] from cache with key [[MergedContextConfiguration@64a552 testClass = OrgControllerTest, locations = '{}', classes = '{class com.alkemy.ong.controller.OrgController}', contextInitializerClasses = '[]', activeProfiles = '{}', propertySourceLocations = '{}', propertySourceProperties = '{}', contextCustomizers = set[org.springframework.boot.test.context.filter.ExcludeFilterContextCustomizer@2a389173, org.springframework.boot.test.json.DuplicateJsonObjectContextCustomizerFactory$DuplicateJsonObjectContextCustomizer@795fd838, org.springframework.boot.test.mock.mockito.MockitoContextCustomizer@d0e79068, org.springframework.boot.test.autoconfigure.actuate.metrics.MetricsExportContextCustomizerFactory$DisableMetricExportContextCustomizer@476a736d, org.springframework.boot.test.autoconfigure.properties.PropertyMappingContextCustomizer@0, org.springframework.boot.test.autoconfigure.web.servlet.WebDriverContextCustomizerFactory$Customizer@8ed9cf], contextLoader = 'org.springframework.test.context.support.DelegatingSmartContextLoader', parent = [null]]]
15:17:29.018 [main] DEBUG org.springframework.test.context.cache - Spring test ApplicationContext cache statistics: [DefaultContextCache@278de2b2 size = 8, maxSize = 32, parentContextCount = 0, hitCount = 547, missCount = 8]
15:17:29.018 [main] DEBUG org.springframework.test.context.cache.DefaultCacheAwareContextLoaderDelegate - Retrieved ApplicationContext [1568286542] from cache with key [[MergedContextConfiguration@64a552 testClass = OrgControllerTest, locations = '{}', classes = '{class com.alkemy.ong.controller.OrgController}', contextInitializerClasses = '[]', activeProfiles = '{}', propertySourceLocations = '{}', propertySourceProperties = '{}', contextCustomizers = set[org.springframework.boot.test.context.filter.ExcludeFilterContextCustomizer@2a389173, org.springframework.boot.test.json.DuplicateJsonObjectContextCustomizerFactory$DuplicateJsonObjectContextCustomizer@795fd838, org.springframework.boot.test.mock.mockito.MockitoContextCustomizer@d0e79068, org.springframework.boot.test.autoconfigure.actuate.metrics.MetricsExportContextCustomizerFactory$DisableMetricExportContextCustomizer@476a736d, org.springframework.boot.test.autoconfigure.properties.PropertyMappingContextCustomizer@0, org.springframework.boot.test.autoconfigure.web.servlet.WebDriverContextCustomizerFactory$Customizer@8ed9cf], contextLoader = 'org.springframework.test.context.support.DelegatingSmartContextLoader', parent = [null]]]
15:17:29.018 [main] DEBUG org.springframework.test.context.cache - Spring test ApplicationContext cache statistics: [DefaultContextCache@278de2b2 size = 8, maxSize = 32, parentContextCount = 0, hitCount = 548, missCount = 8]
15:17:29.019 [main] DEBUG org.springframework.test.context.cache.DefaultCacheAwareContextLoaderDelegate - Retrieved ApplicationContext [1568286542] from cache with key [[MergedContextConfiguration@64a552 testClass = OrgControllerTest, locations = '{}', classes = '{class com.alkemy.ong.controller.OrgController}', contextInitializerClasses = '[]', activeProfiles = '{}', propertySourceLocations = '{}', propertySourceProperties = '{}', contextCustomizers = set[org.springframework.boot.test.context.filter.ExcludeFilterContextCustomizer@2a389173, org.springframework.boot.test.json.DuplicateJsonObjectContextCustomizerFactory$DuplicateJsonObjectContextCustomizer@795fd838, org.springframework.boot.test.mock.mockito.MockitoContextCustomizer@d0e79068, org.springframework.boot.test.autoconfigure.actuate.metrics.MetricsExportContextCustomizerFactory$DisableMetricExportContextCustomizer@476a736d, org.springframework.boot.test.autoconfigure.properties.PropertyMappingContextCustomizer@0, org.springframework.boot.test.autoconfigure.web.servlet.WebDriverContextCustomizerFactory$Customizer@8ed9cf], contextLoader = 'org.springframework.test.context.support.DelegatingSmartContextLoader', parent = [null]]]
15:17:29.019 [main] DEBUG org.springframework.test.context.cache - Spring test ApplicationContext cache statistics: [DefaultContextCache@278de2b2 size = 8, maxSize = 32, parentContextCount = 0, hitCount = 549, missCount = 8]
15:17:29.020 [main] DEBUG org.springframework.test.context.cache.DefaultCacheAwareContextLoaderDelegate - Retrieved ApplicationContext [1568286542] from cache with key [[MergedContextConfiguration@64a552 testClass = OrgControllerTest, locations = '{}', classes = '{class com.alkemy.ong.controller.OrgController}', contextInitializerClasses = '[]', activeProfiles = '{}', propertySourceLocations = '{}', propertySourceProperties = '{}', contextCustomizers = set[org.springframework.boot.test.context.filter.ExcludeFilterContextCustomizer@2a389173, org.springframework.boot.test.json.DuplicateJsonObjectContextCustomizerFactory$DuplicateJsonObjectContextCustomizer@795fd838, org.springframework.boot.test.mock.mockito.MockitoContextCustomizer@d0e79068, org.springframework.boot.test.autoconfigure.actuate.metrics.MetricsExportContextCustomizerFactory$DisableMetricExportContextCustomizer@476a736d, org.springframework.boot.test.autoconfigure.properties.PropertyMappingContextCustomizer@0, org.springframework.boot.test.autoconfigure.web.servlet.WebDriverContextCustomizerFactory$Customizer@8ed9cf], contextLoader = 'org.springframework.test.context.support.DelegatingSmartContextLoader', parent = [null]]]
15:17:29.020 [main] DEBUG org.springframework.test.context.cache - Spring test ApplicationContext cache statistics: [DefaultContextCache@278de2b2 size = 8, maxSize = 32, parentContextCount = 0, hitCount = 550, missCount = 8]
15:17:29.021 [main] DEBUG org.springframework.test.context.cache.DefaultCacheAwareContextLoaderDelegate - Retrieved ApplicationContext [1568286542] from cache with key [[MergedContextConfiguration@64a552 testClass = OrgControllerTest, locations = '{}', classes = '{class com.alkemy.ong.controller.OrgController}', contextInitializerClasses = '[]', activeProfiles = '{}', propertySourceLocations = '{}', propertySourceProperties = '{}', contextCustomizers = set[org.springframework.boot.test.context.filter.ExcludeFilterContextCustomizer@2a389173, org.springframework.boot.test.json.DuplicateJsonObjectContextCustomizerFactory$DuplicateJsonObjectContextCustomizer@795fd838, org.springframework.boot.test.mock.mockito.MockitoContextCustomizer@d0e79068, org.springframework.boot.test.autoconfigure.actuate.metrics.MetricsExportContextCustomizerFactory$DisableMetricExportContextCustomizer@476a736d, org.springframework.boot.test.autoconfigure.properties.PropertyMappingContextCustomizer@0, org.springframework.boot.test.autoconfigure.web.servlet.WebDriverContextCustomizerFactory$Customizer@8ed9cf], contextLoader = 'org.springframework.test.context.support.DelegatingSmartContextLoader', parent = [null]]]
15:17:29.021 [main] DEBUG org.springframework.test.context.cache - Spring test ApplicationContext cache statistics: [DefaultContextCache@278de2b2 size = 8, maxSize = 32, parentContextCount = 0, hitCount = 551, missCount = 8]
15:17:29.022 [main] DEBUG org.springframework.test.context.support.AbstractDirtiesContextTestExecutionListener - After test method: context [DefaultTestContext@545c3628 testClass = OrgControllerTest, testInstance = com.alkemy.ong.controller.OrgControllerTest@105fa381, testMethod = updatePublicOrganization_whenOngFound_returnOng@OrgControllerTest, testException = [null], mergedContextConfiguration = [MergedContextConfiguration@64a552 testClass = OrgControllerTest, locations = '{}', classes = '{class com.alkemy.ong.controller.OrgController}', contextInitializerClasses = '[]', activeProfiles = '{}', propertySourceLocations = '{}', propertySourceProperties = '{}', contextCustomizers = set[org.springframework.boot.test.context.filter.ExcludeFilterContextCustomizer@2a389173, org.springframework.boot.test.json.DuplicateJsonObjectContextCustomizerFactory$DuplicateJsonObjectContextCustomizer@795fd838, org.springframework.boot.test.mock.mockito.MockitoContextCustomizer@d0e79068, org.springframework.boot.test.autoconfigure.actuate.metrics.MetricsExportContextCustomizerFactory$DisableMetricExportContextCustomizer@476a736d, org.springframework.boot.test.autoconfigure.properties.PropertyMappingContextCustomizer@0, org.springframework.boot.test.autoconfigure.web.servlet.WebDriverContextCustomizerFactory$Customizer@8ed9cf], contextLoader = 'org.springframework.test.context.support.DelegatingSmartContextLoader', parent = [null]], attributes = map['org.springframework.test.context.event.ApplicationEventsTestExecutionListener.recordApplicationEvents' -> false]], class annotated with @DirtiesContext [false] with mode [null], method annotated with @DirtiesContext [false] with mode [null].
]]></system-out>
  </testcase>
  <testcase name="updatePublicOrganization_whenOngNotFound_returnBadRequestStatus" classname="com.alkemy.ong.controller.OrgControllerTest" time="0.075">
    <system-out><![CDATA[15:17:29.025 [main] DEBUG org.springframework.test.context.cache.DefaultCacheAwareContextLoaderDelegate - Retrieved ApplicationContext [1568286542] from cache with key [[MergedContextConfiguration@64a552 testClass = OrgControllerTest, locations = '{}', classes = '{class com.alkemy.ong.controller.OrgController}', contextInitializerClasses = '[]', activeProfiles = '{}', propertySourceLocations = '{}', propertySourceProperties = '{}', contextCustomizers = set[org.springframework.boot.test.context.filter.ExcludeFilterContextCustomizer@2a389173, org.springframework.boot.test.json.DuplicateJsonObjectContextCustomizerFactory$DuplicateJsonObjectContextCustomizer@795fd838, org.springframework.boot.test.mock.mockito.MockitoContextCustomizer@d0e79068, org.springframework.boot.test.autoconfigure.actuate.metrics.MetricsExportContextCustomizerFactory$DisableMetricExportContextCustomizer@476a736d, org.springframework.boot.test.autoconfigure.properties.PropertyMappingContextCustomizer@0, org.springframework.boot.test.autoconfigure.web.servlet.WebDriverContextCustomizerFactory$Customizer@8ed9cf], contextLoader = 'org.springframework.test.context.support.DelegatingSmartContextLoader', parent = [null]]]
15:17:29.025 [main] DEBUG org.springframework.test.context.cache - Spring test ApplicationContext cache statistics: [DefaultContextCache@278de2b2 size = 8, maxSize = 32, parentContextCount = 0, hitCount = 552, missCount = 8]
15:17:29.025 [main] DEBUG org.springframework.test.context.support.DependencyInjectionTestExecutionListener - Performing dependency injection for test context [[DefaultTestContext@545c3628 testClass = OrgControllerTest, testInstance = com.alkemy.ong.controller.OrgControllerTest@6c6c7ee5, testMethod = [null], testException = [null], mergedContextConfiguration = [MergedContextConfiguration@64a552 testClass = OrgControllerTest, locations = '{}', classes = '{class com.alkemy.ong.controller.OrgController}', contextInitializerClasses = '[]', activeProfiles = '{}', propertySourceLocations = '{}', propertySourceProperties = '{}', contextCustomizers = set[org.springframework.boot.test.context.filter.ExcludeFilterContextCustomizer@2a389173, org.springframework.boot.test.json.DuplicateJsonObjectContextCustomizerFactory$DuplicateJsonObjectContextCustomizer@795fd838, org.springframework.boot.test.mock.mockito.MockitoContextCustomizer@d0e79068, org.springframework.boot.test.autoconfigure.actuate.metrics.MetricsExportContextCustomizerFactory$DisableMetricExportContextCustomizer@476a736d, org.springframework.boot.test.autoconfigure.properties.PropertyMappingContextCustomizer@0, org.springframework.boot.test.autoconfigure.web.servlet.WebDriverContextCustomizerFactory$Customizer@8ed9cf], contextLoader = 'org.springframework.test.context.support.DelegatingSmartContextLoader', parent = [null]], attributes = map['org.springframework.test.context.event.ApplicationEventsTestExecutionListener.recordApplicationEvents' -> false]]].
15:17:29.025 [main] DEBUG org.springframework.test.context.cache.DefaultCacheAwareContextLoaderDelegate - Retrieved ApplicationContext [1568286542] from cache with key [[MergedContextConfiguration@64a552 testClass = OrgControllerTest, locations = '{}', classes = '{class com.alkemy.ong.controller.OrgController}', contextInitializerClasses = '[]', activeProfiles = '{}', propertySourceLocations = '{}', propertySourceProperties = '{}', contextCustomizers = set[org.springframework.boot.test.context.filter.ExcludeFilterContextCustomizer@2a389173, org.springframework.boot.test.json.DuplicateJsonObjectContextCustomizerFactory$DuplicateJsonObjectContextCustomizer@795fd838, org.springframework.boot.test.mock.mockito.MockitoContextCustomizer@d0e79068, org.springframework.boot.test.autoconfigure.actuate.metrics.MetricsExportContextCustomizerFactory$DisableMetricExportContextCustomizer@476a736d, org.springframework.boot.test.autoconfigure.properties.PropertyMappingContextCustomizer@0, org.springframework.boot.test.autoconfigure.web.servlet.WebDriverContextCustomizerFactory$Customizer@8ed9cf], contextLoader = 'org.springframework.test.context.support.DelegatingSmartContextLoader', parent = [null]]]
15:17:29.025 [main] DEBUG org.springframework.test.context.cache - Spring test ApplicationContext cache statistics: [DefaultContextCache@278de2b2 size = 8, maxSize = 32, parentContextCount = 0, hitCount = 553, missCount = 8]
15:17:29.026 [main] DEBUG org.springframework.test.context.cache.DefaultCacheAwareContextLoaderDelegate - Retrieved ApplicationContext [1568286542] from cache with key [[MergedContextConfiguration@64a552 testClass = OrgControllerTest, locations = '{}', classes = '{class com.alkemy.ong.controller.OrgController}', contextInitializerClasses = '[]', activeProfiles = '{}', propertySourceLocations = '{}', propertySourceProperties = '{}', contextCustomizers = set[org.springframework.boot.test.context.filter.ExcludeFilterContextCustomizer@2a389173, org.springframework.boot.test.json.DuplicateJsonObjectContextCustomizerFactory$DuplicateJsonObjectContextCustomizer@795fd838, org.springframework.boot.test.mock.mockito.MockitoContextCustomizer@d0e79068, org.springframework.boot.test.autoconfigure.actuate.metrics.MetricsExportContextCustomizerFactory$DisableMetricExportContextCustomizer@476a736d, org.springframework.boot.test.autoconfigure.properties.PropertyMappingContextCustomizer@0, org.springframework.boot.test.autoconfigure.web.servlet.WebDriverContextCustomizerFactory$Customizer@8ed9cf], contextLoader = 'org.springframework.test.context.support.DelegatingSmartContextLoader', parent = [null]]]
15:17:29.026 [main] DEBUG org.springframework.test.context.cache - Spring test ApplicationContext cache statistics: [DefaultContextCache@278de2b2 size = 8, maxSize = 32, parentContextCount = 0, hitCount = 554, missCount = 8]
15:17:29.028 [main] DEBUG org.springframework.test.context.support.AbstractDirtiesContextTestExecutionListener - Before test method: context [DefaultTestContext@545c3628 testClass = OrgControllerTest, testInstance = com.alkemy.ong.controller.OrgControllerTest@6c6c7ee5, testMethod = updatePublicOrganization_whenOngNotFound_returnBadRequestStatus@OrgControllerTest, testException = [null], mergedContextConfiguration = [MergedContextConfiguration@64a552 testClass = OrgControllerTest, locations = '{}', classes = '{class com.alkemy.ong.controller.OrgController}', contextInitializerClasses = '[]', activeProfiles = '{}', propertySourceLocations = '{}', propertySourceProperties = '{}', contextCustomizers = set[org.springframework.boot.test.context.filter.ExcludeFilterContextCustomizer@2a389173, org.springframework.boot.test.json.DuplicateJsonObjectContextCustomizerFactory$DuplicateJsonObjectContextCustomizer@795fd838, org.springframework.boot.test.mock.mockito.MockitoContextCustomizer@d0e79068, org.springframework.boot.test.autoconfigure.actuate.metrics.MetricsExportContextCustomizerFactory$DisableMetricExportContextCustomizer@476a736d, org.springframework.boot.test.autoconfigure.properties.PropertyMappingContextCustomizer@0, org.springframework.boot.test.autoconfigure.web.servlet.WebDriverContextCustomizerFactory$Customizer@8ed9cf], contextLoader = 'org.springframework.test.context.support.DelegatingSmartContextLoader', parent = [null]], attributes = map['org.springframework.test.context.event.ApplicationEventsTestExecutionListener.recordApplicationEvents' -> false]], class annotated with @DirtiesContext [false] with mode [null], method annotated with @DirtiesContext [false] with mode [null].
15:17:29.029 [main] DEBUG org.springframework.test.context.cache.DefaultCacheAwareContextLoaderDelegate - Retrieved ApplicationContext [1568286542] from cache with key [[MergedContextConfiguration@64a552 testClass = OrgControllerTest, locations = '{}', classes = '{class com.alkemy.ong.controller.OrgController}', contextInitializerClasses = '[]', activeProfiles = '{}', propertySourceLocations = '{}', propertySourceProperties = '{}', contextCustomizers = set[org.springframework.boot.test.context.filter.ExcludeFilterContextCustomizer@2a389173, org.springframework.boot.test.json.DuplicateJsonObjectContextCustomizerFactory$DuplicateJsonObjectContextCustomizer@795fd838, org.springframework.boot.test.mock.mockito.MockitoContextCustomizer@d0e79068, org.springframework.boot.test.autoconfigure.actuate.metrics.MetricsExportContextCustomizerFactory$DisableMetricExportContextCustomizer@476a736d, org.springframework.boot.test.autoconfigure.properties.PropertyMappingContextCustomizer@0, org.springframework.boot.test.autoconfigure.web.servlet.WebDriverContextCustomizerFactory$Customizer@8ed9cf], contextLoader = 'org.springframework.test.context.support.DelegatingSmartContextLoader', parent = [null]]]
15:17:29.029 [main] DEBUG org.springframework.test.context.cache - Spring test ApplicationContext cache statistics: [DefaultContextCache@278de2b2 size = 8, maxSize = 32, parentContextCount = 0, hitCount = 555, missCount = 8]
15:17:29.029 [main] DEBUG org.springframework.test.context.cache.DefaultCacheAwareContextLoaderDelegate - Retrieved ApplicationContext [1568286542] from cache with key [[MergedContextConfiguration@64a552 testClass = OrgControllerTest, locations = '{}', classes = '{class com.alkemy.ong.controller.OrgController}', contextInitializerClasses = '[]', activeProfiles = '{}', propertySourceLocations = '{}', propertySourceProperties = '{}', contextCustomizers = set[org.springframework.boot.test.context.filter.ExcludeFilterContextCustomizer@2a389173, org.springframework.boot.test.json.DuplicateJsonObjectContextCustomizerFactory$DuplicateJsonObjectContextCustomizer@795fd838, org.springframework.boot.test.mock.mockito.MockitoContextCustomizer@d0e79068, org.springframework.boot.test.autoconfigure.actuate.metrics.MetricsExportContextCustomizerFactory$DisableMetricExportContextCustomizer@476a736d, org.springframework.boot.test.autoconfigure.properties.PropertyMappingContextCustomizer@0, org.springframework.boot.test.autoconfigure.web.servlet.WebDriverContextCustomizerFactory$Customizer@8ed9cf], contextLoader = 'org.springframework.test.context.support.DelegatingSmartContextLoader', parent = [null]]]
15:17:29.029 [main] DEBUG org.springframework.test.context.cache - Spring test ApplicationContext cache statistics: [DefaultContextCache@278de2b2 size = 8, maxSize = 32, parentContextCount = 0, hitCount = 556, missCount = 8]
15:17:29.031 [main] DEBUG org.springframework.test.context.cache.DefaultCacheAwareContextLoaderDelegate - Retrieved ApplicationContext [1568286542] from cache with key [[MergedContextConfiguration@64a552 testClass = OrgControllerTest, locations = '{}', classes = '{class com.alkemy.ong.controller.OrgController}', contextInitializerClasses = '[]', activeProfiles = '{}', propertySourceLocations = '{}', propertySourceProperties = '{}', contextCustomizers = set[org.springframework.boot.test.context.filter.ExcludeFilterContextCustomizer@2a389173, org.springframework.boot.test.json.DuplicateJsonObjectContextCustomizerFactory$DuplicateJsonObjectContextCustomizer@795fd838, org.springframework.boot.test.mock.mockito.MockitoContextCustomizer@d0e79068, org.springframework.boot.test.autoconfigure.actuate.metrics.MetricsExportContextCustomizerFactory$DisableMetricExportContextCustomizer@476a736d, org.springframework.boot.test.autoconfigure.properties.PropertyMappingContextCustomizer@0, org.springframework.boot.test.autoconfigure.web.servlet.WebDriverContextCustomizerFactory$Customizer@8ed9cf], contextLoader = 'org.springframework.test.context.support.DelegatingSmartContextLoader', parent = [null]]]
15:17:29.031 [main] DEBUG org.springframework.test.context.cache - Spring test ApplicationContext cache statistics: [DefaultContextCache@278de2b2 size = 8, maxSize = 32, parentContextCount = 0, hitCount = 557, missCount = 8]
15:17:29.036 [main] DEBUG org.hibernate.validator.messageinterpolation.ResourceBundleMessageInterpolator - Loaded expression factory via original TCCL
15:17:29.036 [main] DEBUG org.hibernate.validator.internal.engine.AbstractConfigurationImpl - Setting custom MessageInterpolator of type org.springframework.validation.beanvalidation.LocaleContextMessageInterpolator
15:17:29.036 [main] DEBUG org.hibernate.validator.internal.engine.AbstractConfigurationImpl - Setting custom ParameterNameProvider of type org.springframework.validation.beanvalidation.LocalValidatorFactoryBean$1
15:17:29.036 [main] DEBUG org.hibernate.validator.internal.xml.config.ValidationXmlParser - Trying to load META-INF/validation.xml for XML based Validator configuration.
15:17:29.036 [main] DEBUG org.hibernate.validator.internal.xml.config.ResourceLoaderHelper - Trying to load META-INF/validation.xml via TCCL
15:17:29.037 [main] DEBUG org.hibernate.validator.internal.xml.config.ResourceLoaderHelper - Trying to load META-INF/validation.xml via Hibernate Validator's class loader
15:17:29.038 [main] DEBUG org.hibernate.validator.internal.xml.config.ValidationXmlParser - No META-INF/validation.xml found. Using annotation based configuration only.
15:17:29.038 [main] DEBUG org.hibernate.validator.internal.engine.resolver.TraversableResolvers - Found javax.persistence.Persistence on classpath containing 'getPersistenceUtil'. Assuming JPA 2 environment. Trying to instantiate JPA aware TraversableResolver
15:17:29.038 [main] DEBUG org.hibernate.validator.internal.engine.resolver.TraversableResolvers - Instantiated JPA aware TraversableResolver of type org.hibernate.validator.internal.engine.resolver.JPATraversableResolver.
15:17:29.039 [main] DEBUG org.hibernate.validator.internal.engine.ValidatorFactoryConfigurationHelper - HV000252: Using org.hibernate.validator.internal.engine.DefaultPropertyNodeNameProvider as property node name provider.
15:17:29.040 [main] DEBUG org.hibernate.validator.internal.engine.ValidatorFactoryConfigurationHelper - HV000234: Using org.springframework.validation.beanvalidation.LocaleContextMessageInterpolator as ValidatorFactory-scoped message interpolator.
15:17:29.040 [main] DEBUG org.hibernate.validator.internal.engine.ValidatorFactoryConfigurationHelper - HV000234: Using org.hibernate.validator.internal.engine.resolver.JPATraversableResolver as ValidatorFactory-scoped traversable resolver.
15:17:29.040 [main] DEBUG org.hibernate.validator.internal.engine.ValidatorFactoryConfigurationHelper - HV000234: Using org.hibernate.validator.internal.util.ExecutableParameterNameProvider as ValidatorFactory-scoped parameter name provider.
15:17:29.040 [main] DEBUG org.hibernate.validator.internal.engine.ValidatorFactoryConfigurationHelper - HV000234: Using org.hibernate.validator.internal.engine.DefaultClockProvider as ValidatorFactory-scoped clock provider.
15:17:29.040 [main] DEBUG org.hibernate.validator.internal.engine.ValidatorFactoryConfigurationHelper - HV000234: Using org.hibernate.validator.internal.engine.scripting.DefaultScriptEvaluatorFactory as ValidatorFactory-scoped script evaluator factory.
15:17:29.043 [main] DEBUG _org.springframework.web.servlet.HandlerMapping.Mappings - 
	c.a.o.c.OrgController:
	{PUT [/organization/public/{id}]}: updatePublicOrganization(String,PublicOrganizationDto)
	{GET [/organization/public]}: getPublicDataConfig()
	{GET [/organization/public/slides/{id}]}: slidesList(String)
15:17:29.044 [main] DEBUG org.springframework.web.servlet.mvc.method.annotation.RequestMappingHandlerMapping - 3 mappings in org.springframework.web.servlet.mvc.method.annotation.RequestMappingHandlerMapping
15:17:29.059 [main] DEBUG org.springframework.web.servlet.mvc.method.annotation.RequestMappingHandlerAdapter - ControllerAdvice beans: 0 @ModelAttribute, 0 @InitBinder, 1 RequestBodyAdvice, 1 ResponseBodyAdvice
15:17:29.062 [main] DEBUG org.springframework.web.servlet.mvc.method.annotation.ExceptionHandlerExceptionResolver - ControllerAdvice beans: 0 @ExceptionHandler, 1 ResponseBodyAdvice
15:17:29.062 [main] INFO org.springframework.mock.web.MockServletContext - Initializing Spring TestDispatcherServlet ''
15:17:29.062 [main] INFO org.springframework.test.web.servlet.TestDispatcherServlet - Initializing Servlet ''
15:17:29.062 [main] DEBUG org.springframework.test.web.servlet.TestDispatcherServlet - Detected AcceptHeaderLocaleResolver
15:17:29.062 [main] DEBUG org.springframework.test.web.servlet.TestDispatcherServlet - Detected FixedThemeResolver
15:17:29.063 [main] DEBUG org.springframework.test.web.servlet.TestDispatcherServlet - Detected org.springframework.web.servlet.view.DefaultRequestToViewNameTranslator@3edea9e6
15:17:29.063 [main] DEBUG org.springframework.test.web.servlet.TestDispatcherServlet - Detected org.springframework.web.servlet.support.SessionFlashMapManager@75d70348
15:17:29.063 [main] DEBUG org.springframework.test.web.servlet.TestDispatcherServlet - enableLoggingRequestDetails='false': request parameters and headers will be masked to prevent unsafe logging of potentially sensitive data
15:17:29.063 [main] INFO org.springframework.test.web.servlet.TestDispatcherServlet - Completed initialization in 1 ms
15:17:29.064 [main] DEBUG org.springframework.test.web.servlet.TestDispatcherServlet - PUT "/organization/public/12", parameters={}
15:17:29.064 [main] DEBUG org.springframework.web.servlet.mvc.method.annotation.RequestMappingHandlerMapping - Mapped to com.alkemy.ong.controller.OrgController#updatePublicOrganization(String, PublicOrganizationDto)
15:17:29.069 [main] DEBUG org.springframework.web.servlet.mvc.method.annotation.RequestResponseBodyMethodProcessor - Read "application/json" to [PublicOrganizationDto(id=null, name=null, image=null, phone=null, address=null, facebookUrl=null, li (truncated)...]
15:17:29.081 [main] DEBUG org.springframework.core.LocalVariableTableParameterNameDiscoverer - ASM ClassReader failed to parse class file [class java.lang.Object], probably due to a new Java class file version that isn't supported yet - unable to determine constructor/method parameter names
java.lang.IllegalArgumentException: Unsupported class file major version 62
	at org.springframework.asm.ClassReader.<init>(ClassReader.java:199)
	at org.springframework.asm.ClassReader.<init>(ClassReader.java:180)
	at org.springframework.asm.ClassReader.<init>(ClassReader.java:166)
	at org.springframework.asm.ClassReader.<init>(ClassReader.java:287)
	at org.springframework.core.LocalVariableTableParameterNameDiscoverer.inspectClass(LocalVariableTableParameterNameDiscoverer.java:105)
	at java.base/java.util.concurrent.ConcurrentHashMap.computeIfAbsent(ConcurrentHashMap.java:1708)
	at org.springframework.core.LocalVariableTableParameterNameDiscoverer.doGetParameterNames(LocalVariableTableParameterNameDiscoverer.java:84)
	at org.springframework.core.LocalVariableTableParameterNameDiscoverer.getParameterNames(LocalVariableTableParameterNameDiscoverer.java:72)
	at org.springframework.core.PrioritizedParameterNameDiscoverer.getParameterNames(PrioritizedParameterNameDiscoverer.java:55)
	at org.springframework.validation.beanvalidation.LocalValidatorFactoryBean$1.getParameterNames(LocalValidatorFactoryBean.java:337)
	at org.hibernate.validator.internal.util.ExecutableParameterNameProvider.getParameterNames(ExecutableParameterNameProvider.java:37)
	at org.hibernate.validator.internal.properties.javabean.JavaBeanExecutable.getParameterName(JavaBeanExecutable.java:86)
	at org.hibernate.validator.internal.metadata.aggregated.ParameterMetaData$Builder.build(ParameterMetaData.java:165)
	at org.hibernate.validator.internal.metadata.aggregated.ExecutableMetaData$Builder.findParameterMetaData(ExecutableMetaData.java:436)
	at org.hibernate.validator.internal.metadata.aggregated.ExecutableMetaData$Builder.build(ExecutableMetaData.java:391)
	at org.hibernate.validator.internal.metadata.aggregated.BeanMetaDataBuilder$BuilderDelegate.build(BeanMetaDataBuilder.java:260)
	at org.hibernate.validator.internal.metadata.aggregated.BeanMetaDataBuilder.build(BeanMetaDataBuilder.java:133)
	at org.hibernate.validator.internal.metadata.BeanMetaDataManagerImpl.createBeanMetaData(BeanMetaDataManagerImpl.java:206)
	at org.hibernate.validator.internal.metadata.BeanMetaDataManagerImpl.getBeanMetaData(BeanMetaDataManagerImpl.java:165)
	at org.hibernate.validator.internal.engine.ValidatorImpl.validate(ValidatorImpl.java:156)
	at org.springframework.validation.beanvalidation.SpringValidatorAdapter.validate(SpringValidatorAdapter.java:109)
	at org.springframework.validation.DataBinder.validate(DataBinder.java:895)
	at org.springframework.web.servlet.mvc.method.annotation.AbstractMessageConverterMethodArgumentResolver.validateIfApplicable(AbstractMessageConverterMethodArgumentResolver.java:245)
	at org.springframework.web.servlet.mvc.method.annotation.RequestResponseBodyMethodProcessor.resolveArgument(RequestResponseBodyMethodProcessor.java:137)
	at org.springframework.web.method.support.HandlerMethodArgumentResolverComposite.resolveArgument(HandlerMethodArgumentResolverComposite.java:121)
	at org.springframework.web.method.support.InvocableHandlerMethod.getMethodArgumentValues(InvocableHandlerMethod.java:170)
	at org.springframework.web.method.support.InvocableHandlerMethod.invokeForRequest(InvocableHandlerMethod.java:137)
	at org.springframework.web.servlet.mvc.method.annotation.ServletInvocableHandlerMethod.invokeAndHandle(ServletInvocableHandlerMethod.java:106)
	at org.springframework.web.servlet.mvc.method.annotation.RequestMappingHandlerAdapter.invokeHandlerMethod(RequestMappingHandlerAdapter.java:894)
	at org.springframework.web.servlet.mvc.method.annotation.RequestMappingHandlerAdapter.handleInternal(RequestMappingHandlerAdapter.java:808)
	at org.springframework.web.servlet.mvc.method.AbstractHandlerMethodAdapter.handle(AbstractHandlerMethodAdapter.java:87)
	at org.springframework.web.servlet.DispatcherServlet.doDispatch(DispatcherServlet.java:1063)
	at org.springframework.web.servlet.DispatcherServlet.doService(DispatcherServlet.java:963)
	at org.springframework.web.servlet.FrameworkServlet.processRequest(FrameworkServlet.java:1006)
	at org.springframework.web.servlet.FrameworkServlet.doPut(FrameworkServlet.java:920)
	at javax.servlet.http.HttpServlet.service(HttpServlet.java:655)
	at org.springframework.web.servlet.FrameworkServlet.service(FrameworkServlet.java:883)
	at org.springframework.test.web.servlet.TestDispatcherServlet.service(TestDispatcherServlet.java:72)
	at javax.servlet.http.HttpServlet.service(HttpServlet.java:733)
	at org.springframework.mock.web.MockFilterChain$ServletFilterProxy.doFilter(MockFilterChain.java:167)
	at org.springframework.mock.web.MockFilterChain.doFilter(MockFilterChain.java:134)
	at org.springframework.test.web.servlet.MockMvc.perform(MockMvc.java:183)
	at com.alkemy.ong.controller.OrgControllerTest.updatePublicOrganization_whenOngNotFound_returnBadRequestStatus(OrgControllerTest.java:221)
	at java.base/jdk.internal.reflect.DirectMethodHandleAccessor.invoke(DirectMethodHandleAccessor.java:104)
	at java.base/java.lang.reflect.Method.invoke(Method.java:577)
	at org.junit.platform.commons.util.ReflectionUtils.invokeMethod(ReflectionUtils.java:688)
	at org.junit.jupiter.engine.execution.MethodInvocation.proceed(MethodInvocation.java:60)
	at org.junit.jupiter.engine.execution.InvocationInterceptorChain$ValidatingInvocation.proceed(InvocationInterceptorChain.java:131)
	at org.junit.jupiter.engine.extension.TimeoutExtension.intercept(TimeoutExtension.java:149)
	at org.junit.jupiter.engine.extension.TimeoutExtension.interceptTestableMethod(TimeoutExtension.java:140)
	at org.junit.jupiter.engine.extension.TimeoutExtension.interceptTestMethod(TimeoutExtension.java:84)
	at org.junit.jupiter.engine.execution.ExecutableInvoker$ReflectiveInterceptorCall.lambda$ofVoidMethod$0(ExecutableInvoker.java:115)
	at org.junit.jupiter.engine.execution.ExecutableInvoker.lambda$invoke$0(ExecutableInvoker.java:105)
	at org.junit.jupiter.engine.execution.InvocationInterceptorChain$InterceptedInvocation.proceed(InvocationInterceptorChain.java:106)
	at org.junit.jupiter.engine.execution.InvocationInterceptorChain.proceed(InvocationInterceptorChain.java:64)
	at org.junit.jupiter.engine.execution.InvocationInterceptorChain.chainAndInvoke(InvocationInterceptorChain.java:45)
	at org.junit.jupiter.engine.execution.InvocationInterceptorChain.invoke(InvocationInterceptorChain.java:37)
	at org.junit.jupiter.engine.execution.ExecutableInvoker.invoke(ExecutableInvoker.java:104)
	at org.junit.jupiter.engine.execution.ExecutableInvoker.invoke(ExecutableInvoker.java:98)
	at org.junit.jupiter.engine.descriptor.TestMethodTestDescriptor.lambda$invokeTestMethod$6(TestMethodTestDescriptor.java:210)
	at org.junit.platform.engine.support.hierarchical.ThrowableCollector.execute(ThrowableCollector.java:73)
	at org.junit.jupiter.engine.descriptor.TestMethodTestDescriptor.invokeTestMethod(TestMethodTestDescriptor.java:206)
	at org.junit.jupiter.engine.descriptor.TestMethodTestDescriptor.execute(TestMethodTestDescriptor.java:131)
	at org.junit.jupiter.engine.descriptor.TestMethodTestDescriptor.execute(TestMethodTestDescriptor.java:65)
	at org.junit.platform.engine.support.hierarchical.NodeTestTask.lambda$executeRecursively$5(NodeTestTask.java:139)
	at org.junit.platform.engine.support.hierarchical.ThrowableCollector.execute(ThrowableCollector.java:73)
	at org.junit.platform.engine.support.hierarchical.NodeTestTask.lambda$executeRecursively$7(NodeTestTask.java:129)
	at org.junit.platform.engine.support.hierarchical.Node.around(Node.java:137)
	at org.junit.platform.engine.support.hierarchical.NodeTestTask.lambda$executeRecursively$8(NodeTestTask.java:127)
	at org.junit.platform.engine.support.hierarchical.ThrowableCollector.execute(ThrowableCollector.java:73)
	at org.junit.platform.engine.support.hierarchical.NodeTestTask.executeRecursively(NodeTestTask.java:126)
	at org.junit.platform.engine.support.hierarchical.NodeTestTask.execute(NodeTestTask.java:84)
	at java.base/java.util.ArrayList.forEach(ArrayList.java:1511)
	at org.junit.platform.engine.support.hierarchical.SameThreadHierarchicalTestExecutorService.invokeAll(SameThreadHierarchicalTestExecutorService.java:38)
	at org.junit.platform.engine.support.hierarchical.NodeTestTask.lambda$executeRecursively$5(NodeTestTask.java:143)
	at org.junit.platform.engine.support.hierarchical.ThrowableCollector.execute(ThrowableCollector.java:73)
	at org.junit.platform.engine.support.hierarchical.NodeTestTask.lambda$executeRecursively$7(NodeTestTask.java:129)
	at org.junit.platform.engine.support.hierarchical.Node.around(Node.java:137)
	at org.junit.platform.engine.support.hierarchical.NodeTestTask.lambda$executeRecursively$8(NodeTestTask.java:127)
	at org.junit.platform.engine.support.hierarchical.ThrowableCollector.execute(ThrowableCollector.java:73)
	at org.junit.platform.engine.support.hierarchical.NodeTestTask.executeRecursively(NodeTestTask.java:126)
	at org.junit.platform.engine.support.hierarchical.NodeTestTask.execute(NodeTestTask.java:84)
	at java.base/java.util.ArrayList.forEach(ArrayList.java:1511)
	at org.junit.platform.engine.support.hierarchical.SameThreadHierarchicalTestExecutorService.invokeAll(SameThreadHierarchicalTestExecutorService.java:38)
	at org.junit.platform.engine.support.hierarchical.NodeTestTask.lambda$executeRecursively$5(NodeTestTask.java:143)
	at org.junit.platform.engine.support.hierarchical.ThrowableCollector.execute(ThrowableCollector.java:73)
	at org.junit.platform.engine.support.hierarchical.NodeTestTask.lambda$executeRecursively$7(NodeTestTask.java:129)
	at org.junit.platform.engine.support.hierarchical.Node.around(Node.java:137)
	at org.junit.platform.engine.support.hierarchical.NodeTestTask.lambda$executeRecursively$8(NodeTestTask.java:127)
	at org.junit.platform.engine.support.hierarchical.ThrowableCollector.execute(ThrowableCollector.java:73)
	at org.junit.platform.engine.support.hierarchical.NodeTestTask.executeRecursively(NodeTestTask.java:126)
	at org.junit.platform.engine.support.hierarchical.NodeTestTask.execute(NodeTestTask.java:84)
	at org.junit.platform.engine.support.hierarchical.SameThreadHierarchicalTestExecutorService.submit(SameThreadHierarchicalTestExecutorService.java:32)
	at org.junit.platform.engine.support.hierarchical.HierarchicalTestExecutor.execute(HierarchicalTestExecutor.java:57)
	at org.junit.platform.engine.support.hierarchical.HierarchicalTestEngine.execute(HierarchicalTestEngine.java:51)
	at org.junit.platform.launcher.core.EngineExecutionOrchestrator.execute(EngineExecutionOrchestrator.java:108)
	at org.junit.platform.launcher.core.EngineExecutionOrchestrator.execute(EngineExecutionOrchestrator.java:88)
	at org.junit.platform.launcher.core.EngineExecutionOrchestrator.lambda$execute$0(EngineExecutionOrchestrator.java:54)
	at org.junit.platform.launcher.core.EngineExecutionOrchestrator.withInterceptedStreams(EngineExecutionOrchestrator.java:67)
	at org.junit.platform.launcher.core.EngineExecutionOrchestrator.execute(EngineExecutionOrchestrator.java:52)
	at org.junit.platform.launcher.core.DefaultLauncher.execute(DefaultLauncher.java:96)
	at org.junit.platform.launcher.core.DefaultLauncher.execute(DefaultLauncher.java:75)
	at org.apache.maven.surefire.junitplatform.LazyLauncher.execute(LazyLauncher.java:55)
	at org.apache.maven.surefire.junitplatform.JUnitPlatformProvider.execute(JUnitPlatformProvider.java:223)
	at org.apache.maven.surefire.junitplatform.JUnitPlatformProvider.invokeAllTests(JUnitPlatformProvider.java:175)
	at org.apache.maven.surefire.junitplatform.JUnitPlatformProvider.invoke(JUnitPlatformProvider.java:139)
	at org.apache.maven.surefire.booter.ForkedBooter.runSuitesInProcess(ForkedBooter.java:456)
	at org.apache.maven.surefire.booter.ForkedBooter.execute(ForkedBooter.java:169)
	at org.apache.maven.surefire.booter.ForkedBooter.run(ForkedBooter.java:595)
	at org.apache.maven.surefire.booter.ForkedBooter.main(ForkedBooter.java:581)
15:17:29.083 [main] DEBUG org.hibernate.validator.resourceloading.PlatformResourceBundleLocator - ValidationMessages not found.
15:17:29.084 [main] DEBUG org.hibernate.validator.resourceloading.PlatformResourceBundleLocator - ContributorValidationMessages not found.
15:17:29.084 [main] DEBUG org.hibernate.validator.resourceloading.PlatformResourceBundleLocator - org.hibernate.validator.ValidationMessages found.
15:17:29.095 [main] WARN org.springframework.web.servlet.mvc.support.DefaultHandlerExceptionResolver - Resolved [org.springframework.web.bind.MethodArgumentNotValidException: Validation failed for argument [1] in org.springframework.http.ResponseEntity<com.alkemy.ong.dto.PublicOrganizationDto> com.alkemy.ong.controller.OrgController.updatePublicOrganization(java.lang.String,com.alkemy.ong.dto.PublicOrganizationDto) with 7 errors: [Field error in object 'publicOrganizationDto' on field 'phone': rejected value [null]; codes [NotBlank.publicOrganizationDto.phone,NotBlank.phone,NotBlank.java.lang.String,NotBlank]; arguments [org.springframework.context.support.DefaultMessageSourceResolvable: codes [publicOrganizationDto.phone,phone]; arguments []; default message [phone]]; default message [must not be blank]] [Field error in object 'publicOrganizationDto' on field 'facebookUrl': rejected value [null]; codes [NotBlank.publicOrganizationDto.facebookUrl,NotBlank.facebookUrl,NotBlank.java.lang.String,NotBlank]; arguments [org.springframework.context.support.DefaultMessageSourceResolvable: codes [publicOrganizationDto.facebookUrl,facebookUrl]; arguments []; default message [facebookUrl]]; default message [must not be blank]] [Field error in object 'publicOrganizationDto' on field 'address': rejected value [null]; codes [NotBlank.publicOrganizationDto.address,NotBlank.address,NotBlank.java.lang.String,NotBlank]; arguments [org.springframework.context.support.DefaultMessageSourceResolvable: codes [publicOrganizationDto.address,address]; arguments []; default message [address]]; default message [must not be blank]] [Field error in object 'publicOrganizationDto' on field 'instagramUrl': rejected value [null]; codes [NotBlank.publicOrganizationDto.instagramUrl,NotBlank.instagramUrl,NotBlank.java.lang.String,NotBlank]; arguments [org.springframework.context.support.DefaultMessageSourceResolvable: codes [publicOrganizationDto.instagramUrl,instagramUrl]; arguments []; default message [instagramUrl]]; default message [must not be blank]] [Field error in object 'publicOrganizationDto' on field 'image': rejected value [null]; codes [NotBlank.publicOrganizationDto.image,NotBlank.image,NotBlank.java.lang.String,NotBlank]; arguments [org.springframework.context.support.DefaultMessageSourceResolvable: codes [publicOrganizationDto.image,image]; arguments []; default message [image]]; default message [must not be blank]] [Field error in object 'publicOrganizationDto' on field 'linkedinUrl': rejected value [null]; codes [NotBlank.publicOrganizationDto.linkedinUrl,NotBlank.linkedinUrl,NotBlank.java.lang.String,NotBlank]; arguments [org.springframework.context.support.DefaultMessageSourceResolvable: codes [publicOrganizationDto.linkedinUrl,linkedinUrl]; arguments []; default message [linkedinUrl]]; default message [must not be blank]] [Field error in object 'publicOrganizationDto' on field 'name': rejected value [null]; codes [NotBlank.publicOrganizationDto.name,NotBlank.name,NotBlank.java.lang.String,NotBlank]; arguments [org.springframework.context.support.DefaultMessageSourceResolvable: codes [publicOrganizationDto.name,name]; arguments []; default message [name]]; default message [must not be blank]] ]
15:17:29.095 [main] DEBUG org.springframework.test.web.servlet.TestDispatcherServlet - Completed 400 BAD_REQUEST
15:17:29.096 [main] DEBUG org.springframework.test.context.cache.DefaultCacheAwareContextLoaderDelegate - Retrieved ApplicationContext [1568286542] from cache with key [[MergedContextConfiguration@64a552 testClass = OrgControllerTest, locations = '{}', classes = '{class com.alkemy.ong.controller.OrgController}', contextInitializerClasses = '[]', activeProfiles = '{}', propertySourceLocations = '{}', propertySourceProperties = '{}', contextCustomizers = set[org.springframework.boot.test.context.filter.ExcludeFilterContextCustomizer@2a389173, org.springframework.boot.test.json.DuplicateJsonObjectContextCustomizerFactory$DuplicateJsonObjectContextCustomizer@795fd838, org.springframework.boot.test.mock.mockito.MockitoContextCustomizer@d0e79068, org.springframework.boot.test.autoconfigure.actuate.metrics.MetricsExportContextCustomizerFactory$DisableMetricExportContextCustomizer@476a736d, org.springframework.boot.test.autoconfigure.properties.PropertyMappingContextCustomizer@0, org.springframework.boot.test.autoconfigure.web.servlet.WebDriverContextCustomizerFactory$Customizer@8ed9cf], contextLoader = 'org.springframework.test.context.support.DelegatingSmartContextLoader', parent = [null]]]
15:17:29.096 [main] DEBUG org.springframework.test.context.cache - Spring test ApplicationContext cache statistics: [DefaultContextCache@278de2b2 size = 8, maxSize = 32, parentContextCount = 0, hitCount = 558, missCount = 8]
15:17:29.098 [main] DEBUG org.springframework.test.context.cache.DefaultCacheAwareContextLoaderDelegate - Retrieved ApplicationContext [1568286542] from cache with key [[MergedContextConfiguration@64a552 testClass = OrgControllerTest, locations = '{}', classes = '{class com.alkemy.ong.controller.OrgController}', contextInitializerClasses = '[]', activeProfiles = '{}', propertySourceLocations = '{}', propertySourceProperties = '{}', contextCustomizers = set[org.springframework.boot.test.context.filter.ExcludeFilterContextCustomizer@2a389173, org.springframework.boot.test.json.DuplicateJsonObjectContextCustomizerFactory$DuplicateJsonObjectContextCustomizer@795fd838, org.springframework.boot.test.mock.mockito.MockitoContextCustomizer@d0e79068, org.springframework.boot.test.autoconfigure.actuate.metrics.MetricsExportContextCustomizerFactory$DisableMetricExportContextCustomizer@476a736d, org.springframework.boot.test.autoconfigure.properties.PropertyMappingContextCustomizer@0, org.springframework.boot.test.autoconfigure.web.servlet.WebDriverContextCustomizerFactory$Customizer@8ed9cf], contextLoader = 'org.springframework.test.context.support.DelegatingSmartContextLoader', parent = [null]]]
15:17:29.098 [main] DEBUG org.springframework.test.context.cache - Spring test ApplicationContext cache statistics: [DefaultContextCache@278de2b2 size = 8, maxSize = 32, parentContextCount = 0, hitCount = 559, missCount = 8]
15:17:29.098 [main] DEBUG org.springframework.test.context.cache.DefaultCacheAwareContextLoaderDelegate - Retrieved ApplicationContext [1568286542] from cache with key [[MergedContextConfiguration@64a552 testClass = OrgControllerTest, locations = '{}', classes = '{class com.alkemy.ong.controller.OrgController}', contextInitializerClasses = '[]', activeProfiles = '{}', propertySourceLocations = '{}', propertySourceProperties = '{}', contextCustomizers = set[org.springframework.boot.test.context.filter.ExcludeFilterContextCustomizer@2a389173, org.springframework.boot.test.json.DuplicateJsonObjectContextCustomizerFactory$DuplicateJsonObjectContextCustomizer@795fd838, org.springframework.boot.test.mock.mockito.MockitoContextCustomizer@d0e79068, org.springframework.boot.test.autoconfigure.actuate.metrics.MetricsExportContextCustomizerFactory$DisableMetricExportContextCustomizer@476a736d, org.springframework.boot.test.autoconfigure.properties.PropertyMappingContextCustomizer@0, org.springframework.boot.test.autoconfigure.web.servlet.WebDriverContextCustomizerFactory$Customizer@8ed9cf], contextLoader = 'org.springframework.test.context.support.DelegatingSmartContextLoader', parent = [null]]]
15:17:29.098 [main] DEBUG org.springframework.test.context.cache - Spring test ApplicationContext cache statistics: [DefaultContextCache@278de2b2 size = 8, maxSize = 32, parentContextCount = 0, hitCount = 560, missCount = 8]
15:17:29.098 [main] DEBUG org.springframework.test.context.cache.DefaultCacheAwareContextLoaderDelegate - Retrieved ApplicationContext [1568286542] from cache with key [[MergedContextConfiguration@64a552 testClass = OrgControllerTest, locations = '{}', classes = '{class com.alkemy.ong.controller.OrgController}', contextInitializerClasses = '[]', activeProfiles = '{}', propertySourceLocations = '{}', propertySourceProperties = '{}', contextCustomizers = set[org.springframework.boot.test.context.filter.ExcludeFilterContextCustomizer@2a389173, org.springframework.boot.test.json.DuplicateJsonObjectContextCustomizerFactory$DuplicateJsonObjectContextCustomizer@795fd838, org.springframework.boot.test.mock.mockito.MockitoContextCustomizer@d0e79068, org.springframework.boot.test.autoconfigure.actuate.metrics.MetricsExportContextCustomizerFactory$DisableMetricExportContextCustomizer@476a736d, org.springframework.boot.test.autoconfigure.properties.PropertyMappingContextCustomizer@0, org.springframework.boot.test.autoconfigure.web.servlet.WebDriverContextCustomizerFactory$Customizer@8ed9cf], contextLoader = 'org.springframework.test.context.support.DelegatingSmartContextLoader', parent = [null]]]
15:17:29.098 [main] DEBUG org.springframework.test.context.cache - Spring test ApplicationContext cache statistics: [DefaultContextCache@278de2b2 size = 8, maxSize = 32, parentContextCount = 0, hitCount = 561, missCount = 8]
15:17:29.099 [main] DEBUG org.springframework.test.context.cache.DefaultCacheAwareContextLoaderDelegate - Retrieved ApplicationContext [1568286542] from cache with key [[MergedContextConfiguration@64a552 testClass = OrgControllerTest, locations = '{}', classes = '{class com.alkemy.ong.controller.OrgController}', contextInitializerClasses = '[]', activeProfiles = '{}', propertySourceLocations = '{}', propertySourceProperties = '{}', contextCustomizers = set[org.springframework.boot.test.context.filter.ExcludeFilterContextCustomizer@2a389173, org.springframework.boot.test.json.DuplicateJsonObjectContextCustomizerFactory$DuplicateJsonObjectContextCustomizer@795fd838, org.springframework.boot.test.mock.mockito.MockitoContextCustomizer@d0e79068, org.springframework.boot.test.autoconfigure.actuate.metrics.MetricsExportContextCustomizerFactory$DisableMetricExportContextCustomizer@476a736d, org.springframework.boot.test.autoconfigure.properties.PropertyMappingContextCustomizer@0, org.springframework.boot.test.autoconfigure.web.servlet.WebDriverContextCustomizerFactory$Customizer@8ed9cf], contextLoader = 'org.springframework.test.context.support.DelegatingSmartContextLoader', parent = [null]]]
15:17:29.100 [main] DEBUG org.springframework.test.context.cache - Spring test ApplicationContext cache statistics: [DefaultContextCache@278de2b2 size = 8, maxSize = 32, parentContextCount = 0, hitCount = 562, missCount = 8]
15:17:29.100 [main] DEBUG org.springframework.test.context.cache.DefaultCacheAwareContextLoaderDelegate - Retrieved ApplicationContext [1568286542] from cache with key [[MergedContextConfiguration@64a552 testClass = OrgControllerTest, locations = '{}', classes = '{class com.alkemy.ong.controller.OrgController}', contextInitializerClasses = '[]', activeProfiles = '{}', propertySourceLocations = '{}', propertySourceProperties = '{}', contextCustomizers = set[org.springframework.boot.test.context.filter.ExcludeFilterContextCustomizer@2a389173, org.springframework.boot.test.json.DuplicateJsonObjectContextCustomizerFactory$DuplicateJsonObjectContextCustomizer@795fd838, org.springframework.boot.test.mock.mockito.MockitoContextCustomizer@d0e79068, org.springframework.boot.test.autoconfigure.actuate.metrics.MetricsExportContextCustomizerFactory$DisableMetricExportContextCustomizer@476a736d, org.springframework.boot.test.autoconfigure.properties.PropertyMappingContextCustomizer@0, org.springframework.boot.test.autoconfigure.web.servlet.WebDriverContextCustomizerFactory$Customizer@8ed9cf], contextLoader = 'org.springframework.test.context.support.DelegatingSmartContextLoader', parent = [null]]]
15:17:29.100 [main] DEBUG org.springframework.test.context.cache - Spring test ApplicationContext cache statistics: [DefaultContextCache@278de2b2 size = 8, maxSize = 32, parentContextCount = 0, hitCount = 563, missCount = 8]
15:17:29.100 [main] DEBUG org.springframework.test.context.support.AbstractDirtiesContextTestExecutionListener - After test method: context [DefaultTestContext@545c3628 testClass = OrgControllerTest, testInstance = com.alkemy.ong.controller.OrgControllerTest@6c6c7ee5, testMethod = updatePublicOrganization_whenOngNotFound_returnBadRequestStatus@OrgControllerTest, testException = [null], mergedContextConfiguration = [MergedContextConfiguration@64a552 testClass = OrgControllerTest, locations = '{}', classes = '{class com.alkemy.ong.controller.OrgController}', contextInitializerClasses = '[]', activeProfiles = '{}', propertySourceLocations = '{}', propertySourceProperties = '{}', contextCustomizers = set[org.springframework.boot.test.context.filter.ExcludeFilterContextCustomizer@2a389173, org.springframework.boot.test.json.DuplicateJsonObjectContextCustomizerFactory$DuplicateJsonObjectContextCustomizer@795fd838, org.springframework.boot.test.mock.mockito.MockitoContextCustomizer@d0e79068, org.springframework.boot.test.autoconfigure.actuate.metrics.MetricsExportContextCustomizerFactory$DisableMetricExportContextCustomizer@476a736d, org.springframework.boot.test.autoconfigure.properties.PropertyMappingContextCustomizer@0, org.springframework.boot.test.autoconfigure.web.servlet.WebDriverContextCustomizerFactory$Customizer@8ed9cf], contextLoader = 'org.springframework.test.context.support.DelegatingSmartContextLoader', parent = [null]], attributes = map['org.springframework.test.context.event.ApplicationEventsTestExecutionListener.recordApplicationEvents' -> false]], class annotated with @DirtiesContext [false] with mode [null], method annotated with @DirtiesContext [false] with mode [null].
]]></system-out>
  </testcase>
  <testcase name="slidesList_cuandoRecibeUnIdValido_retornarListaDeSlidesPorOngId" classname="com.alkemy.ong.controller.OrgControllerTest" time="0.059">
    <system-out><![CDATA[15:17:29.103 [main] DEBUG org.springframework.test.context.cache.DefaultCacheAwareContextLoaderDelegate - Retrieved ApplicationContext [1568286542] from cache with key [[MergedContextConfiguration@64a552 testClass = OrgControllerTest, locations = '{}', classes = '{class com.alkemy.ong.controller.OrgController}', contextInitializerClasses = '[]', activeProfiles = '{}', propertySourceLocations = '{}', propertySourceProperties = '{}', contextCustomizers = set[org.springframework.boot.test.context.filter.ExcludeFilterContextCustomizer@2a389173, org.springframework.boot.test.json.DuplicateJsonObjectContextCustomizerFactory$DuplicateJsonObjectContextCustomizer@795fd838, org.springframework.boot.test.mock.mockito.MockitoContextCustomizer@d0e79068, org.springframework.boot.test.autoconfigure.actuate.metrics.MetricsExportContextCustomizerFactory$DisableMetricExportContextCustomizer@476a736d, org.springframework.boot.test.autoconfigure.properties.PropertyMappingContextCustomizer@0, org.springframework.boot.test.autoconfigure.web.servlet.WebDriverContextCustomizerFactory$Customizer@8ed9cf], contextLoader = 'org.springframework.test.context.support.DelegatingSmartContextLoader', parent = [null]]]
15:17:29.103 [main] DEBUG org.springframework.test.context.cache - Spring test ApplicationContext cache statistics: [DefaultContextCache@278de2b2 size = 8, maxSize = 32, parentContextCount = 0, hitCount = 564, missCount = 8]
15:17:29.103 [main] DEBUG org.springframework.test.context.support.DependencyInjectionTestExecutionListener - Performing dependency injection for test context [[DefaultTestContext@545c3628 testClass = OrgControllerTest, testInstance = com.alkemy.ong.controller.OrgControllerTest@661a018e, testMethod = [null], testException = [null], mergedContextConfiguration = [MergedContextConfiguration@64a552 testClass = OrgControllerTest, locations = '{}', classes = '{class com.alkemy.ong.controller.OrgController}', contextInitializerClasses = '[]', activeProfiles = '{}', propertySourceLocations = '{}', propertySourceProperties = '{}', contextCustomizers = set[org.springframework.boot.test.context.filter.ExcludeFilterContextCustomizer@2a389173, org.springframework.boot.test.json.DuplicateJsonObjectContextCustomizerFactory$DuplicateJsonObjectContextCustomizer@795fd838, org.springframework.boot.test.mock.mockito.MockitoContextCustomizer@d0e79068, org.springframework.boot.test.autoconfigure.actuate.metrics.MetricsExportContextCustomizerFactory$DisableMetricExportContextCustomizer@476a736d, org.springframework.boot.test.autoconfigure.properties.PropertyMappingContextCustomizer@0, org.springframework.boot.test.autoconfigure.web.servlet.WebDriverContextCustomizerFactory$Customizer@8ed9cf], contextLoader = 'org.springframework.test.context.support.DelegatingSmartContextLoader', parent = [null]], attributes = map['org.springframework.test.context.event.ApplicationEventsTestExecutionListener.recordApplicationEvents' -> false]]].
15:17:29.103 [main] DEBUG org.springframework.test.context.cache.DefaultCacheAwareContextLoaderDelegate - Retrieved ApplicationContext [1568286542] from cache with key [[MergedContextConfiguration@64a552 testClass = OrgControllerTest, locations = '{}', classes = '{class com.alkemy.ong.controller.OrgController}', contextInitializerClasses = '[]', activeProfiles = '{}', propertySourceLocations = '{}', propertySourceProperties = '{}', contextCustomizers = set[org.springframework.boot.test.context.filter.ExcludeFilterContextCustomizer@2a389173, org.springframework.boot.test.json.DuplicateJsonObjectContextCustomizerFactory$DuplicateJsonObjectContextCustomizer@795fd838, org.springframework.boot.test.mock.mockito.MockitoContextCustomizer@d0e79068, org.springframework.boot.test.autoconfigure.actuate.metrics.MetricsExportContextCustomizerFactory$DisableMetricExportContextCustomizer@476a736d, org.springframework.boot.test.autoconfigure.properties.PropertyMappingContextCustomizer@0, org.springframework.boot.test.autoconfigure.web.servlet.WebDriverContextCustomizerFactory$Customizer@8ed9cf], contextLoader = 'org.springframework.test.context.support.DelegatingSmartContextLoader', parent = [null]]]
15:17:29.103 [main] DEBUG org.springframework.test.context.cache - Spring test ApplicationContext cache statistics: [DefaultContextCache@278de2b2 size = 8, maxSize = 32, parentContextCount = 0, hitCount = 565, missCount = 8]
15:17:29.104 [main] DEBUG org.springframework.test.context.cache.DefaultCacheAwareContextLoaderDelegate - Retrieved ApplicationContext [1568286542] from cache with key [[MergedContextConfiguration@64a552 testClass = OrgControllerTest, locations = '{}', classes = '{class com.alkemy.ong.controller.OrgController}', contextInitializerClasses = '[]', activeProfiles = '{}', propertySourceLocations = '{}', propertySourceProperties = '{}', contextCustomizers = set[org.springframework.boot.test.context.filter.ExcludeFilterContextCustomizer@2a389173, org.springframework.boot.test.json.DuplicateJsonObjectContextCustomizerFactory$DuplicateJsonObjectContextCustomizer@795fd838, org.springframework.boot.test.mock.mockito.MockitoContextCustomizer@d0e79068, org.springframework.boot.test.autoconfigure.actuate.metrics.MetricsExportContextCustomizerFactory$DisableMetricExportContextCustomizer@476a736d, org.springframework.boot.test.autoconfigure.properties.PropertyMappingContextCustomizer@0, org.springframework.boot.test.autoconfigure.web.servlet.WebDriverContextCustomizerFactory$Customizer@8ed9cf], contextLoader = 'org.springframework.test.context.support.DelegatingSmartContextLoader', parent = [null]]]
15:17:29.104 [main] DEBUG org.springframework.test.context.cache - Spring test ApplicationContext cache statistics: [DefaultContextCache@278de2b2 size = 8, maxSize = 32, parentContextCount = 0, hitCount = 566, missCount = 8]
15:17:29.105 [main] DEBUG org.springframework.test.context.support.AbstractDirtiesContextTestExecutionListener - Before test method: context [DefaultTestContext@545c3628 testClass = OrgControllerTest, testInstance = com.alkemy.ong.controller.OrgControllerTest@661a018e, testMethod = slidesList_cuandoRecibeUnIdValido_retornarListaDeSlidesPorOngId@OrgControllerTest, testException = [null], mergedContextConfiguration = [MergedContextConfiguration@64a552 testClass = OrgControllerTest, locations = '{}', classes = '{class com.alkemy.ong.controller.OrgController}', contextInitializerClasses = '[]', activeProfiles = '{}', propertySourceLocations = '{}', propertySourceProperties = '{}', contextCustomizers = set[org.springframework.boot.test.context.filter.ExcludeFilterContextCustomizer@2a389173, org.springframework.boot.test.json.DuplicateJsonObjectContextCustomizerFactory$DuplicateJsonObjectContextCustomizer@795fd838, org.springframework.boot.test.mock.mockito.MockitoContextCustomizer@d0e79068, org.springframework.boot.test.autoconfigure.actuate.metrics.MetricsExportContextCustomizerFactory$DisableMetricExportContextCustomizer@476a736d, org.springframework.boot.test.autoconfigure.properties.PropertyMappingContextCustomizer@0, org.springframework.boot.test.autoconfigure.web.servlet.WebDriverContextCustomizerFactory$Customizer@8ed9cf], contextLoader = 'org.springframework.test.context.support.DelegatingSmartContextLoader', parent = [null]], attributes = map['org.springframework.test.context.event.ApplicationEventsTestExecutionListener.recordApplicationEvents' -> false]], class annotated with @DirtiesContext [false] with mode [null], method annotated with @DirtiesContext [false] with mode [null].
15:17:29.106 [main] DEBUG org.springframework.test.context.cache.DefaultCacheAwareContextLoaderDelegate - Retrieved ApplicationContext [1568286542] from cache with key [[MergedContextConfiguration@64a552 testClass = OrgControllerTest, locations = '{}', classes = '{class com.alkemy.ong.controller.OrgController}', contextInitializerClasses = '[]', activeProfiles = '{}', propertySourceLocations = '{}', propertySourceProperties = '{}', contextCustomizers = set[org.springframework.boot.test.context.filter.ExcludeFilterContextCustomizer@2a389173, org.springframework.boot.test.json.DuplicateJsonObjectContextCustomizerFactory$DuplicateJsonObjectContextCustomizer@795fd838, org.springframework.boot.test.mock.mockito.MockitoContextCustomizer@d0e79068, org.springframework.boot.test.autoconfigure.actuate.metrics.MetricsExportContextCustomizerFactory$DisableMetricExportContextCustomizer@476a736d, org.springframework.boot.test.autoconfigure.properties.PropertyMappingContextCustomizer@0, org.springframework.boot.test.autoconfigure.web.servlet.WebDriverContextCustomizerFactory$Customizer@8ed9cf], contextLoader = 'org.springframework.test.context.support.DelegatingSmartContextLoader', parent = [null]]]
15:17:29.106 [main] DEBUG org.springframework.test.context.cache - Spring test ApplicationContext cache statistics: [DefaultContextCache@278de2b2 size = 8, maxSize = 32, parentContextCount = 0, hitCount = 567, missCount = 8]
15:17:29.106 [main] DEBUG org.springframework.test.context.cache.DefaultCacheAwareContextLoaderDelegate - Retrieved ApplicationContext [1568286542] from cache with key [[MergedContextConfiguration@64a552 testClass = OrgControllerTest, locations = '{}', classes = '{class com.alkemy.ong.controller.OrgController}', contextInitializerClasses = '[]', activeProfiles = '{}', propertySourceLocations = '{}', propertySourceProperties = '{}', contextCustomizers = set[org.springframework.boot.test.context.filter.ExcludeFilterContextCustomizer@2a389173, org.springframework.boot.test.json.DuplicateJsonObjectContextCustomizerFactory$DuplicateJsonObjectContextCustomizer@795fd838, org.springframework.boot.test.mock.mockito.MockitoContextCustomizer@d0e79068, org.springframework.boot.test.autoconfigure.actuate.metrics.MetricsExportContextCustomizerFactory$DisableMetricExportContextCustomizer@476a736d, org.springframework.boot.test.autoconfigure.properties.PropertyMappingContextCustomizer@0, org.springframework.boot.test.autoconfigure.web.servlet.WebDriverContextCustomizerFactory$Customizer@8ed9cf], contextLoader = 'org.springframework.test.context.support.DelegatingSmartContextLoader', parent = [null]]]
15:17:29.106 [main] DEBUG org.springframework.test.context.cache - Spring test ApplicationContext cache statistics: [DefaultContextCache@278de2b2 size = 8, maxSize = 32, parentContextCount = 0, hitCount = 568, missCount = 8]
15:17:29.109 [main] DEBUG org.springframework.test.context.cache.DefaultCacheAwareContextLoaderDelegate - Retrieved ApplicationContext [1568286542] from cache with key [[MergedContextConfiguration@64a552 testClass = OrgControllerTest, locations = '{}', classes = '{class com.alkemy.ong.controller.OrgController}', contextInitializerClasses = '[]', activeProfiles = '{}', propertySourceLocations = '{}', propertySourceProperties = '{}', contextCustomizers = set[org.springframework.boot.test.context.filter.ExcludeFilterContextCustomizer@2a389173, org.springframework.boot.test.json.DuplicateJsonObjectContextCustomizerFactory$DuplicateJsonObjectContextCustomizer@795fd838, org.springframework.boot.test.mock.mockito.MockitoContextCustomizer@d0e79068, org.springframework.boot.test.autoconfigure.actuate.metrics.MetricsExportContextCustomizerFactory$DisableMetricExportContextCustomizer@476a736d, org.springframework.boot.test.autoconfigure.properties.PropertyMappingContextCustomizer@0, org.springframework.boot.test.autoconfigure.web.servlet.WebDriverContextCustomizerFactory$Customizer@8ed9cf], contextLoader = 'org.springframework.test.context.support.DelegatingSmartContextLoader', parent = [null]]]
15:17:29.109 [main] DEBUG org.springframework.test.context.cache - Spring test ApplicationContext cache statistics: [DefaultContextCache@278de2b2 size = 8, maxSize = 32, parentContextCount = 0, hitCount = 569, missCount = 8]
15:17:29.112 [main] DEBUG org.hibernate.validator.messageinterpolation.ResourceBundleMessageInterpolator - Loaded expression factory via original TCCL
15:17:29.112 [main] DEBUG org.hibernate.validator.internal.engine.AbstractConfigurationImpl - Setting custom MessageInterpolator of type org.springframework.validation.beanvalidation.LocaleContextMessageInterpolator
15:17:29.112 [main] DEBUG org.hibernate.validator.internal.engine.AbstractConfigurationImpl - Setting custom ParameterNameProvider of type org.springframework.validation.beanvalidation.LocalValidatorFactoryBean$1
15:17:29.113 [main] DEBUG org.hibernate.validator.internal.xml.config.ValidationXmlParser - Trying to load META-INF/validation.xml for XML based Validator configuration.
15:17:29.113 [main] DEBUG org.hibernate.validator.internal.xml.config.ResourceLoaderHelper - Trying to load META-INF/validation.xml via TCCL
15:17:29.113 [main] DEBUG org.hibernate.validator.internal.xml.config.ResourceLoaderHelper - Trying to load META-INF/validation.xml via Hibernate Validator's class loader
15:17:29.114 [main] DEBUG org.hibernate.validator.internal.xml.config.ValidationXmlParser - No META-INF/validation.xml found. Using annotation based configuration only.
15:17:29.114 [main] DEBUG org.hibernate.validator.internal.engine.resolver.TraversableResolvers - Found javax.persistence.Persistence on classpath containing 'getPersistenceUtil'. Assuming JPA 2 environment. Trying to instantiate JPA aware TraversableResolver
15:17:29.114 [main] DEBUG org.hibernate.validator.internal.engine.resolver.TraversableResolvers - Instantiated JPA aware TraversableResolver of type org.hibernate.validator.internal.engine.resolver.JPATraversableResolver.
15:17:29.115 [main] DEBUG org.hibernate.validator.internal.engine.ValidatorFactoryConfigurationHelper - HV000252: Using org.hibernate.validator.internal.engine.DefaultPropertyNodeNameProvider as property node name provider.
15:17:29.116 [main] DEBUG org.hibernate.validator.internal.engine.ValidatorFactoryConfigurationHelper - HV000234: Using org.springframework.validation.beanvalidation.LocaleContextMessageInterpolator as ValidatorFactory-scoped message interpolator.
15:17:29.116 [main] DEBUG org.hibernate.validator.internal.engine.ValidatorFactoryConfigurationHelper - HV000234: Using org.hibernate.validator.internal.engine.resolver.JPATraversableResolver as ValidatorFactory-scoped traversable resolver.
15:17:29.116 [main] DEBUG org.hibernate.validator.internal.engine.ValidatorFactoryConfigurationHelper - HV000234: Using org.hibernate.validator.internal.util.ExecutableParameterNameProvider as ValidatorFactory-scoped parameter name provider.
15:17:29.116 [main] DEBUG org.hibernate.validator.internal.engine.ValidatorFactoryConfigurationHelper - HV000234: Using org.hibernate.validator.internal.engine.DefaultClockProvider as ValidatorFactory-scoped clock provider.
15:17:29.116 [main] DEBUG org.hibernate.validator.internal.engine.ValidatorFactoryConfigurationHelper - HV000234: Using org.hibernate.validator.internal.engine.scripting.DefaultScriptEvaluatorFactory as ValidatorFactory-scoped script evaluator factory.
15:17:29.122 [main] DEBUG _org.springframework.web.servlet.HandlerMapping.Mappings - 
	c.a.o.c.OrgController:
	{PUT [/organization/public/{id}]}: updatePublicOrganization(String,PublicOrganizationDto)
	{GET [/organization/public]}: getPublicDataConfig()
	{GET [/organization/public/slides/{id}]}: slidesList(String)
15:17:29.122 [main] DEBUG org.springframework.web.servlet.mvc.method.annotation.RequestMappingHandlerMapping - 3 mappings in org.springframework.web.servlet.mvc.method.annotation.RequestMappingHandlerMapping
15:17:29.131 [main] DEBUG org.springframework.web.servlet.mvc.method.annotation.RequestMappingHandlerAdapter - ControllerAdvice beans: 0 @ModelAttribute, 0 @InitBinder, 1 RequestBodyAdvice, 1 ResponseBodyAdvice
15:17:29.134 [main] DEBUG org.springframework.web.servlet.mvc.method.annotation.ExceptionHandlerExceptionResolver - ControllerAdvice beans: 0 @ExceptionHandler, 1 ResponseBodyAdvice
15:17:29.135 [main] INFO org.springframework.mock.web.MockServletContext - Initializing Spring TestDispatcherServlet ''
15:17:29.135 [main] INFO org.springframework.test.web.servlet.TestDispatcherServlet - Initializing Servlet ''
15:17:29.135 [main] DEBUG org.springframework.test.web.servlet.TestDispatcherServlet - Detected AcceptHeaderLocaleResolver
15:17:29.135 [main] DEBUG org.springframework.test.web.servlet.TestDispatcherServlet - Detected FixedThemeResolver
15:17:29.135 [main] DEBUG org.springframework.test.web.servlet.TestDispatcherServlet - Detected org.springframework.web.servlet.view.DefaultRequestToViewNameTranslator@6bcc277a
15:17:29.135 [main] DEBUG org.springframework.test.web.servlet.TestDispatcherServlet - Detected org.springframework.web.servlet.support.SessionFlashMapManager@321f97d9
15:17:29.135 [main] DEBUG org.springframework.test.web.servlet.TestDispatcherServlet - enableLoggingRequestDetails='false': request parameters and headers will be masked to prevent unsafe logging of potentially sensitive data
15:17:29.135 [main] INFO org.springframework.test.web.servlet.TestDispatcherServlet - Completed initialization in 0 ms
15:17:29.136 [main] DEBUG org.springframework.test.web.servlet.TestDispatcherServlet - GET "/organization/public/slides/12", parameters={}
15:17:29.138 [main] DEBUG org.springframework.web.servlet.mvc.method.annotation.RequestMappingHandlerMapping - Mapped to com.alkemy.ong.controller.OrgController#slidesList(String)
15:17:29.143 [main] DEBUG org.springframework.web.servlet.mvc.method.annotation.HttpEntityMethodProcessor - Using 'application/json', given [*/*] and supported [application/json, application/*+json, application/cbor]
15:17:29.143 [main] DEBUG org.springframework.web.servlet.mvc.method.annotation.HttpEntityMethodProcessor - Writing [[com.alkemy.ong.dto.SlideResponseDto@3a4e3343]]
15:17:29.156 [main] DEBUG org.springframework.test.web.servlet.TestDispatcherServlet - Completed 200 OK
15:17:29.156 [main] DEBUG com.jayway.jsonpath.internal.path.CompiledPath - Evaluating path: $
15:17:29.159 [main] DEBUG org.springframework.test.context.cache.DefaultCacheAwareContextLoaderDelegate - Retrieved ApplicationContext [1568286542] from cache with key [[MergedContextConfiguration@64a552 testClass = OrgControllerTest, locations = '{}', classes = '{class com.alkemy.ong.controller.OrgController}', contextInitializerClasses = '[]', activeProfiles = '{}', propertySourceLocations = '{}', propertySourceProperties = '{}', contextCustomizers = set[org.springframework.boot.test.context.filter.ExcludeFilterContextCustomizer@2a389173, org.springframework.boot.test.json.DuplicateJsonObjectContextCustomizerFactory$DuplicateJsonObjectContextCustomizer@795fd838, org.springframework.boot.test.mock.mockito.MockitoContextCustomizer@d0e79068, org.springframework.boot.test.autoconfigure.actuate.metrics.MetricsExportContextCustomizerFactory$DisableMetricExportContextCustomizer@476a736d, org.springframework.boot.test.autoconfigure.properties.PropertyMappingContextCustomizer@0, org.springframework.boot.test.autoconfigure.web.servlet.WebDriverContextCustomizerFactory$Customizer@8ed9cf], contextLoader = 'org.springframework.test.context.support.DelegatingSmartContextLoader', parent = [null]]]
15:17:29.159 [main] DEBUG org.springframework.test.context.cache - Spring test ApplicationContext cache statistics: [DefaultContextCache@278de2b2 size = 8, maxSize = 32, parentContextCount = 0, hitCount = 570, missCount = 8]
15:17:29.160 [main] DEBUG org.springframework.test.context.cache.DefaultCacheAwareContextLoaderDelegate - Retrieved ApplicationContext [1568286542] from cache with key [[MergedContextConfiguration@64a552 testClass = OrgControllerTest, locations = '{}', classes = '{class com.alkemy.ong.controller.OrgController}', contextInitializerClasses = '[]', activeProfiles = '{}', propertySourceLocations = '{}', propertySourceProperties = '{}', contextCustomizers = set[org.springframework.boot.test.context.filter.ExcludeFilterContextCustomizer@2a389173, org.springframework.boot.test.json.DuplicateJsonObjectContextCustomizerFactory$DuplicateJsonObjectContextCustomizer@795fd838, org.springframework.boot.test.mock.mockito.MockitoContextCustomizer@d0e79068, org.springframework.boot.test.autoconfigure.actuate.metrics.MetricsExportContextCustomizerFactory$DisableMetricExportContextCustomizer@476a736d, org.springframework.boot.test.autoconfigure.properties.PropertyMappingContextCustomizer@0, org.springframework.boot.test.autoconfigure.web.servlet.WebDriverContextCustomizerFactory$Customizer@8ed9cf], contextLoader = 'org.springframework.test.context.support.DelegatingSmartContextLoader', parent = [null]]]
15:17:29.160 [main] DEBUG org.springframework.test.context.cache - Spring test ApplicationContext cache statistics: [DefaultContextCache@278de2b2 size = 8, maxSize = 32, parentContextCount = 0, hitCount = 571, missCount = 8]
15:17:29.160 [main] DEBUG org.springframework.test.context.cache.DefaultCacheAwareContextLoaderDelegate - Retrieved ApplicationContext [1568286542] from cache with key [[MergedContextConfiguration@64a552 testClass = OrgControllerTest, locations = '{}', classes = '{class com.alkemy.ong.controller.OrgController}', contextInitializerClasses = '[]', activeProfiles = '{}', propertySourceLocations = '{}', propertySourceProperties = '{}', contextCustomizers = set[org.springframework.boot.test.context.filter.ExcludeFilterContextCustomizer@2a389173, org.springframework.boot.test.json.DuplicateJsonObjectContextCustomizerFactory$DuplicateJsonObjectContextCustomizer@795fd838, org.springframework.boot.test.mock.mockito.MockitoContextCustomizer@d0e79068, org.springframework.boot.test.autoconfigure.actuate.metrics.MetricsExportContextCustomizerFactory$DisableMetricExportContextCustomizer@476a736d, org.springframework.boot.test.autoconfigure.properties.PropertyMappingContextCustomizer@0, org.springframework.boot.test.autoconfigure.web.servlet.WebDriverContextCustomizerFactory$Customizer@8ed9cf], contextLoader = 'org.springframework.test.context.support.DelegatingSmartContextLoader', parent = [null]]]
15:17:29.160 [main] DEBUG org.springframework.test.context.cache - Spring test ApplicationContext cache statistics: [DefaultContextCache@278de2b2 size = 8, maxSize = 32, parentContextCount = 0, hitCount = 572, missCount = 8]
15:17:29.160 [main] DEBUG org.springframework.test.context.cache.DefaultCacheAwareContextLoaderDelegate - Retrieved ApplicationContext [1568286542] from cache with key [[MergedContextConfiguration@64a552 testClass = OrgControllerTest, locations = '{}', classes = '{class com.alkemy.ong.controller.OrgController}', contextInitializerClasses = '[]', activeProfiles = '{}', propertySourceLocations = '{}', propertySourceProperties = '{}', contextCustomizers = set[org.springframework.boot.test.context.filter.ExcludeFilterContextCustomizer@2a389173, org.springframework.boot.test.json.DuplicateJsonObjectContextCustomizerFactory$DuplicateJsonObjectContextCustomizer@795fd838, org.springframework.boot.test.mock.mockito.MockitoContextCustomizer@d0e79068, org.springframework.boot.test.autoconfigure.actuate.metrics.MetricsExportContextCustomizerFactory$DisableMetricExportContextCustomizer@476a736d, org.springframework.boot.test.autoconfigure.properties.PropertyMappingContextCustomizer@0, org.springframework.boot.test.autoconfigure.web.servlet.WebDriverContextCustomizerFactory$Customizer@8ed9cf], contextLoader = 'org.springframework.test.context.support.DelegatingSmartContextLoader', parent = [null]]]
15:17:29.161 [main] DEBUG org.springframework.test.context.cache - Spring test ApplicationContext cache statistics: [DefaultContextCache@278de2b2 size = 8, maxSize = 32, parentContextCount = 0, hitCount = 573, missCount = 8]
15:17:29.162 [main] DEBUG org.springframework.test.context.cache.DefaultCacheAwareContextLoaderDelegate - Retrieved ApplicationContext [1568286542] from cache with key [[MergedContextConfiguration@64a552 testClass = OrgControllerTest, locations = '{}', classes = '{class com.alkemy.ong.controller.OrgController}', contextInitializerClasses = '[]', activeProfiles = '{}', propertySourceLocations = '{}', propertySourceProperties = '{}', contextCustomizers = set[org.springframework.boot.test.context.filter.ExcludeFilterContextCustomizer@2a389173, org.springframework.boot.test.json.DuplicateJsonObjectContextCustomizerFactory$DuplicateJsonObjectContextCustomizer@795fd838, org.springframework.boot.test.mock.mockito.MockitoContextCustomizer@d0e79068, org.springframework.boot.test.autoconfigure.actuate.metrics.MetricsExportContextCustomizerFactory$DisableMetricExportContextCustomizer@476a736d, org.springframework.boot.test.autoconfigure.properties.PropertyMappingContextCustomizer@0, org.springframework.boot.test.autoconfigure.web.servlet.WebDriverContextCustomizerFactory$Customizer@8ed9cf], contextLoader = 'org.springframework.test.context.support.DelegatingSmartContextLoader', parent = [null]]]
15:17:29.162 [main] DEBUG org.springframework.test.context.cache - Spring test ApplicationContext cache statistics: [DefaultContextCache@278de2b2 size = 8, maxSize = 32, parentContextCount = 0, hitCount = 574, missCount = 8]
15:17:29.163 [main] DEBUG org.springframework.test.context.cache.DefaultCacheAwareContextLoaderDelegate - Retrieved ApplicationContext [1568286542] from cache with key [[MergedContextConfiguration@64a552 testClass = OrgControllerTest, locations = '{}', classes = '{class com.alkemy.ong.controller.OrgController}', contextInitializerClasses = '[]', activeProfiles = '{}', propertySourceLocations = '{}', propertySourceProperties = '{}', contextCustomizers = set[org.springframework.boot.test.context.filter.ExcludeFilterContextCustomizer@2a389173, org.springframework.boot.test.json.DuplicateJsonObjectContextCustomizerFactory$DuplicateJsonObjectContextCustomizer@795fd838, org.springframework.boot.test.mock.mockito.MockitoContextCustomizer@d0e79068, org.springframework.boot.test.autoconfigure.actuate.metrics.MetricsExportContextCustomizerFactory$DisableMetricExportContextCustomizer@476a736d, org.springframework.boot.test.autoconfigure.properties.PropertyMappingContextCustomizer@0, org.springframework.boot.test.autoconfigure.web.servlet.WebDriverContextCustomizerFactory$Customizer@8ed9cf], contextLoader = 'org.springframework.test.context.support.DelegatingSmartContextLoader', parent = [null]]]
15:17:29.163 [main] DEBUG org.springframework.test.context.cache - Spring test ApplicationContext cache statistics: [DefaultContextCache@278de2b2 size = 8, maxSize = 32, parentContextCount = 0, hitCount = 575, missCount = 8]
15:17:29.163 [main] DEBUG org.springframework.test.context.support.AbstractDirtiesContextTestExecutionListener - After test method: context [DefaultTestContext@545c3628 testClass = OrgControllerTest, testInstance = com.alkemy.ong.controller.OrgControllerTest@661a018e, testMethod = slidesList_cuandoRecibeUnIdValido_retornarListaDeSlidesPorOngId@OrgControllerTest, testException = [null], mergedContextConfiguration = [MergedContextConfiguration@64a552 testClass = OrgControllerTest, locations = '{}', classes = '{class com.alkemy.ong.controller.OrgController}', contextInitializerClasses = '[]', activeProfiles = '{}', propertySourceLocations = '{}', propertySourceProperties = '{}', contextCustomizers = set[org.springframework.boot.test.context.filter.ExcludeFilterContextCustomizer@2a389173, org.springframework.boot.test.json.DuplicateJsonObjectContextCustomizerFactory$DuplicateJsonObjectContextCustomizer@795fd838, org.springframework.boot.test.mock.mockito.MockitoContextCustomizer@d0e79068, org.springframework.boot.test.autoconfigure.actuate.metrics.MetricsExportContextCustomizerFactory$DisableMetricExportContextCustomizer@476a736d, org.springframework.boot.test.autoconfigure.properties.PropertyMappingContextCustomizer@0, org.springframework.boot.test.autoconfigure.web.servlet.WebDriverContextCustomizerFactory$Customizer@8ed9cf], contextLoader = 'org.springframework.test.context.support.DelegatingSmartContextLoader', parent = [null]], attributes = map['org.springframework.test.context.event.ApplicationEventsTestExecutionListener.recordApplicationEvents' -> false]], class annotated with @DirtiesContext [false] with mode [null], method annotated with @DirtiesContext [false] with mode [null].
]]></system-out>
  </testcase>
  <testcase name="slidesList_cuandoRecibeUnIdInexistente_retornarNull" classname="com.alkemy.ong.controller.OrgControllerTest" time="0.07">
    <system-out><![CDATA[15:17:29.165 [main] DEBUG org.springframework.test.context.cache.DefaultCacheAwareContextLoaderDelegate - Retrieved ApplicationContext [1568286542] from cache with key [[MergedContextConfiguration@64a552 testClass = OrgControllerTest, locations = '{}', classes = '{class com.alkemy.ong.controller.OrgController}', contextInitializerClasses = '[]', activeProfiles = '{}', propertySourceLocations = '{}', propertySourceProperties = '{}', contextCustomizers = set[org.springframework.boot.test.context.filter.ExcludeFilterContextCustomizer@2a389173, org.springframework.boot.test.json.DuplicateJsonObjectContextCustomizerFactory$DuplicateJsonObjectContextCustomizer@795fd838, org.springframework.boot.test.mock.mockito.MockitoContextCustomizer@d0e79068, org.springframework.boot.test.autoconfigure.actuate.metrics.MetricsExportContextCustomizerFactory$DisableMetricExportContextCustomizer@476a736d, org.springframework.boot.test.autoconfigure.properties.PropertyMappingContextCustomizer@0, org.springframework.boot.test.autoconfigure.web.servlet.WebDriverContextCustomizerFactory$Customizer@8ed9cf], contextLoader = 'org.springframework.test.context.support.DelegatingSmartContextLoader', parent = [null]]]
15:17:29.165 [main] DEBUG org.springframework.test.context.cache - Spring test ApplicationContext cache statistics: [DefaultContextCache@278de2b2 size = 8, maxSize = 32, parentContextCount = 0, hitCount = 576, missCount = 8]
15:17:29.165 [main] DEBUG org.springframework.test.context.support.DependencyInjectionTestExecutionListener - Performing dependency injection for test context [[DefaultTestContext@545c3628 testClass = OrgControllerTest, testInstance = com.alkemy.ong.controller.OrgControllerTest@64e06cf0, testMethod = [null], testException = [null], mergedContextConfiguration = [MergedContextConfiguration@64a552 testClass = OrgControllerTest, locations = '{}', classes = '{class com.alkemy.ong.controller.OrgController}', contextInitializerClasses = '[]', activeProfiles = '{}', propertySourceLocations = '{}', propertySourceProperties = '{}', contextCustomizers = set[org.springframework.boot.test.context.filter.ExcludeFilterContextCustomizer@2a389173, org.springframework.boot.test.json.DuplicateJsonObjectContextCustomizerFactory$DuplicateJsonObjectContextCustomizer@795fd838, org.springframework.boot.test.mock.mockito.MockitoContextCustomizer@d0e79068, org.springframework.boot.test.autoconfigure.actuate.metrics.MetricsExportContextCustomizerFactory$DisableMetricExportContextCustomizer@476a736d, org.springframework.boot.test.autoconfigure.properties.PropertyMappingContextCustomizer@0, org.springframework.boot.test.autoconfigure.web.servlet.WebDriverContextCustomizerFactory$Customizer@8ed9cf], contextLoader = 'org.springframework.test.context.support.DelegatingSmartContextLoader', parent = [null]], attributes = map['org.springframework.test.context.event.ApplicationEventsTestExecutionListener.recordApplicationEvents' -> false]]].
15:17:29.166 [main] DEBUG org.springframework.test.context.cache.DefaultCacheAwareContextLoaderDelegate - Retrieved ApplicationContext [1568286542] from cache with key [[MergedContextConfiguration@64a552 testClass = OrgControllerTest, locations = '{}', classes = '{class com.alkemy.ong.controller.OrgController}', contextInitializerClasses = '[]', activeProfiles = '{}', propertySourceLocations = '{}', propertySourceProperties = '{}', contextCustomizers = set[org.springframework.boot.test.context.filter.ExcludeFilterContextCustomizer@2a389173, org.springframework.boot.test.json.DuplicateJsonObjectContextCustomizerFactory$DuplicateJsonObjectContextCustomizer@795fd838, org.springframework.boot.test.mock.mockito.MockitoContextCustomizer@d0e79068, org.springframework.boot.test.autoconfigure.actuate.metrics.MetricsExportContextCustomizerFactory$DisableMetricExportContextCustomizer@476a736d, org.springframework.boot.test.autoconfigure.properties.PropertyMappingContextCustomizer@0, org.springframework.boot.test.autoconfigure.web.servlet.WebDriverContextCustomizerFactory$Customizer@8ed9cf], contextLoader = 'org.springframework.test.context.support.DelegatingSmartContextLoader', parent = [null]]]
15:17:29.166 [main] DEBUG org.springframework.test.context.cache - Spring test ApplicationContext cache statistics: [DefaultContextCache@278de2b2 size = 8, maxSize = 32, parentContextCount = 0, hitCount = 577, missCount = 8]
15:17:29.166 [main] DEBUG org.springframework.test.context.cache.DefaultCacheAwareContextLoaderDelegate - Retrieved ApplicationContext [1568286542] from cache with key [[MergedContextConfiguration@64a552 testClass = OrgControllerTest, locations = '{}', classes = '{class com.alkemy.ong.controller.OrgController}', contextInitializerClasses = '[]', activeProfiles = '{}', propertySourceLocations = '{}', propertySourceProperties = '{}', contextCustomizers = set[org.springframework.boot.test.context.filter.ExcludeFilterContextCustomizer@2a389173, org.springframework.boot.test.json.DuplicateJsonObjectContextCustomizerFactory$DuplicateJsonObjectContextCustomizer@795fd838, org.springframework.boot.test.mock.mockito.MockitoContextCustomizer@d0e79068, org.springframework.boot.test.autoconfigure.actuate.metrics.MetricsExportContextCustomizerFactory$DisableMetricExportContextCustomizer@476a736d, org.springframework.boot.test.autoconfigure.properties.PropertyMappingContextCustomizer@0, org.springframework.boot.test.autoconfigure.web.servlet.WebDriverContextCustomizerFactory$Customizer@8ed9cf], contextLoader = 'org.springframework.test.context.support.DelegatingSmartContextLoader', parent = [null]]]
15:17:29.166 [main] DEBUG org.springframework.test.context.cache - Spring test ApplicationContext cache statistics: [DefaultContextCache@278de2b2 size = 8, maxSize = 32, parentContextCount = 0, hitCount = 578, missCount = 8]
15:17:29.168 [main] DEBUG org.springframework.test.context.support.AbstractDirtiesContextTestExecutionListener - Before test method: context [DefaultTestContext@545c3628 testClass = OrgControllerTest, testInstance = com.alkemy.ong.controller.OrgControllerTest@64e06cf0, testMethod = slidesList_cuandoRecibeUnIdInexistente_retornarNull@OrgControllerTest, testException = [null], mergedContextConfiguration = [MergedContextConfiguration@64a552 testClass = OrgControllerTest, locations = '{}', classes = '{class com.alkemy.ong.controller.OrgController}', contextInitializerClasses = '[]', activeProfiles = '{}', propertySourceLocations = '{}', propertySourceProperties = '{}', contextCustomizers = set[org.springframework.boot.test.context.filter.ExcludeFilterContextCustomizer@2a389173, org.springframework.boot.test.json.DuplicateJsonObjectContextCustomizerFactory$DuplicateJsonObjectContextCustomizer@795fd838, org.springframework.boot.test.mock.mockito.MockitoContextCustomizer@d0e79068, org.springframework.boot.test.autoconfigure.actuate.metrics.MetricsExportContextCustomizerFactory$DisableMetricExportContextCustomizer@476a736d, org.springframework.boot.test.autoconfigure.properties.PropertyMappingContextCustomizer@0, org.springframework.boot.test.autoconfigure.web.servlet.WebDriverContextCustomizerFactory$Customizer@8ed9cf], contextLoader = 'org.springframework.test.context.support.DelegatingSmartContextLoader', parent = [null]], attributes = map['org.springframework.test.context.event.ApplicationEventsTestExecutionListener.recordApplicationEvents' -> false]], class annotated with @DirtiesContext [false] with mode [null], method annotated with @DirtiesContext [false] with mode [null].
15:17:29.169 [main] DEBUG org.springframework.test.context.cache.DefaultCacheAwareContextLoaderDelegate - Retrieved ApplicationContext [1568286542] from cache with key [[MergedContextConfiguration@64a552 testClass = OrgControllerTest, locations = '{}', classes = '{class com.alkemy.ong.controller.OrgController}', contextInitializerClasses = '[]', activeProfiles = '{}', propertySourceLocations = '{}', propertySourceProperties = '{}', contextCustomizers = set[org.springframework.boot.test.context.filter.ExcludeFilterContextCustomizer@2a389173, org.springframework.boot.test.json.DuplicateJsonObjectContextCustomizerFactory$DuplicateJsonObjectContextCustomizer@795fd838, org.springframework.boot.test.mock.mockito.MockitoContextCustomizer@d0e79068, org.springframework.boot.test.autoconfigure.actuate.metrics.MetricsExportContextCustomizerFactory$DisableMetricExportContextCustomizer@476a736d, org.springframework.boot.test.autoconfigure.properties.PropertyMappingContextCustomizer@0, org.springframework.boot.test.autoconfigure.web.servlet.WebDriverContextCustomizerFactory$Customizer@8ed9cf], contextLoader = 'org.springframework.test.context.support.DelegatingSmartContextLoader', parent = [null]]]
15:17:29.169 [main] DEBUG org.springframework.test.context.cache - Spring test ApplicationContext cache statistics: [DefaultContextCache@278de2b2 size = 8, maxSize = 32, parentContextCount = 0, hitCount = 579, missCount = 8]
15:17:29.170 [main] DEBUG org.springframework.test.context.cache.DefaultCacheAwareContextLoaderDelegate - Retrieved ApplicationContext [1568286542] from cache with key [[MergedContextConfiguration@64a552 testClass = OrgControllerTest, locations = '{}', classes = '{class com.alkemy.ong.controller.OrgController}', contextInitializerClasses = '[]', activeProfiles = '{}', propertySourceLocations = '{}', propertySourceProperties = '{}', contextCustomizers = set[org.springframework.boot.test.context.filter.ExcludeFilterContextCustomizer@2a389173, org.springframework.boot.test.json.DuplicateJsonObjectContextCustomizerFactory$DuplicateJsonObjectContextCustomizer@795fd838, org.springframework.boot.test.mock.mockito.MockitoContextCustomizer@d0e79068, org.springframework.boot.test.autoconfigure.actuate.metrics.MetricsExportContextCustomizerFactory$DisableMetricExportContextCustomizer@476a736d, org.springframework.boot.test.autoconfigure.properties.PropertyMappingContextCustomizer@0, org.springframework.boot.test.autoconfigure.web.servlet.WebDriverContextCustomizerFactory$Customizer@8ed9cf], contextLoader = 'org.springframework.test.context.support.DelegatingSmartContextLoader', parent = [null]]]
15:17:29.170 [main] DEBUG org.springframework.test.context.cache - Spring test ApplicationContext cache statistics: [DefaultContextCache@278de2b2 size = 8, maxSize = 32, parentContextCount = 0, hitCount = 580, missCount = 8]
15:17:29.171 [main] DEBUG org.springframework.test.context.cache.DefaultCacheAwareContextLoaderDelegate - Retrieved ApplicationContext [1568286542] from cache with key [[MergedContextConfiguration@64a552 testClass = OrgControllerTest, locations = '{}', classes = '{class com.alkemy.ong.controller.OrgController}', contextInitializerClasses = '[]', activeProfiles = '{}', propertySourceLocations = '{}', propertySourceProperties = '{}', contextCustomizers = set[org.springframework.boot.test.context.filter.ExcludeFilterContextCustomizer@2a389173, org.springframework.boot.test.json.DuplicateJsonObjectContextCustomizerFactory$DuplicateJsonObjectContextCustomizer@795fd838, org.springframework.boot.test.mock.mockito.MockitoContextCustomizer@d0e79068, org.springframework.boot.test.autoconfigure.actuate.metrics.MetricsExportContextCustomizerFactory$DisableMetricExportContextCustomizer@476a736d, org.springframework.boot.test.autoconfigure.properties.PropertyMappingContextCustomizer@0, org.springframework.boot.test.autoconfigure.web.servlet.WebDriverContextCustomizerFactory$Customizer@8ed9cf], contextLoader = 'org.springframework.test.context.support.DelegatingSmartContextLoader', parent = [null]]]
15:17:29.172 [main] DEBUG org.springframework.test.context.cache - Spring test ApplicationContext cache statistics: [DefaultContextCache@278de2b2 size = 8, maxSize = 32, parentContextCount = 0, hitCount = 581, missCount = 8]
15:17:29.175 [main] DEBUG org.hibernate.validator.messageinterpolation.ResourceBundleMessageInterpolator - Loaded expression factory via original TCCL
15:17:29.176 [main] DEBUG org.hibernate.validator.internal.engine.AbstractConfigurationImpl - Setting custom MessageInterpolator of type org.springframework.validation.beanvalidation.LocaleContextMessageInterpolator
15:17:29.176 [main] DEBUG org.hibernate.validator.internal.engine.AbstractConfigurationImpl - Setting custom ParameterNameProvider of type org.springframework.validation.beanvalidation.LocalValidatorFactoryBean$1
15:17:29.176 [main] DEBUG org.hibernate.validator.internal.xml.config.ValidationXmlParser - Trying to load META-INF/validation.xml for XML based Validator configuration.
15:17:29.176 [main] DEBUG org.hibernate.validator.internal.xml.config.ResourceLoaderHelper - Trying to load META-INF/validation.xml via TCCL
15:17:29.176 [main] DEBUG org.hibernate.validator.internal.xml.config.ResourceLoaderHelper - Trying to load META-INF/validation.xml via Hibernate Validator's class loader
15:17:29.178 [main] DEBUG org.hibernate.validator.internal.xml.config.ValidationXmlParser - No META-INF/validation.xml found. Using annotation based configuration only.
15:17:29.178 [main] DEBUG org.hibernate.validator.internal.engine.resolver.TraversableResolvers - Found javax.persistence.Persistence on classpath containing 'getPersistenceUtil'. Assuming JPA 2 environment. Trying to instantiate JPA aware TraversableResolver
15:17:29.178 [main] DEBUG org.hibernate.validator.internal.engine.resolver.TraversableResolvers - Instantiated JPA aware TraversableResolver of type org.hibernate.validator.internal.engine.resolver.JPATraversableResolver.
15:17:29.179 [main] DEBUG org.hibernate.validator.internal.engine.ValidatorFactoryConfigurationHelper - HV000252: Using org.hibernate.validator.internal.engine.DefaultPropertyNodeNameProvider as property node name provider.
15:17:29.180 [main] DEBUG org.hibernate.validator.internal.engine.ValidatorFactoryConfigurationHelper - HV000234: Using org.springframework.validation.beanvalidation.LocaleContextMessageInterpolator as ValidatorFactory-scoped message interpolator.
15:17:29.180 [main] DEBUG org.hibernate.validator.internal.engine.ValidatorFactoryConfigurationHelper - HV000234: Using org.hibernate.validator.internal.engine.resolver.JPATraversableResolver as ValidatorFactory-scoped traversable resolver.
15:17:29.180 [main] DEBUG org.hibernate.validator.internal.engine.ValidatorFactoryConfigurationHelper - HV000234: Using org.hibernate.validator.internal.util.ExecutableParameterNameProvider as ValidatorFactory-scoped parameter name provider.
15:17:29.180 [main] DEBUG org.hibernate.validator.internal.engine.ValidatorFactoryConfigurationHelper - HV000234: Using org.hibernate.validator.internal.engine.DefaultClockProvider as ValidatorFactory-scoped clock provider.
15:17:29.180 [main] DEBUG org.hibernate.validator.internal.engine.ValidatorFactoryConfigurationHelper - HV000234: Using org.hibernate.validator.internal.engine.scripting.DefaultScriptEvaluatorFactory as ValidatorFactory-scoped script evaluator factory.
15:17:29.183 [main] DEBUG _org.springframework.web.servlet.HandlerMapping.Mappings - 
	c.a.o.c.OrgController:
	{PUT [/organization/public/{id}]}: updatePublicOrganization(String,PublicOrganizationDto)
	{GET [/organization/public]}: getPublicDataConfig()
	{GET [/organization/public/slides/{id}]}: slidesList(String)
15:17:29.183 [main] DEBUG org.springframework.web.servlet.mvc.method.annotation.RequestMappingHandlerMapping - 3 mappings in org.springframework.web.servlet.mvc.method.annotation.RequestMappingHandlerMapping
15:17:29.199 [main] DEBUG org.springframework.web.servlet.mvc.method.annotation.RequestMappingHandlerAdapter - ControllerAdvice beans: 0 @ModelAttribute, 0 @InitBinder, 1 RequestBodyAdvice, 1 ResponseBodyAdvice
15:17:29.204 [main] DEBUG org.springframework.web.servlet.mvc.method.annotation.ExceptionHandlerExceptionResolver - ControllerAdvice beans: 0 @ExceptionHandler, 1 ResponseBodyAdvice
15:17:29.204 [main] INFO org.springframework.mock.web.MockServletContext - Initializing Spring TestDispatcherServlet ''
15:17:29.204 [main] INFO org.springframework.test.web.servlet.TestDispatcherServlet - Initializing Servlet ''
15:17:29.204 [main] DEBUG org.springframework.test.web.servlet.TestDispatcherServlet - Detected AcceptHeaderLocaleResolver
15:17:29.204 [main] DEBUG org.springframework.test.web.servlet.TestDispatcherServlet - Detected FixedThemeResolver
15:17:29.204 [main] DEBUG org.springframework.test.web.servlet.TestDispatcherServlet - Detected org.springframework.web.servlet.view.DefaultRequestToViewNameTranslator@73c72238
15:17:29.204 [main] DEBUG org.springframework.test.web.servlet.TestDispatcherServlet - Detected org.springframework.web.servlet.support.SessionFlashMapManager@3e6be3c1
15:17:29.204 [main] DEBUG org.springframework.test.web.servlet.TestDispatcherServlet - enableLoggingRequestDetails='false': request parameters and headers will be masked to prevent unsafe logging of potentially sensitive data
15:17:29.204 [main] INFO org.springframework.test.web.servlet.TestDispatcherServlet - Completed initialization in 0 ms
15:17:29.205 [main] DEBUG org.springframework.test.web.servlet.TestDispatcherServlet - GET "/organization/public/slides/90", parameters={}
15:17:29.206 [main] DEBUG org.springframework.web.servlet.mvc.method.annotation.RequestMappingHandlerMapping - Mapped to com.alkemy.ong.controller.OrgController#slidesList(String)
15:17:29.211 [main] DEBUG org.springframework.web.servlet.mvc.method.annotation.HttpEntityMethodProcessor - Using 'application/json', given [*/*] and supported [application/json, application/*+json, application/cbor]
15:17:29.211 [main] DEBUG org.springframework.web.servlet.mvc.method.annotation.HttpEntityMethodProcessor - Nothing to write: null body
15:17:29.211 [main] DEBUG org.springframework.test.web.servlet.TestDispatcherServlet - Completed 200 OK
15:17:29.211 [main] DEBUG org.springframework.test.context.cache.DefaultCacheAwareContextLoaderDelegate - Retrieved ApplicationContext [1568286542] from cache with key [[MergedContextConfiguration@64a552 testClass = OrgControllerTest, locations = '{}', classes = '{class com.alkemy.ong.controller.OrgController}', contextInitializerClasses = '[]', activeProfiles = '{}', propertySourceLocations = '{}', propertySourceProperties = '{}', contextCustomizers = set[org.springframework.boot.test.context.filter.ExcludeFilterContextCustomizer@2a389173, org.springframework.boot.test.json.DuplicateJsonObjectContextCustomizerFactory$DuplicateJsonObjectContextCustomizer@795fd838, org.springframework.boot.test.mock.mockito.MockitoContextCustomizer@d0e79068, org.springframework.boot.test.autoconfigure.actuate.metrics.MetricsExportContextCustomizerFactory$DisableMetricExportContextCustomizer@476a736d, org.springframework.boot.test.autoconfigure.properties.PropertyMappingContextCustomizer@0, org.springframework.boot.test.autoconfigure.web.servlet.WebDriverContextCustomizerFactory$Customizer@8ed9cf], contextLoader = 'org.springframework.test.context.support.DelegatingSmartContextLoader', parent = [null]]]
15:17:29.211 [main] DEBUG org.springframework.test.context.cache - Spring test ApplicationContext cache statistics: [DefaultContextCache@278de2b2 size = 8, maxSize = 32, parentContextCount = 0, hitCount = 582, missCount = 8]
15:17:29.213 [main] DEBUG org.springframework.test.context.cache.DefaultCacheAwareContextLoaderDelegate - Retrieved ApplicationContext [1568286542] from cache with key [[MergedContextConfiguration@64a552 testClass = OrgControllerTest, locations = '{}', classes = '{class com.alkemy.ong.controller.OrgController}', contextInitializerClasses = '[]', activeProfiles = '{}', propertySourceLocations = '{}', propertySourceProperties = '{}', contextCustomizers = set[org.springframework.boot.test.context.filter.ExcludeFilterContextCustomizer@2a389173, org.springframework.boot.test.json.DuplicateJsonObjectContextCustomizerFactory$DuplicateJsonObjectContextCustomizer@795fd838, org.springframework.boot.test.mock.mockito.MockitoContextCustomizer@d0e79068, org.springframework.boot.test.autoconfigure.actuate.metrics.MetricsExportContextCustomizerFactory$DisableMetricExportContextCustomizer@476a736d, org.springframework.boot.test.autoconfigure.properties.PropertyMappingContextCustomizer@0, org.springframework.boot.test.autoconfigure.web.servlet.WebDriverContextCustomizerFactory$Customizer@8ed9cf], contextLoader = 'org.springframework.test.context.support.DelegatingSmartContextLoader', parent = [null]]]
15:17:29.213 [main] DEBUG org.springframework.test.context.cache - Spring test ApplicationContext cache statistics: [DefaultContextCache@278de2b2 size = 8, maxSize = 32, parentContextCount = 0, hitCount = 583, missCount = 8]
15:17:29.213 [main] DEBUG org.springframework.test.context.cache.DefaultCacheAwareContextLoaderDelegate - Retrieved ApplicationContext [1568286542] from cache with key [[MergedContextConfiguration@64a552 testClass = OrgControllerTest, locations = '{}', classes = '{class com.alkemy.ong.controller.OrgController}', contextInitializerClasses = '[]', activeProfiles = '{}', propertySourceLocations = '{}', propertySourceProperties = '{}', contextCustomizers = set[org.springframework.boot.test.context.filter.ExcludeFilterContextCustomizer@2a389173, org.springframework.boot.test.json.DuplicateJsonObjectContextCustomizerFactory$DuplicateJsonObjectContextCustomizer@795fd838, org.springframework.boot.test.mock.mockito.MockitoContextCustomizer@d0e79068, org.springframework.boot.test.autoconfigure.actuate.metrics.MetricsExportContextCustomizerFactory$DisableMetricExportContextCustomizer@476a736d, org.springframework.boot.test.autoconfigure.properties.PropertyMappingContextCustomizer@0, org.springframework.boot.test.autoconfigure.web.servlet.WebDriverContextCustomizerFactory$Customizer@8ed9cf], contextLoader = 'org.springframework.test.context.support.DelegatingSmartContextLoader', parent = [null]]]
15:17:29.213 [main] DEBUG org.springframework.test.context.cache - Spring test ApplicationContext cache statistics: [DefaultContextCache@278de2b2 size = 8, maxSize = 32, parentContextCount = 0, hitCount = 584, missCount = 8]
15:17:29.213 [main] DEBUG org.springframework.test.context.cache.DefaultCacheAwareContextLoaderDelegate - Retrieved ApplicationContext [1568286542] from cache with key [[MergedContextConfiguration@64a552 testClass = OrgControllerTest, locations = '{}', classes = '{class com.alkemy.ong.controller.OrgController}', contextInitializerClasses = '[]', activeProfiles = '{}', propertySourceLocations = '{}', propertySourceProperties = '{}', contextCustomizers = set[org.springframework.boot.test.context.filter.ExcludeFilterContextCustomizer@2a389173, org.springframework.boot.test.json.DuplicateJsonObjectContextCustomizerFactory$DuplicateJsonObjectContextCustomizer@795fd838, org.springframework.boot.test.mock.mockito.MockitoContextCustomizer@d0e79068, org.springframework.boot.test.autoconfigure.actuate.metrics.MetricsExportContextCustomizerFactory$DisableMetricExportContextCustomizer@476a736d, org.springframework.boot.test.autoconfigure.properties.PropertyMappingContextCustomizer@0, org.springframework.boot.test.autoconfigure.web.servlet.WebDriverContextCustomizerFactory$Customizer@8ed9cf], contextLoader = 'org.springframework.test.context.support.DelegatingSmartContextLoader', parent = [null]]]
15:17:29.213 [main] DEBUG org.springframework.test.context.cache - Spring test ApplicationContext cache statistics: [DefaultContextCache@278de2b2 size = 8, maxSize = 32, parentContextCount = 0, hitCount = 585, missCount = 8]
15:17:29.214 [main] DEBUG org.springframework.test.context.cache.DefaultCacheAwareContextLoaderDelegate - Retrieved ApplicationContext [1568286542] from cache with key [[MergedContextConfiguration@64a552 testClass = OrgControllerTest, locations = '{}', classes = '{class com.alkemy.ong.controller.OrgController}', contextInitializerClasses = '[]', activeProfiles = '{}', propertySourceLocations = '{}', propertySourceProperties = '{}', contextCustomizers = set[org.springframework.boot.test.context.filter.ExcludeFilterContextCustomizer@2a389173, org.springframework.boot.test.json.DuplicateJsonObjectContextCustomizerFactory$DuplicateJsonObjectContextCustomizer@795fd838, org.springframework.boot.test.mock.mockito.MockitoContextCustomizer@d0e79068, org.springframework.boot.test.autoconfigure.actuate.metrics.MetricsExportContextCustomizerFactory$DisableMetricExportContextCustomizer@476a736d, org.springframework.boot.test.autoconfigure.properties.PropertyMappingContextCustomizer@0, org.springframework.boot.test.autoconfigure.web.servlet.WebDriverContextCustomizerFactory$Customizer@8ed9cf], contextLoader = 'org.springframework.test.context.support.DelegatingSmartContextLoader', parent = [null]]]
15:17:29.214 [main] DEBUG org.springframework.test.context.cache - Spring test ApplicationContext cache statistics: [DefaultContextCache@278de2b2 size = 8, maxSize = 32, parentContextCount = 0, hitCount = 586, missCount = 8]
15:17:29.233 [main] DEBUG org.springframework.test.context.cache.DefaultCacheAwareContextLoaderDelegate - Retrieved ApplicationContext [1568286542] from cache with key [[MergedContextConfiguration@64a552 testClass = OrgControllerTest, locations = '{}', classes = '{class com.alkemy.ong.controller.OrgController}', contextInitializerClasses = '[]', activeProfiles = '{}', propertySourceLocations = '{}', propertySourceProperties = '{}', contextCustomizers = set[org.springframework.boot.test.context.filter.ExcludeFilterContextCustomizer@2a389173, org.springframework.boot.test.json.DuplicateJsonObjectContextCustomizerFactory$DuplicateJsonObjectContextCustomizer@795fd838, org.springframework.boot.test.mock.mockito.MockitoContextCustomizer@d0e79068, org.springframework.boot.test.autoconfigure.actuate.metrics.MetricsExportContextCustomizerFactory$DisableMetricExportContextCustomizer@476a736d, org.springframework.boot.test.autoconfigure.properties.PropertyMappingContextCustomizer@0, org.springframework.boot.test.autoconfigure.web.servlet.WebDriverContextCustomizerFactory$Customizer@8ed9cf], contextLoader = 'org.springframework.test.context.support.DelegatingSmartContextLoader', parent = [null]]]
15:17:29.233 [main] DEBUG org.springframework.test.context.cache - Spring test ApplicationContext cache statistics: [DefaultContextCache@278de2b2 size = 8, maxSize = 32, parentContextCount = 0, hitCount = 587, missCount = 8]
15:17:29.234 [main] DEBUG org.springframework.test.context.support.AbstractDirtiesContextTestExecutionListener - After test method: context [DefaultTestContext@545c3628 testClass = OrgControllerTest, testInstance = com.alkemy.ong.controller.OrgControllerTest@64e06cf0, testMethod = slidesList_cuandoRecibeUnIdInexistente_retornarNull@OrgControllerTest, testException = [null], mergedContextConfiguration = [MergedContextConfiguration@64a552 testClass = OrgControllerTest, locations = '{}', classes = '{class com.alkemy.ong.controller.OrgController}', contextInitializerClasses = '[]', activeProfiles = '{}', propertySourceLocations = '{}', propertySourceProperties = '{}', contextCustomizers = set[org.springframework.boot.test.context.filter.ExcludeFilterContextCustomizer@2a389173, org.springframework.boot.test.json.DuplicateJsonObjectContextCustomizerFactory$DuplicateJsonObjectContextCustomizer@795fd838, org.springframework.boot.test.mock.mockito.MockitoContextCustomizer@d0e79068, org.springframework.boot.test.autoconfigure.actuate.metrics.MetricsExportContextCustomizerFactory$DisableMetricExportContextCustomizer@476a736d, org.springframework.boot.test.autoconfigure.properties.PropertyMappingContextCustomizer@0, org.springframework.boot.test.autoconfigure.web.servlet.WebDriverContextCustomizerFactory$Customizer@8ed9cf], contextLoader = 'org.springframework.test.context.support.DelegatingSmartContextLoader', parent = [null]], attributes = map['org.springframework.test.context.event.ApplicationEventsTestExecutionListener.recordApplicationEvents' -> false]], class annotated with @DirtiesContext [false] with mode [null], method annotated with @DirtiesContext [false] with mode [null].
]]></system-out>
  </testcase>
</testsuite>